[0.537s] Invoking command in '/home/fectec/X-ARM_VisualServoing/ros2_ws/build/realsense_gazebo_plugin': CMAKE_PREFIX_PATH=${CMAKE_PREFIX_PATH}:/opt/ros/humble /usr/bin/cmake --build /home/fectec/X-ARM_VisualServoing/ros2_ws/build/realsense_gazebo_plugin -- -j12 -l12
[0.696s] [35m[1mConsolidate compiler generated dependencies of target realsense_gazebo_plugin[0m
[1.077s] [100%] Built target realsense_gazebo_plugin
[1.091s] Invoked command in '/home/fectec/X-ARM_VisualServoing/ros2_ws/build/realsense_gazebo_plugin' returned '0': CMAKE_PREFIX_PATH=${CMAKE_PREFIX_PATH}:/opt/ros/humble /usr/bin/cmake --build /home/fectec/X-ARM_VisualServoing/ros2_ws/build/realsense_gazebo_plugin -- -j12 -l12
[1.094s] Invoking command in '/home/fectec/X-ARM_VisualServoing/ros2_ws/build/realsense_gazebo_plugin': CMAKE_PREFIX_PATH=${CMAKE_PREFIX_PATH}:/opt/ros/humble /usr/bin/cmake --install /home/fectec/X-ARM_VisualServoing/ros2_ws/build/realsense_gazebo_plugin
[1.106s] -- Install configuration: ""
[1.108s] -- Up-to-date: /home/fectec/X-ARM_VisualServoing/ros2_ws/install/realsense_gazebo_plugin/lib/librealsense_gazebo_plugin.so
[1.108s] -- Up-to-date: /home/fectec/X-ARM_VisualServoing/ros2_ws/install/realsense_gazebo_plugin/include/
[1.108s] -- Up-to-date: /home/fectec/X-ARM_VisualServoing/ros2_ws/install/realsense_gazebo_plugin/include//realsense_gazebo_plugin
[1.109s] -- Up-to-date: /home/fectec/X-ARM_VisualServoing/ros2_ws/install/realsense_gazebo_plugin/include//realsense_gazebo_plugin/RealSensePlugin.h
[1.109s] -- Up-to-date: /home/fectec/X-ARM_VisualServoing/ros2_ws/install/realsense_gazebo_plugin/include//realsense_gazebo_plugin/gazebo_ros_realsense.h
[1.110s] -- Up-to-date: /home/fectec/X-ARM_VisualServoing/ros2_ws/install/realsense_gazebo_plugin/share/realsense_gazebo_plugin/environment/library_path.sh
[1.110s] -- Up-to-date: /home/fectec/X-ARM_VisualServoing/ros2_ws/install/realsense_gazebo_plugin/share/realsense_gazebo_plugin/environment/library_path.dsv
[1.111s] -- Up-to-date: /home/fectec/X-ARM_VisualServoing/ros2_ws/install/realsense_gazebo_plugin/share/ament_index/resource_index/package_run_dependencies/realsense_gazebo_plugin
[1.111s] -- Up-to-date: /home/fectec/X-ARM_VisualServoing/ros2_ws/install/realsense_gazebo_plugin/share/ament_index/resource_index/parent_prefix_path/realsense_gazebo_plugin
[1.111s] -- Up-to-date: /home/fectec/X-ARM_VisualServoing/ros2_ws/install/realsense_gazebo_plugin/share/realsense_gazebo_plugin/environment/ament_prefix_path.sh
[1.112s] -- Up-to-date: /home/fectec/X-ARM_VisualServoing/ros2_ws/install/realsense_gazebo_plugin/share/realsense_gazebo_plugin/environment/ament_prefix_path.dsv
[1.112s] -- Up-to-date: /home/fectec/X-ARM_VisualServoing/ros2_ws/install/realsense_gazebo_plugin/share/realsense_gazebo_plugin/environment/path.sh
[1.112s] -- Up-to-date: /home/fectec/X-ARM_VisualServoing/ros2_ws/install/realsense_gazebo_plugin/share/realsense_gazebo_plugin/environment/path.dsv
[1.112s] -- Up-to-date: /home/fectec/X-ARM_VisualServoing/ros2_ws/install/realsense_gazebo_plugin/share/realsense_gazebo_plugin/local_setup.bash
[1.113s] -- Up-to-date: /home/fectec/X-ARM_VisualServoing/ros2_ws/install/realsense_gazebo_plugin/share/realsense_gazebo_plugin/local_setup.sh
[1.113s] -- Up-to-date: /home/fectec/X-ARM_VisualServoing/ros2_ws/install/realsense_gazebo_plugin/share/realsense_gazebo_plugin/local_setup.zsh
[1.113s] -- Up-to-date: /home/fectec/X-ARM_VisualServoing/ros2_ws/install/realsense_gazebo_plugin/share/realsense_gazebo_plugin/local_setup.dsv
[1.113s] -- Installing: /home/fectec/X-ARM_VisualServoing/ros2_ws/install/realsense_gazebo_plugin/share/realsense_gazebo_plugin/package.dsv
[1.113s] -- Up-to-date: /home/fectec/X-ARM_VisualServoing/ros2_ws/install/realsense_gazebo_plugin/share/ament_index/resource_index/packages/realsense_gazebo_plugin
[1.123s] -- Up-to-date: /home/fectec/X-ARM_VisualServoing/ros2_ws/install/realsense_gazebo_plugin/share/realsense_gazebo_plugin/cmake/ament_cmake_export_include_directories-extras.cmake
[1.123s] -- Up-to-date: /home/fectec/X-ARM_VisualServoing/ros2_ws/install/realsense_gazebo_plugin/share/realsense_gazebo_plugin/cmake/ament_cmake_export_libraries-extras.cmake
[1.123s] -- Up-to-date: /home/fectec/X-ARM_VisualServoing/ros2_ws/install/realsense_gazebo_plugin/share/realsense_gazebo_plugin/cmake/realsense_gazebo_pluginConfig.cmake
[1.123s] -- Up-to-date: /home/fectec/X-ARM_VisualServoing/ros2_ws/install/realsense_gazebo_plugin/share/realsense_gazebo_plugin/cmake/realsense_gazebo_pluginConfig-version.cmake
[1.123s] -- Up-to-date: /home/fectec/X-ARM_VisualServoing/ros2_ws/install/realsense_gazebo_plugin/share/realsense_gazebo_plugin/package.xml
[1.126s] Invoked command in '/home/fectec/X-ARM_VisualServoing/ros2_ws/build/realsense_gazebo_plugin' returned '0': CMAKE_PREFIX_PATH=${CMAKE_PREFIX_PATH}:/opt/ros/humble /usr/bin/cmake --install /home/fectec/X-ARM_VisualServoing/ros2_ws/build/realsense_gazebo_plugin
