[0.492s] Invoking command in '/home/fectec/X-ARM_VisualServoing/ros2_ws/build/realsense_gazebo_plugin': CMAKE_PREFIX_PATH=${CMAKE_PREFIX_PATH}:/opt/ros/humble /usr/bin/cmake /home/fectec/X-ARM_VisualServoing/ros2_ws/src/xarm_ros2/thirdparty/realsense_gazebo_plugin -DCMAKE_INSTALL_PREFIX=/home/fectec/X-ARM_VisualServoing/ros2_ws/install/realsense_gazebo_plugin
[0.587s] -- The C compiler identification is GNU 11.4.0
[0.689s] -- The CXX compiler identification is GNU 11.4.0
[0.701s] -- Detecting C compiler ABI info
[0.817s] -- Detecting C compiler ABI info - done
[0.830s] -- Check for working C compiler: /usr/bin/cc - skipped
[0.831s] -- Detecting C compile features
[0.832s] -- Detecting C compile features - done
[0.836s] -- Detecting CXX compiler ABI info
[0.972s] -- Detecting CXX compiler ABI info - done
[0.985s] -- Check for working CXX compiler: /usr/bin/c++ - skipped
[0.986s] -- Detecting CXX compile features
[0.986s] -- Detecting CXX compile features - done
[0.991s] -- Found ament_cmake: 1.3.11 (/opt/ros/humble/share/ament_cmake/cmake)
[1.271s] -- Found Python3: /usr/bin/python3 (found version "3.10.12") found components: Interpreter 
[1.558s] -- Found rclcpp: 16.0.12 (/opt/ros/humble/share/rclcpp/cmake)
[1.695s] -- Found rosidl_generator_c: 3.1.6 (/opt/ros/humble/share/rosidl_generator_c/cmake)
[1.713s] -- Found rosidl_adapter: 3.1.6 (/opt/ros/humble/share/rosidl_adapter/cmake)
[1.747s] -- Found rosidl_generator_cpp: 3.1.6 (/opt/ros/humble/share/rosidl_generator_cpp/cmake)
[1.784s] -- Using all available rosidl_typesupport_c: rosidl_typesupport_fastrtps_c;rosidl_typesupport_introspection_c
[1.842s] -- Using all available rosidl_typesupport_cpp: rosidl_typesupport_fastrtps_cpp;rosidl_typesupport_introspection_cpp
[1.987s] -- Found rmw_implementation_cmake: 6.1.2 (/opt/ros/humble/share/rmw_implementation_cmake/cmake)
[1.996s] -- Found rmw_fastrtps_cpp: 6.2.7 (/opt/ros/humble/share/rmw_fastrtps_cpp/cmake)
[2.399s] -- Found OpenSSL: /usr/lib/x86_64-linux-gnu/libcrypto.so (found version "3.0.2")  
[2.561s] -- Found FastRTPS: /opt/ros/foxy/include  
[2.734s] -- Using RMW implementation 'rmw_fastrtps_cpp' as default
[2.794s] -- Looking for pthread.h
[3.101s] -- Looking for pthread.h - found
[3.105s] -- Performing Test CMAKE_HAVE_LIBC_PTHREAD
[3.482s] -- Performing Test CMAKE_HAVE_LIBC_PTHREAD - Success
[3.488s] -- Found Threads: TRUE  
[3.773s] -- Found gazebo_ros: 3.9.0 (/opt/ros/humble/share/gazebo_ros/cmake)
[3.832s] -- Found PkgConfig: /usr/bin/pkg-config (found version "0.29.2") 
[3.836s] -- Checking for module 'bullet>=2.82'
[3.871s] --   Found bullet, version 3.05
[4.338s] -- Found fcl: /usr/include (found suitable version "0.7.0", minimum required is "0.5.0") 
[4.567s] -- Found assimp: /usr/include (found version "5.2.0") 
[4.670s] -- Found DART: /usr/include (Required is at least version "6.6") found components: dart 
[4.861s] -- Found Boost: /usr/lib/x86_64-linux-gnu/cmake/Boost-1.74.0/BoostConfig.cmake (found suitable version "1.74.0", minimum required is "1.40.0") found components: thread system filesystem program_options regex iostreams date_time 
[4.931s] -- Found Protobuf: /usr/lib/x86_64-linux-gnu/libprotobuf.so (found version "3.12.4") 
[4.963s] -- Looking for ignition-math6 -- found version 6.15.1
[4.996s] -- Searching for dependencies of ignition-math6
[5.009s] -- Looking for OGRE...
[5.010s] -- OGRE_PREFIX_WATCH changed.
[5.034s] -- Checking for module 'OGRE'
[5.080s] --   Found OGRE, version 1.9.0
[5.210s] -- Found Ogre Ghadamon (1.9.0)
[5.248s] -- Found OGRE: optimized;/usr/lib/x86_64-linux-gnu/libOgreMain.so;debug;/usr/lib/x86_64-linux-gnu/libOgreMain.so
[5.276s] -- Looking for OGRE_Paging...
[5.300s] -- Found OGRE_Paging: optimized;/usr/lib/x86_64-linux-gnu/libOgrePaging.so;debug;/usr/lib/x86_64-linux-gnu/libOgrePaging.so
[5.300s] -- Looking for OGRE_Terrain...
[5.324s] -- Found OGRE_Terrain: optimized;/usr/lib/x86_64-linux-gnu/libOgreTerrain.so;debug;/usr/lib/x86_64-linux-gnu/libOgreTerrain.so
[5.324s] -- Looking for OGRE_Property...
[5.347s] -- Found OGRE_Property: optimized;/usr/lib/x86_64-linux-gnu/libOgreProperty.so;debug;/usr/lib/x86_64-linux-gnu/libOgreProperty.so
[5.347s] -- Looking for OGRE_RTShaderSystem...
[5.369s] -- Found OGRE_RTShaderSystem: optimized;/usr/lib/x86_64-linux-gnu/libOgreRTShaderSystem.so;debug;/usr/lib/x86_64-linux-gnu/libOgreRTShaderSystem.so
[5.369s] -- Looking for OGRE_Volume...
[5.392s] -- Found OGRE_Volume: optimized;/usr/lib/x86_64-linux-gnu/libOgreVolume.so;debug;/usr/lib/x86_64-linux-gnu/libOgreVolume.so
[5.392s] -- Looking for OGRE_Overlay...
[5.415s] -- Found OGRE_Overlay: optimized;/usr/lib/x86_64-linux-gnu/libOgreOverlay.so;debug;/usr/lib/x86_64-linux-gnu/libOgreOverlay.so
[5.761s] -- Looking for ignition-math6 -- found version 6.15.1
[5.767s] -- Looking for ignition-transport8 -- found version 8.2.1
[5.768s] -- Searching for dependencies of ignition-transport8
[5.800s] -- Found Protobuf: /usr/lib/x86_64-linux-gnu/libprotobuf.so (found suitable version "3.12.4", minimum required is "3") 
[5.820s] -- Config-file not installed for ZeroMQ -- checking for pkg-config
[5.828s] -- Checking for module 'libzmq >= 4'
[5.859s] --   Found libzmq , version 4.3.4
[5.932s] -- Found ZeroMQ: TRUE (Required is at least version "4") 
[5.946s] -- Checking for module 'uuid'
[5.977s] --   Found uuid, version 2.37.2
[6.045s] -- Found UUID: TRUE  
[6.051s] -- Looking for ignition-msgs5 -- found version 5.8.1
[6.052s] -- Searching for dependencies of ignition-msgs5
[6.090s] -- Looking for ignition-math6 -- found version 6.15.1
[6.102s] -- Checking for module 'tinyxml2'
[6.135s] --   Found tinyxml2, version 9.0.0
[6.209s] -- Looking for ignition-msgs5 -- found version 5.8.1
[6.217s] -- Looking for ignition-common3 -- found version 3.14.0
[6.218s] -- Searching for dependencies of ignition-common3
[6.219s] -- Looking for dlfcn.h - found
[6.221s] -- Looking for libdl - found
[6.225s] -- Found DL: TRUE  
[6.247s] -- Found tinyobjloader: /usr/lib/x86_64-linux-gnu/cmake/tinyobjloader/tinyobjloader-config.cmake (found version "2.0.0") 
[6.250s] -- Searching for <ignition-common3> component [graphics]
[6.254s] -- Looking for ignition-common3-graphics -- found version 3.14.0
[6.255s] -- Searching for dependencies of ignition-common3-graphics
[6.256s] -- Looking for ignition-math6 -- found version 6.15.1
[6.263s] -- Looking for ignition-fuel_tools4 -- found version 4.4.0
[6.264s] -- Searching for dependencies of ignition-fuel_tools4
[6.411s] -- Found CURL: /usr/lib/x86_64-linux-gnu/libcurl.so (found version "7.81.0")  
[6.434s] -- Checking for module 'jsoncpp'
[6.463s] --   Found jsoncpp, version 1.9.5
[6.523s] -- Found JSONCPP: TRUE  
[6.532s] -- Checking for module 'libzip'
[6.557s] --   Found libzip, version 1.7.3
[6.618s] -- Found ZIP: TRUE  
[6.619s] -- Looking for ignition-common3 -- found version 3.14.0
[6.620s] -- Looking for ignition-math6 -- found version 6.15.1
[6.621s] -- Looking for ignition-msgs5 -- found version 5.8.1
[6.631s] -- Gazebo version: 11.10
[6.632s] -- Checking for module 'tbb'
[6.657s] --   Found tbb, version 2021.5.0
[6.724s] -- Found image_transport: 3.1.11 (/opt/ros/humble/share/image_transport/cmake)
[6.878s] -- Found camera_info_manager: 3.1.11 (/opt/ros/humble/share/camera_info_manager/cmake)
[6.924s] -- Found ament_lint_auto: 0.12.12 (/opt/ros/humble/share/ament_lint_auto/cmake)
[7.038s] -- Configuring done
[7.133s] -- Generating done
[7.147s] -- Build files have been written to: /home/fectec/X-ARM_VisualServoing/ros2_ws/build/realsense_gazebo_plugin
[7.176s] Invoked command in '/home/fectec/X-ARM_VisualServoing/ros2_ws/build/realsense_gazebo_plugin' returned '0': CMAKE_PREFIX_PATH=${CMAKE_PREFIX_PATH}:/opt/ros/humble /usr/bin/cmake /home/fectec/X-ARM_VisualServoing/ros2_ws/src/xarm_ros2/thirdparty/realsense_gazebo_plugin -DCMAKE_INSTALL_PREFIX=/home/fectec/X-ARM_VisualServoing/ros2_ws/install/realsense_gazebo_plugin
[7.180s] Invoking command in '/home/fectec/X-ARM_VisualServoing/ros2_ws/build/realsense_gazebo_plugin': CMAKE_PREFIX_PATH=${CMAKE_PREFIX_PATH}:/opt/ros/humble /usr/bin/cmake --build /home/fectec/X-ARM_VisualServoing/ros2_ws/build/realsense_gazebo_plugin -- -j12 -l12
[7.262s] [ 33%] [32mBuilding CXX object CMakeFiles/realsense_gazebo_plugin.dir/src/RealSensePlugin.cpp.o[0m
[7.267s] [ 66%] [32mBuilding CXX object CMakeFiles/realsense_gazebo_plugin.dir/src/gazebo_ros_realsense.cpp.o[0m
[59.443s] [100%] [32m[1mLinking CXX shared library librealsense_gazebo_plugin.so[0m
[60.691s] [100%] Built target realsense_gazebo_plugin
[60.706s] Invoked command in '/home/fectec/X-ARM_VisualServoing/ros2_ws/build/realsense_gazebo_plugin' returned '0': CMAKE_PREFIX_PATH=${CMAKE_PREFIX_PATH}:/opt/ros/humble /usr/bin/cmake --build /home/fectec/X-ARM_VisualServoing/ros2_ws/build/realsense_gazebo_plugin -- -j12 -l12
[60.709s] Invoking command in '/home/fectec/X-ARM_VisualServoing/ros2_ws/build/realsense_gazebo_plugin': CMAKE_PREFIX_PATH=${CMAKE_PREFIX_PATH}:/opt/ros/humble /usr/bin/cmake --install /home/fectec/X-ARM_VisualServoing/ros2_ws/build/realsense_gazebo_plugin
[60.719s] -- Install configuration: ""
[60.719s] -- Installing: /home/fectec/X-ARM_VisualServoing/ros2_ws/install/realsense_gazebo_plugin/lib/librealsense_gazebo_plugin.so
[60.723s] -- Set runtime path of "/home/fectec/X-ARM_VisualServoing/ros2_ws/install/realsense_gazebo_plugin/lib/librealsense_gazebo_plugin.so" to ""
[60.724s] -- Installing: /home/fectec/X-ARM_VisualServoing/ros2_ws/install/realsense_gazebo_plugin/include/
[60.724s] -- Installing: /home/fectec/X-ARM_VisualServoing/ros2_ws/install/realsense_gazebo_plugin/include//realsense_gazebo_plugin
[60.724s] -- Installing: /home/fectec/X-ARM_VisualServoing/ros2_ws/install/realsense_gazebo_plugin/include//realsense_gazebo_plugin/RealSensePlugin.h
[60.724s] -- Installing: /home/fectec/X-ARM_VisualServoing/ros2_ws/install/realsense_gazebo_plugin/include//realsense_gazebo_plugin/gazebo_ros_realsense.h
[60.725s] -- Installing: /home/fectec/X-ARM_VisualServoing/ros2_ws/install/realsense_gazebo_plugin/share/realsense_gazebo_plugin/environment/library_path.sh
[60.725s] -- Installing: /home/fectec/X-ARM_VisualServoing/ros2_ws/install/realsense_gazebo_plugin/share/realsense_gazebo_plugin/environment/library_path.dsv
[60.726s] -- Installing: /home/fectec/X-ARM_VisualServoing/ros2_ws/install/realsense_gazebo_plugin/share/ament_index/resource_index/package_run_dependencies/realsense_gazebo_plugin
[60.726s] -- Installing: /home/fectec/X-ARM_VisualServoing/ros2_ws/install/realsense_gazebo_plugin/share/ament_index/resource_index/parent_prefix_path/realsense_gazebo_plugin
[60.727s] -- Installing: /home/fectec/X-ARM_VisualServoing/ros2_ws/install/realsense_gazebo_plugin/share/realsense_gazebo_plugin/environment/ament_prefix_path.sh
[60.727s] -- Installing: /home/fectec/X-ARM_VisualServoing/ros2_ws/install/realsense_gazebo_plugin/share/realsense_gazebo_plugin/environment/ament_prefix_path.dsv
[60.727s] -- Installing: /home/fectec/X-ARM_VisualServoing/ros2_ws/install/realsense_gazebo_plugin/share/realsense_gazebo_plugin/environment/path.sh
[60.728s] -- Installing: /home/fectec/X-ARM_VisualServoing/ros2_ws/install/realsense_gazebo_plugin/share/realsense_gazebo_plugin/environment/path.dsv
[60.728s] -- Installing: /home/fectec/X-ARM_VisualServoing/ros2_ws/install/realsense_gazebo_plugin/share/realsense_gazebo_plugin/local_setup.bash
[60.728s] -- Installing: /home/fectec/X-ARM_VisualServoing/ros2_ws/install/realsense_gazebo_plugin/share/realsense_gazebo_plugin/local_setup.sh
[60.729s] -- Installing: /home/fectec/X-ARM_VisualServoing/ros2_ws/install/realsense_gazebo_plugin/share/realsense_gazebo_plugin/local_setup.zsh
[60.729s] -- Installing: /home/fectec/X-ARM_VisualServoing/ros2_ws/install/realsense_gazebo_plugin/share/realsense_gazebo_plugin/local_setup.dsv
[60.730s] -- Installing: /home/fectec/X-ARM_VisualServoing/ros2_ws/install/realsense_gazebo_plugin/share/realsense_gazebo_plugin/package.dsv
[60.731s] -- Installing: /home/fectec/X-ARM_VisualServoing/ros2_ws/install/realsense_gazebo_plugin/share/ament_index/resource_index/packages/realsense_gazebo_plugin
[60.731s] -- Installing: /home/fectec/X-ARM_VisualServoing/ros2_ws/install/realsense_gazebo_plugin/share/realsense_gazebo_plugin/cmake/ament_cmake_export_include_directories-extras.cmake
[60.732s] -- Installing: /home/fectec/X-ARM_VisualServoing/ros2_ws/install/realsense_gazebo_plugin/share/realsense_gazebo_plugin/cmake/ament_cmake_export_libraries-extras.cmake
[60.732s] -- Installing: /home/fectec/X-ARM_VisualServoing/ros2_ws/install/realsense_gazebo_plugin/share/realsense_gazebo_plugin/cmake/realsense_gazebo_pluginConfig.cmake
[60.733s] -- Installing: /home/fectec/X-ARM_VisualServoing/ros2_ws/install/realsense_gazebo_plugin/share/realsense_gazebo_plugin/cmake/realsense_gazebo_pluginConfig-version.cmake
[60.733s] -- Installing: /home/fectec/X-ARM_VisualServoing/ros2_ws/install/realsense_gazebo_plugin/share/realsense_gazebo_plugin/package.xml
[60.736s] Invoked command in '/home/fectec/X-ARM_VisualServoing/ros2_ws/build/realsense_gazebo_plugin' returned '0': CMAKE_PREFIX_PATH=${CMAKE_PREFIX_PATH}:/opt/ros/humble /usr/bin/cmake --install /home/fectec/X-ARM_VisualServoing/ros2_ws/build/realsense_gazebo_plugin
