[0.050s] Invoking command in '/home/fectec/X-ARM_VisualServoing/ros2_ws/build/xarm_planner': AMENT_PREFIX_PATH=/home/fectec/X-ARM_VisualServoing/ros2_ws/install/uf_ros_lib:/home/fectec/X-ARM_VisualServoing/ros2_ws/install/xarm_planner:/home/fectec/X-ARM_VisualServoing/ros2_ws/install/xarm_moveit_servo:/home/fectec/X-ARM_VisualServoing/ros2_ws/install/xarm_moveit_config:/home/fectec/X-ARM_VisualServoing/ros2_ws/install/xarm_gazebo:/home/fectec/X-ARM_VisualServoing/ros2_ws/install/xarm_controller:/home/fectec/X-ARM_VisualServoing/ros2_ws/install/xarm_api:/home/fectec/X-ARM_VisualServoing/ros2_ws/install/xarm_sdk:/home/fectec/X-ARM_VisualServoing/ros2_ws/install/xarm_msgs:/home/fectec/X-ARM_VisualServoing/ros2_ws/install/xarm_description:/home/fectec/X-ARM_VisualServoing/ros2_ws/install/realsense_gazebo_plugin:/home/fectec/X-ARM_VisualServoing/ros2_ws/install/mbot_demo:/home/fectec/uros_ws/install/micro_ros_setup:/home/fectec/uros_ws/install/micro_ros_agent:/home/fectec/uros_ws/install/micro_ros_msgs:/opt/ros/humble CMAKE_PREFIX_PATH=/home/fectec/X-ARM_VisualServoing/ros2_ws/install/xarm_moveit_config:/home/fectec/X-ARM_VisualServoing/ros2_ws/install/xarm_gazebo:/home/fectec/X-ARM_VisualServoing/ros2_ws/install/xarm_controller:/home/fectec/X-ARM_VisualServoing/ros2_ws/install/xarm_api:/home/fectec/X-ARM_VisualServoing/ros2_ws/install/xarm_sdk:/home/fectec/X-ARM_VisualServoing/ros2_ws/install/xarm_msgs:/home/fectec/X-ARM_VisualServoing/ros2_ws/install/xarm_description:/home/fectec/X-ARM_VisualServoing/ros2_ws/install/xarm_planner:/home/fectec/X-ARM_VisualServoing/ros2_ws/install/xarm_moveit_servo:/home/fectec/X-ARM_VisualServoing/ros2_ws/install/realsense_gazebo_plugin:/home/fectec/X-ARM_VisualServoing/ros2_ws/install/mbot_demo:/home/fectec/uros_ws/install/micro_ros_setup:/home/fectec/uros_ws/install/micro_ros_agent:/home/fectec/uros_ws/install/micro_ros_msgs:/home/fectec/X-ARM_VisualServoing/ros2_ws/install/uf_ros_lib:/opt/ros/humble LD_LIBRARY_PATH=/home/fectec/X-ARM_VisualServoing/ros2_ws/install/xarm_gazebo/lib:/home/fectec/X-ARM_VisualServoing/ros2_ws/install/xarm_controller/lib:/home/fectec/X-ARM_VisualServoing/ros2_ws/install/xarm_api/lib:/home/fectec/X-ARM_VisualServoing/ros2_ws/install/xarm_sdk/lib:/home/fectec/X-ARM_VisualServoing/ros2_ws/install/xarm_msgs/lib:/home/fectec/X-ARM_VisualServoing/ros2_ws/install/xarm_planner/lib:/home/fectec/X-ARM_VisualServoing/ros2_ws/install/xarm_moveit_servo/lib:/home/fectec/X-ARM_VisualServoing/ros2_ws/install/realsense_gazebo_plugin/lib:/home/fectec/uros_ws/install/micro_ros_agent/lib:/home/fectec/uros_ws/install/micro_ros_msgs/lib:/usr/lib/x86_64-linux-gnu/gazebo-11/plugins:/opt/ros/humble/opt/rviz_ogre_vendor/lib:/opt/ros/humble/lib/x86_64-linux-gnu:/opt/ros/humble/lib PYTHONPATH=/home/fectec/X-ARM_VisualServoing/ros2_ws/install/uf_ros_lib/lib/python3.10/site-packages:/home/fectec/X-ARM_VisualServoing/ros2_ws/install/xarm_msgs/local/lib/python3.10/dist-packages:/home/fectec/uros_ws/install/micro_ros_msgs/local/lib/python3.10/dist-packages:/opt/ros/humble/lib/python3.10/site-packages:/opt/ros/humble/local/lib/python3.10/dist-packages /usr/bin/cmake --build /home/fectec/X-ARM_VisualServoing/ros2_ws/build/xarm_planner -- -j12 -l12
[0.178s] [  9%] Built target test_xarm_gripper_planner_client_joint
[0.180s] [ 18%] Built target test_lite_gripper_realmove
[0.181s] [ 27%] Built target test_xarm_planner_client_joint
[0.182s] [ 36%] Built target test_xarm_planner_client_pose
[0.195s] [ 45%] Built target xarm_planner
[0.278s] [ 54%] Built target test_xarm_planner_api_pose
[0.280s] [ 63%] Built target test_xarm_planner_api_joint
[0.280s] [ 72%] Built target xarm_gripper_planner_node
[0.282s] [ 81%] Built target xarm_planner_node
[0.282s] [ 90%] Built target test_dual_xarm_planner_api_joint
[0.285s] [100%] Built target test_xarm_gripper_planner_api_joint
[0.309s] Invoked command in '/home/fectec/X-ARM_VisualServoing/ros2_ws/build/xarm_planner' returned '0': AMENT_PREFIX_PATH=/home/fectec/X-ARM_VisualServoing/ros2_ws/install/uf_ros_lib:/home/fectec/X-ARM_VisualServoing/ros2_ws/install/xarm_planner:/home/fectec/X-ARM_VisualServoing/ros2_ws/install/xarm_moveit_servo:/home/fectec/X-ARM_VisualServoing/ros2_ws/install/xarm_moveit_config:/home/fectec/X-ARM_VisualServoing/ros2_ws/install/xarm_gazebo:/home/fectec/X-ARM_VisualServoing/ros2_ws/install/xarm_controller:/home/fectec/X-ARM_VisualServoing/ros2_ws/install/xarm_api:/home/fectec/X-ARM_VisualServoing/ros2_ws/install/xarm_sdk:/home/fectec/X-ARM_VisualServoing/ros2_ws/install/xarm_msgs:/home/fectec/X-ARM_VisualServoing/ros2_ws/install/xarm_description:/home/fectec/X-ARM_VisualServoing/ros2_ws/install/realsense_gazebo_plugin:/home/fectec/X-ARM_VisualServoing/ros2_ws/install/mbot_demo:/home/fectec/uros_ws/install/micro_ros_setup:/home/fectec/uros_ws/install/micro_ros_agent:/home/fectec/uros_ws/install/micro_ros_msgs:/opt/ros/humble CMAKE_PREFIX_PATH=/home/fectec/X-ARM_VisualServoing/ros2_ws/install/xarm_moveit_config:/home/fectec/X-ARM_VisualServoing/ros2_ws/install/xarm_gazebo:/home/fectec/X-ARM_VisualServoing/ros2_ws/install/xarm_controller:/home/fectec/X-ARM_VisualServoing/ros2_ws/install/xarm_api:/home/fectec/X-ARM_VisualServoing/ros2_ws/install/xarm_sdk:/home/fectec/X-ARM_VisualServoing/ros2_ws/install/xarm_msgs:/home/fectec/X-ARM_VisualServoing/ros2_ws/install/xarm_description:/home/fectec/X-ARM_VisualServoing/ros2_ws/install/xarm_planner:/home/fectec/X-ARM_VisualServoing/ros2_ws/install/xarm_moveit_servo:/home/fectec/X-ARM_VisualServoing/ros2_ws/install/realsense_gazebo_plugin:/home/fectec/X-ARM_VisualServoing/ros2_ws/install/mbot_demo:/home/fectec/uros_ws/install/micro_ros_setup:/home/fectec/uros_ws/install/micro_ros_agent:/home/fectec/uros_ws/install/micro_ros_msgs:/home/fectec/X-ARM_VisualServoing/ros2_ws/install/uf_ros_lib:/opt/ros/humble LD_LIBRARY_PATH=/home/fectec/X-ARM_VisualServoing/ros2_ws/install/xarm_gazebo/lib:/home/fectec/X-ARM_VisualServoing/ros2_ws/install/xarm_controller/lib:/home/fectec/X-ARM_VisualServoing/ros2_ws/install/xarm_api/lib:/home/fectec/X-ARM_VisualServoing/ros2_ws/install/xarm_sdk/lib:/home/fectec/X-ARM_VisualServoing/ros2_ws/install/xarm_msgs/lib:/home/fectec/X-ARM_VisualServoing/ros2_ws/install/xarm_planner/lib:/home/fectec/X-ARM_VisualServoing/ros2_ws/install/xarm_moveit_servo/lib:/home/fectec/X-ARM_VisualServoing/ros2_ws/install/realsense_gazebo_plugin/lib:/home/fectec/uros_ws/install/micro_ros_agent/lib:/home/fectec/uros_ws/install/micro_ros_msgs/lib:/usr/lib/x86_64-linux-gnu/gazebo-11/plugins:/opt/ros/humble/opt/rviz_ogre_vendor/lib:/opt/ros/humble/lib/x86_64-linux-gnu:/opt/ros/humble/lib PYTHONPATH=/home/fectec/X-ARM_VisualServoing/ros2_ws/install/uf_ros_lib/lib/python3.10/site-packages:/home/fectec/X-ARM_VisualServoing/ros2_ws/install/xarm_msgs/local/lib/python3.10/dist-packages:/home/fectec/uros_ws/install/micro_ros_msgs/local/lib/python3.10/dist-packages:/opt/ros/humble/lib/python3.10/site-packages:/opt/ros/humble/local/lib/python3.10/dist-packages /usr/bin/cmake --build /home/fectec/X-ARM_VisualServoing/ros2_ws/build/xarm_planner -- -j12 -l12
[0.312s] Invoking command in '/home/fectec/X-ARM_VisualServoing/ros2_ws/build/xarm_planner': AMENT_PREFIX_PATH=/home/fectec/X-ARM_VisualServoing/ros2_ws/install/uf_ros_lib:/home/fectec/X-ARM_VisualServoing/ros2_ws/install/xarm_planner:/home/fectec/X-ARM_VisualServoing/ros2_ws/install/xarm_moveit_servo:/home/fectec/X-ARM_VisualServoing/ros2_ws/install/xarm_moveit_config:/home/fectec/X-ARM_VisualServoing/ros2_ws/install/xarm_gazebo:/home/fectec/X-ARM_VisualServoing/ros2_ws/install/xarm_controller:/home/fectec/X-ARM_VisualServoing/ros2_ws/install/xarm_api:/home/fectec/X-ARM_VisualServoing/ros2_ws/install/xarm_sdk:/home/fectec/X-ARM_VisualServoing/ros2_ws/install/xarm_msgs:/home/fectec/X-ARM_VisualServoing/ros2_ws/install/xarm_description:/home/fectec/X-ARM_VisualServoing/ros2_ws/install/realsense_gazebo_plugin:/home/fectec/X-ARM_VisualServoing/ros2_ws/install/mbot_demo:/home/fectec/uros_ws/install/micro_ros_setup:/home/fectec/uros_ws/install/micro_ros_agent:/home/fectec/uros_ws/install/micro_ros_msgs:/opt/ros/humble CMAKE_PREFIX_PATH=/home/fectec/X-ARM_VisualServoing/ros2_ws/install/xarm_moveit_config:/home/fectec/X-ARM_VisualServoing/ros2_ws/install/xarm_gazebo:/home/fectec/X-ARM_VisualServoing/ros2_ws/install/xarm_controller:/home/fectec/X-ARM_VisualServoing/ros2_ws/install/xarm_api:/home/fectec/X-ARM_VisualServoing/ros2_ws/install/xarm_sdk:/home/fectec/X-ARM_VisualServoing/ros2_ws/install/xarm_msgs:/home/fectec/X-ARM_VisualServoing/ros2_ws/install/xarm_description:/home/fectec/X-ARM_VisualServoing/ros2_ws/install/xarm_planner:/home/fectec/X-ARM_VisualServoing/ros2_ws/install/xarm_moveit_servo:/home/fectec/X-ARM_VisualServoing/ros2_ws/install/realsense_gazebo_plugin:/home/fectec/X-ARM_VisualServoing/ros2_ws/install/mbot_demo:/home/fectec/uros_ws/install/micro_ros_setup:/home/fectec/uros_ws/install/micro_ros_agent:/home/fectec/uros_ws/install/micro_ros_msgs:/home/fectec/X-ARM_VisualServoing/ros2_ws/install/uf_ros_lib:/opt/ros/humble LD_LIBRARY_PATH=/home/fectec/X-ARM_VisualServoing/ros2_ws/install/xarm_gazebo/lib:/home/fectec/X-ARM_VisualServoing/ros2_ws/install/xarm_controller/lib:/home/fectec/X-ARM_VisualServoing/ros2_ws/install/xarm_api/lib:/home/fectec/X-ARM_VisualServoing/ros2_ws/install/xarm_sdk/lib:/home/fectec/X-ARM_VisualServoing/ros2_ws/install/xarm_msgs/lib:/home/fectec/X-ARM_VisualServoing/ros2_ws/install/xarm_planner/lib:/home/fectec/X-ARM_VisualServoing/ros2_ws/install/xarm_moveit_servo/lib:/home/fectec/X-ARM_VisualServoing/ros2_ws/install/realsense_gazebo_plugin/lib:/home/fectec/uros_ws/install/micro_ros_agent/lib:/home/fectec/uros_ws/install/micro_ros_msgs/lib:/usr/lib/x86_64-linux-gnu/gazebo-11/plugins:/opt/ros/humble/opt/rviz_ogre_vendor/lib:/opt/ros/humble/lib/x86_64-linux-gnu:/opt/ros/humble/lib PYTHONPATH=/home/fectec/X-ARM_VisualServoing/ros2_ws/install/uf_ros_lib/lib/python3.10/site-packages:/home/fectec/X-ARM_VisualServoing/ros2_ws/install/xarm_msgs/local/lib/python3.10/dist-packages:/home/fectec/uros_ws/install/micro_ros_msgs/local/lib/python3.10/dist-packages:/opt/ros/humble/lib/python3.10/site-packages:/opt/ros/humble/local/lib/python3.10/dist-packages /usr/bin/cmake --install /home/fectec/X-ARM_VisualServoing/ros2_ws/build/xarm_planner
[0.328s] -- Install configuration: ""
[0.328s] -- Up-to-date: /home/fectec/X-ARM_VisualServoing/ros2_ws/install/xarm_planner/include
[0.328s] -- Up-to-date: /home/fectec/X-ARM_VisualServoing/ros2_ws/install/xarm_planner/include/xarm_planner
[0.328s] -- Up-to-date: /home/fectec/X-ARM_VisualServoing/ros2_ws/install/xarm_planner/include/xarm_planner/xarm_planner.h
[0.328s] -- Up-to-date: /home/fectec/X-ARM_VisualServoing/ros2_ws/install/xarm_planner/lib/libxarm_planner.so
[0.329s] -- Up-to-date: /home/fectec/X-ARM_VisualServoing/ros2_ws/install/xarm_planner/lib/xarm_planner/xarm_planner_node
[0.329s] -- Up-to-date: /home/fectec/X-ARM_VisualServoing/ros2_ws/install/xarm_planner/lib/xarm_planner/xarm_gripper_planner_node
[0.330s] -- Up-to-date: /home/fectec/X-ARM_VisualServoing/ros2_ws/install/xarm_planner/lib/xarm_planner/test_xarm_planner_api_joint
[0.330s] -- Up-to-date: /home/fectec/X-ARM_VisualServoing/ros2_ws/install/xarm_planner/lib/xarm_planner/test_dual_xarm_planner_api_joint
[0.331s] -- Up-to-date: /home/fectec/X-ARM_VisualServoing/ros2_ws/install/xarm_planner/lib/xarm_planner/test_xarm_planner_api_pose
[0.331s] -- Up-to-date: /home/fectec/X-ARM_VisualServoing/ros2_ws/install/xarm_planner/lib/xarm_planner/test_xarm_gripper_planner_api_joint
[0.332s] -- Up-to-date: /home/fectec/X-ARM_VisualServoing/ros2_ws/install/xarm_planner/lib/xarm_planner/test_xarm_planner_client_joint
[0.332s] -- Up-to-date: /home/fectec/X-ARM_VisualServoing/ros2_ws/install/xarm_planner/lib/xarm_planner/test_xarm_planner_client_pose
[0.333s] -- Up-to-date: /home/fectec/X-ARM_VisualServoing/ros2_ws/install/xarm_planner/lib/xarm_planner/test_xarm_gripper_planner_client_joint
[0.333s] -- Up-to-date: /home/fectec/X-ARM_VisualServoing/ros2_ws/install/xarm_planner/lib/xarm_planner/test_lite_gripper_realmove
[0.334s] -- Up-to-date: /home/fectec/X-ARM_VisualServoing/ros2_ws/install/xarm_planner/share/xarm_planner//launch
[0.334s] -- Up-to-date: /home/fectec/X-ARM_VisualServoing/ros2_ws/install/xarm_planner/share/xarm_planner//launch/xarm7_planner_realmove.launch.py
[0.335s] -- Up-to-date: /home/fectec/X-ARM_VisualServoing/ros2_ws/install/xarm_planner/share/xarm_planner//launch/test_move_group.launch.py
[0.336s] -- Up-to-date: /home/fectec/X-ARM_VisualServoing/ros2_ws/install/xarm_planner/share/xarm_planner//launch/xarm7_mirror_planner_fake.launch.py
[0.336s] -- Up-to-date: /home/fectec/X-ARM_VisualServoing/ros2_ws/install/xarm_planner/share/xarm_planner//launch/xarm6_planner_fake.launch.py
[0.336s] -- Up-to-date: /home/fectec/X-ARM_VisualServoing/ros2_ws/install/xarm_planner/share/xarm_planner//launch/lite6_planner_realmove.launch.py
[0.337s] -- Up-to-date: /home/fectec/X-ARM_VisualServoing/ros2_ws/install/xarm_planner/share/xarm_planner//launch/xarm5_planner_realmove.launch.py
[0.337s] -- Up-to-date: /home/fectec/X-ARM_VisualServoing/ros2_ws/install/xarm_planner/share/xarm_planner//launch/test_lite_gripper_realmove.launch.py
[0.337s] -- Up-to-date: /home/fectec/X-ARM_VisualServoing/ros2_ws/install/xarm_planner/share/xarm_planner//launch/lite6_planner_gazebo.launch.py
[0.338s] -- Up-to-date: /home/fectec/X-ARM_VisualServoing/ros2_ws/install/xarm_planner/share/xarm_planner//launch/uf850_planner_gazebo.launch.py
[0.338s] -- Up-to-date: /home/fectec/X-ARM_VisualServoing/ros2_ws/install/xarm_planner/share/xarm_planner//launch/xarm5_planner_fake.launch.py
[0.338s] -- Up-to-date: /home/fectec/X-ARM_VisualServoing/ros2_ws/install/xarm_planner/share/xarm_planner//launch/xarm7_planner_fake.launch.py
[0.338s] -- Up-to-date: /home/fectec/X-ARM_VisualServoing/ros2_ws/install/xarm_planner/share/xarm_planner//launch/test_dual_xarm_planner_api_joint.launch.py
[0.339s] -- Up-to-date: /home/fectec/X-ARM_VisualServoing/ros2_ws/install/xarm_planner/share/xarm_planner//launch/test_xarm_gripper_planner_client_joint.launch.py
[0.339s] -- Up-to-date: /home/fectec/X-ARM_VisualServoing/ros2_ws/install/xarm_planner/share/xarm_planner//launch/xarm6_planner_gazebo.launch.py
[0.339s] -- Up-to-date: /home/fectec/X-ARM_VisualServoing/ros2_ws/install/xarm_planner/share/xarm_planner//launch/_robot_planner.launch.py
[0.339s] -- Up-to-date: /home/fectec/X-ARM_VisualServoing/ros2_ws/install/xarm_planner/share/xarm_planner//launch/test_xarm_planner_client_joint.launch.py
[0.339s] -- Up-to-date: /home/fectec/X-ARM_VisualServoing/ros2_ws/install/xarm_planner/share/xarm_planner//launch/xarm7_mirror_planner_gazebo.launch.py
[0.340s] -- Up-to-date: /home/fectec/X-ARM_VisualServoing/ros2_ws/install/xarm_planner/share/xarm_planner//launch/xarm5_planner_gazebo.launch.py
[0.340s] -- Up-to-date: /home/fectec/X-ARM_VisualServoing/ros2_ws/install/xarm_planner/share/xarm_planner//launch/test_xarm_planner_client_pose.launch.py
[0.340s] -- Up-to-date: /home/fectec/X-ARM_VisualServoing/ros2_ws/install/xarm_planner/share/xarm_planner//launch/xarm7_mirror_planner_realmove.launch.py
[0.340s] -- Up-to-date: /home/fectec/X-ARM_VisualServoing/ros2_ws/install/xarm_planner/share/xarm_planner//launch/xarm6_planner_realmove.launch.py
[0.340s] -- Up-to-date: /home/fectec/X-ARM_VisualServoing/ros2_ws/install/xarm_planner/share/xarm_planner//launch/test_xarm_gripper_planner_api_joint.launch.py
[0.340s] -- Up-to-date: /home/fectec/X-ARM_VisualServoing/ros2_ws/install/xarm_planner/share/xarm_planner//launch/xarm7_planner_gazebo.launch.py
[0.340s] -- Up-to-date: /home/fectec/X-ARM_VisualServoing/ros2_ws/install/xarm_planner/share/xarm_planner//launch/_dual_robot_planner.launch.py
[0.341s] -- Up-to-date: /home/fectec/X-ARM_VisualServoing/ros2_ws/install/xarm_planner/share/xarm_planner//launch/uf850_planner_fake.launch.py
[0.341s] -- Up-to-date: /home/fectec/X-ARM_VisualServoing/ros2_ws/install/xarm_planner/share/xarm_planner//launch/lite6_planner_fake.launch.py
[0.341s] -- Up-to-date: /home/fectec/X-ARM_VisualServoing/ros2_ws/install/xarm_planner/share/xarm_planner//launch/test_xarm_planner_api_joint.launch.py
[0.341s] -- Up-to-date: /home/fectec/X-ARM_VisualServoing/ros2_ws/install/xarm_planner/share/xarm_planner//launch/uf850_planner_realmove.launch.py
[0.342s] -- Up-to-date: /home/fectec/X-ARM_VisualServoing/ros2_ws/install/xarm_planner/share/xarm_planner//launch/test_xarm_planner_api_pose.launch.py
[0.342s] -- Up-to-date: /home/fectec/X-ARM_VisualServoing/ros2_ws/install/xarm_planner/share/ament_index/resource_index/package_run_dependencies/xarm_planner
[0.342s] -- Up-to-date: /home/fectec/X-ARM_VisualServoing/ros2_ws/install/xarm_planner/share/ament_index/resource_index/parent_prefix_path/xarm_planner
[0.342s] -- Up-to-date: /home/fectec/X-ARM_VisualServoing/ros2_ws/install/xarm_planner/share/xarm_planner/environment/ament_prefix_path.sh
[0.342s] -- Up-to-date: /home/fectec/X-ARM_VisualServoing/ros2_ws/install/xarm_planner/share/xarm_planner/environment/ament_prefix_path.dsv
[0.342s] -- Up-to-date: /home/fectec/X-ARM_VisualServoing/ros2_ws/install/xarm_planner/share/xarm_planner/environment/path.sh
[0.342s] -- Up-to-date: /home/fectec/X-ARM_VisualServoing/ros2_ws/install/xarm_planner/share/xarm_planner/environment/path.dsv
[0.343s] -- Up-to-date: /home/fectec/X-ARM_VisualServoing/ros2_ws/install/xarm_planner/share/xarm_planner/local_setup.bash
[0.343s] -- Up-to-date: /home/fectec/X-ARM_VisualServoing/ros2_ws/install/xarm_planner/share/xarm_planner/local_setup.sh
[0.343s] -- Up-to-date: /home/fectec/X-ARM_VisualServoing/ros2_ws/install/xarm_planner/share/xarm_planner/local_setup.zsh
[0.343s] -- Up-to-date: /home/fectec/X-ARM_VisualServoing/ros2_ws/install/xarm_planner/share/xarm_planner/local_setup.dsv
[0.344s] -- Installing: /home/fectec/X-ARM_VisualServoing/ros2_ws/install/xarm_planner/share/xarm_planner/package.dsv
[0.344s] -- Up-to-date: /home/fectec/X-ARM_VisualServoing/ros2_ws/install/xarm_planner/share/ament_index/resource_index/packages/xarm_planner
[0.345s] -- Up-to-date: /home/fectec/X-ARM_VisualServoing/ros2_ws/install/xarm_planner/share/xarm_planner/cmake/xarm_plannerConfig.cmake
[0.345s] -- Up-to-date: /home/fectec/X-ARM_VisualServoing/ros2_ws/install/xarm_planner/share/xarm_planner/cmake/xarm_plannerConfig-version.cmake
[0.345s] -- Up-to-date: /home/fectec/X-ARM_VisualServoing/ros2_ws/install/xarm_planner/share/xarm_planner/package.xml
[0.346s] Invoked command in '/home/fectec/X-ARM_VisualServoing/ros2_ws/build/xarm_planner' returned '0': AMENT_PREFIX_PATH=/home/fectec/X-ARM_VisualServoing/ros2_ws/install/uf_ros_lib:/home/fectec/X-ARM_VisualServoing/ros2_ws/install/xarm_planner:/home/fectec/X-ARM_VisualServoing/ros2_ws/install/xarm_moveit_servo:/home/fectec/X-ARM_VisualServoing/ros2_ws/install/xarm_moveit_config:/home/fectec/X-ARM_VisualServoing/ros2_ws/install/xarm_gazebo:/home/fectec/X-ARM_VisualServoing/ros2_ws/install/xarm_controller:/home/fectec/X-ARM_VisualServoing/ros2_ws/install/xarm_api:/home/fectec/X-ARM_VisualServoing/ros2_ws/install/xarm_sdk:/home/fectec/X-ARM_VisualServoing/ros2_ws/install/xarm_msgs:/home/fectec/X-ARM_VisualServoing/ros2_ws/install/xarm_description:/home/fectec/X-ARM_VisualServoing/ros2_ws/install/realsense_gazebo_plugin:/home/fectec/X-ARM_VisualServoing/ros2_ws/install/mbot_demo:/home/fectec/uros_ws/install/micro_ros_setup:/home/fectec/uros_ws/install/micro_ros_agent:/home/fectec/uros_ws/install/micro_ros_msgs:/opt/ros/humble CMAKE_PREFIX_PATH=/home/fectec/X-ARM_VisualServoing/ros2_ws/install/xarm_moveit_config:/home/fectec/X-ARM_VisualServoing/ros2_ws/install/xarm_gazebo:/home/fectec/X-ARM_VisualServoing/ros2_ws/install/xarm_controller:/home/fectec/X-ARM_VisualServoing/ros2_ws/install/xarm_api:/home/fectec/X-ARM_VisualServoing/ros2_ws/install/xarm_sdk:/home/fectec/X-ARM_VisualServoing/ros2_ws/install/xarm_msgs:/home/fectec/X-ARM_VisualServoing/ros2_ws/install/xarm_description:/home/fectec/X-ARM_VisualServoing/ros2_ws/install/xarm_planner:/home/fectec/X-ARM_VisualServoing/ros2_ws/install/xarm_moveit_servo:/home/fectec/X-ARM_VisualServoing/ros2_ws/install/realsense_gazebo_plugin:/home/fectec/X-ARM_VisualServoing/ros2_ws/install/mbot_demo:/home/fectec/uros_ws/install/micro_ros_setup:/home/fectec/uros_ws/install/micro_ros_agent:/home/fectec/uros_ws/install/micro_ros_msgs:/home/fectec/X-ARM_VisualServoing/ros2_ws/install/uf_ros_lib:/opt/ros/humble LD_LIBRARY_PATH=/home/fectec/X-ARM_VisualServoing/ros2_ws/install/xarm_gazebo/lib:/home/fectec/X-ARM_VisualServoing/ros2_ws/install/xarm_controller/lib:/home/fectec/X-ARM_VisualServoing/ros2_ws/install/xarm_api/lib:/home/fectec/X-ARM_VisualServoing/ros2_ws/install/xarm_sdk/lib:/home/fectec/X-ARM_VisualServoing/ros2_ws/install/xarm_msgs/lib:/home/fectec/X-ARM_VisualServoing/ros2_ws/install/xarm_planner/lib:/home/fectec/X-ARM_VisualServoing/ros2_ws/install/xarm_moveit_servo/lib:/home/fectec/X-ARM_VisualServoing/ros2_ws/install/realsense_gazebo_plugin/lib:/home/fectec/uros_ws/install/micro_ros_agent/lib:/home/fectec/uros_ws/install/micro_ros_msgs/lib:/usr/lib/x86_64-linux-gnu/gazebo-11/plugins:/opt/ros/humble/opt/rviz_ogre_vendor/lib:/opt/ros/humble/lib/x86_64-linux-gnu:/opt/ros/humble/lib PYTHONPATH=/home/fectec/X-ARM_VisualServoing/ros2_ws/install/uf_ros_lib/lib/python3.10/site-packages:/home/fectec/X-ARM_VisualServoing/ros2_ws/install/xarm_msgs/local/lib/python3.10/dist-packages:/home/fectec/uros_ws/install/micro_ros_msgs/local/lib/python3.10/dist-packages:/opt/ros/humble/lib/python3.10/site-packages:/opt/ros/humble/local/lib/python3.10/dist-packages /usr/bin/cmake --install /home/fectec/X-ARM_VisualServoing/ros2_ws/build/xarm_planner
