[0.031s] Invoking command in '/home/fectec/X-ARM_VisualServoing/ros2_ws/build/xarm_gazebo': AMENT_PREFIX_PATH=/home/fectec/X-ARM_VisualServoing/ros2_ws/install/xarm_controller:/home/fectec/X-ARM_VisualServoing/ros2_ws/install/xarm_api:/home/fectec/X-ARM_VisualServoing/ros2_ws/install/xarm_sdk:/home/fectec/X-ARM_VisualServoing/ros2_ws/install/xarm_msgs:/home/fectec/X-ARM_VisualServoing/ros2_ws/install/xarm_description:/home/fectec/X-ARM_VisualServoing/ros2_ws/install/uf_ros_lib:${AMENT_PREFIX_PATH} CMAKE_PREFIX_PATH=/home/fectec/X-ARM_VisualServoing/ros2_ws/install/xarm_controller:/home/fectec/X-ARM_VisualServoing/ros2_ws/install/xarm_api:/home/fectec/X-ARM_VisualServoing/ros2_ws/install/xarm_sdk:/home/fectec/X-ARM_VisualServoing/ros2_ws/install/xarm_msgs:/home/fectec/X-ARM_VisualServoing/ros2_ws/install/xarm_description:/home/fectec/uros_ws/install/micro_ros_setup:/home/fectec/uros_ws/install/micro_ros_agent:/home/fectec/uros_ws/install/micro_ros_msgs:/opt/ros/humble LD_LIBRARY_PATH=/home/fectec/X-ARM_VisualServoing/ros2_ws/install/xarm_controller/lib:/home/fectec/X-ARM_VisualServoing/ros2_ws/install/xarm_api/lib:/home/fectec/X-ARM_VisualServoing/ros2_ws/install/xarm_sdk/lib:/home/fectec/X-ARM_VisualServoing/ros2_ws/install/xarm_msgs/lib:${LD_LIBRARY_PATH} PYTHONPATH=/home/fectec/X-ARM_VisualServoing/ros2_ws/install/xarm_msgs/local/lib/python3.10/dist-packages:/home/fectec/X-ARM_VisualServoing/ros2_ws/install/uf_ros_lib/lib/python3.10/site-packages:${PYTHONPATH} /usr/bin/cmake --build /home/fectec/X-ARM_VisualServoing/ros2_ws/build/xarm_gazebo -- -j12 -l12
[0.117s] [35m[1mConsolidate compiler generated dependencies of target gazebo_mimic_joint_plugin[0m
[0.180s] [100%] Built target gazebo_mimic_joint_plugin
[0.198s] Invoked command in '/home/fectec/X-ARM_VisualServoing/ros2_ws/build/xarm_gazebo' returned '0': AMENT_PREFIX_PATH=/home/fectec/X-ARM_VisualServoing/ros2_ws/install/xarm_controller:/home/fectec/X-ARM_VisualServoing/ros2_ws/install/xarm_api:/home/fectec/X-ARM_VisualServoing/ros2_ws/install/xarm_sdk:/home/fectec/X-ARM_VisualServoing/ros2_ws/install/xarm_msgs:/home/fectec/X-ARM_VisualServoing/ros2_ws/install/xarm_description:/home/fectec/X-ARM_VisualServoing/ros2_ws/install/uf_ros_lib:${AMENT_PREFIX_PATH} CMAKE_PREFIX_PATH=/home/fectec/X-ARM_VisualServoing/ros2_ws/install/xarm_controller:/home/fectec/X-ARM_VisualServoing/ros2_ws/install/xarm_api:/home/fectec/X-ARM_VisualServoing/ros2_ws/install/xarm_sdk:/home/fectec/X-ARM_VisualServoing/ros2_ws/install/xarm_msgs:/home/fectec/X-ARM_VisualServoing/ros2_ws/install/xarm_description:/home/fectec/uros_ws/install/micro_ros_setup:/home/fectec/uros_ws/install/micro_ros_agent:/home/fectec/uros_ws/install/micro_ros_msgs:/opt/ros/humble LD_LIBRARY_PATH=/home/fectec/X-ARM_VisualServoing/ros2_ws/install/xarm_controller/lib:/home/fectec/X-ARM_VisualServoing/ros2_ws/install/xarm_api/lib:/home/fectec/X-ARM_VisualServoing/ros2_ws/install/xarm_sdk/lib:/home/fectec/X-ARM_VisualServoing/ros2_ws/install/xarm_msgs/lib:${LD_LIBRARY_PATH} PYTHONPATH=/home/fectec/X-ARM_VisualServoing/ros2_ws/install/xarm_msgs/local/lib/python3.10/dist-packages:/home/fectec/X-ARM_VisualServoing/ros2_ws/install/uf_ros_lib/lib/python3.10/site-packages:${PYTHONPATH} /usr/bin/cmake --build /home/fectec/X-ARM_VisualServoing/ros2_ws/build/xarm_gazebo -- -j12 -l12
[0.201s] Invoking command in '/home/fectec/X-ARM_VisualServoing/ros2_ws/build/xarm_gazebo': AMENT_PREFIX_PATH=/home/fectec/X-ARM_VisualServoing/ros2_ws/install/xarm_controller:/home/fectec/X-ARM_VisualServoing/ros2_ws/install/xarm_api:/home/fectec/X-ARM_VisualServoing/ros2_ws/install/xarm_sdk:/home/fectec/X-ARM_VisualServoing/ros2_ws/install/xarm_msgs:/home/fectec/X-ARM_VisualServoing/ros2_ws/install/xarm_description:/home/fectec/X-ARM_VisualServoing/ros2_ws/install/uf_ros_lib:${AMENT_PREFIX_PATH} CMAKE_PREFIX_PATH=/home/fectec/X-ARM_VisualServoing/ros2_ws/install/xarm_controller:/home/fectec/X-ARM_VisualServoing/ros2_ws/install/xarm_api:/home/fectec/X-ARM_VisualServoing/ros2_ws/install/xarm_sdk:/home/fectec/X-ARM_VisualServoing/ros2_ws/install/xarm_msgs:/home/fectec/X-ARM_VisualServoing/ros2_ws/install/xarm_description:/home/fectec/uros_ws/install/micro_ros_setup:/home/fectec/uros_ws/install/micro_ros_agent:/home/fectec/uros_ws/install/micro_ros_msgs:/opt/ros/humble LD_LIBRARY_PATH=/home/fectec/X-ARM_VisualServoing/ros2_ws/install/xarm_controller/lib:/home/fectec/X-ARM_VisualServoing/ros2_ws/install/xarm_api/lib:/home/fectec/X-ARM_VisualServoing/ros2_ws/install/xarm_sdk/lib:/home/fectec/X-ARM_VisualServoing/ros2_ws/install/xarm_msgs/lib:${LD_LIBRARY_PATH} PYTHONPATH=/home/fectec/X-ARM_VisualServoing/ros2_ws/install/xarm_msgs/local/lib/python3.10/dist-packages:/home/fectec/X-ARM_VisualServoing/ros2_ws/install/uf_ros_lib/lib/python3.10/site-packages:${PYTHONPATH} /usr/bin/cmake --install /home/fectec/X-ARM_VisualServoing/ros2_ws/build/xarm_gazebo
[0.214s] -- Install configuration: ""
[0.214s] -- Up-to-date: /home/fectec/X-ARM_VisualServoing/ros2_ws/install/xarm_gazebo/include
[0.214s] -- Up-to-date: /home/fectec/X-ARM_VisualServoing/ros2_ws/install/xarm_gazebo/include/xarm_gazebo
[0.214s] -- Up-to-date: /home/fectec/X-ARM_VisualServoing/ros2_ws/install/xarm_gazebo/include/xarm_gazebo/mimic_joint_plugin.h
[0.215s] -- Up-to-date: /home/fectec/X-ARM_VisualServoing/ros2_ws/install/xarm_gazebo/lib/libgazebo_mimic_joint_plugin.so
[0.215s] -- Up-to-date: /home/fectec/X-ARM_VisualServoing/ros2_ws/install/xarm_gazebo/share/xarm_gazebo//worlds
[0.216s] -- Up-to-date: /home/fectec/X-ARM_VisualServoing/ros2_ws/install/xarm_gazebo/share/xarm_gazebo//worlds/table.world
[0.216s] -- Up-to-date: /home/fectec/X-ARM_VisualServoing/ros2_ws/install/xarm_gazebo/share/xarm_gazebo//launch
[0.216s] -- Up-to-date: /home/fectec/X-ARM_VisualServoing/ros2_ws/install/xarm_gazebo/share/xarm_gazebo//launch/xarm5_beside_table_gazebo.launch.py
[0.216s] -- Up-to-date: /home/fectec/X-ARM_VisualServoing/ros2_ws/install/xarm_gazebo/share/xarm_gazebo//launch/lite6_beside_table_gazebo.launch.py
[0.217s] -- Up-to-date: /home/fectec/X-ARM_VisualServoing/ros2_ws/install/xarm_gazebo/share/xarm_gazebo//launch/uf850_beside_table_gazebo.launch.py
[0.217s] -- Up-to-date: /home/fectec/X-ARM_VisualServoing/ros2_ws/install/xarm_gazebo/share/xarm_gazebo//launch/_robot_beside_table_ignition.launch.py
[0.217s] -- Up-to-date: /home/fectec/X-ARM_VisualServoing/ros2_ws/install/xarm_gazebo/share/xarm_gazebo//launch/xarm7_mirror_beside_table_gazebo.launch.py
[0.217s] -- Up-to-date: /home/fectec/X-ARM_VisualServoing/ros2_ws/install/xarm_gazebo/share/xarm_gazebo//launch/xarm6_beside_table_gazebo.launch.py
[0.217s] -- Up-to-date: /home/fectec/X-ARM_VisualServoing/ros2_ws/install/xarm_gazebo/share/xarm_gazebo//launch/_dual_robot_beside_table_gazebo.launch.py
[0.218s] -- Up-to-date: /home/fectec/X-ARM_VisualServoing/ros2_ws/install/xarm_gazebo/share/xarm_gazebo//launch/xarm7_beside_table_gazebo.launch.py
[0.218s] -- Up-to-date: /home/fectec/X-ARM_VisualServoing/ros2_ws/install/xarm_gazebo/share/xarm_gazebo//launch/_robot_beside_table_gazebo.launch.py
[0.218s] -- Up-to-date: /home/fectec/X-ARM_VisualServoing/ros2_ws/install/xarm_gazebo/share/ament_index/resource_index/package_run_dependencies/xarm_gazebo
[0.218s] -- Up-to-date: /home/fectec/X-ARM_VisualServoing/ros2_ws/install/xarm_gazebo/share/ament_index/resource_index/parent_prefix_path/xarm_gazebo
[0.218s] -- Up-to-date: /home/fectec/X-ARM_VisualServoing/ros2_ws/install/xarm_gazebo/share/xarm_gazebo/environment/ament_prefix_path.sh
[0.218s] -- Up-to-date: /home/fectec/X-ARM_VisualServoing/ros2_ws/install/xarm_gazebo/share/xarm_gazebo/environment/ament_prefix_path.dsv
[0.219s] -- Up-to-date: /home/fectec/X-ARM_VisualServoing/ros2_ws/install/xarm_gazebo/share/xarm_gazebo/environment/path.sh
[0.219s] -- Up-to-date: /home/fectec/X-ARM_VisualServoing/ros2_ws/install/xarm_gazebo/share/xarm_gazebo/environment/path.dsv
[0.219s] -- Up-to-date: /home/fectec/X-ARM_VisualServoing/ros2_ws/install/xarm_gazebo/share/xarm_gazebo/local_setup.bash
[0.219s] -- Up-to-date: /home/fectec/X-ARM_VisualServoing/ros2_ws/install/xarm_gazebo/share/xarm_gazebo/local_setup.sh
[0.219s] -- Up-to-date: /home/fectec/X-ARM_VisualServoing/ros2_ws/install/xarm_gazebo/share/xarm_gazebo/local_setup.zsh
[0.219s] -- Up-to-date: /home/fectec/X-ARM_VisualServoing/ros2_ws/install/xarm_gazebo/share/xarm_gazebo/local_setup.dsv
[0.220s] -- Installing: /home/fectec/X-ARM_VisualServoing/ros2_ws/install/xarm_gazebo/share/xarm_gazebo/package.dsv
[0.220s] -- Up-to-date: /home/fectec/X-ARM_VisualServoing/ros2_ws/install/xarm_gazebo/share/ament_index/resource_index/packages/xarm_gazebo
[0.220s] -- Up-to-date: /home/fectec/X-ARM_VisualServoing/ros2_ws/install/xarm_gazebo/share/xarm_gazebo/cmake/xarm_gazeboConfig.cmake
[0.220s] -- Up-to-date: /home/fectec/X-ARM_VisualServoing/ros2_ws/install/xarm_gazebo/share/xarm_gazebo/cmake/xarm_gazeboConfig-version.cmake
[0.220s] -- Up-to-date: /home/fectec/X-ARM_VisualServoing/ros2_ws/install/xarm_gazebo/share/xarm_gazebo/package.xml
[0.221s] Invoked command in '/home/fectec/X-ARM_VisualServoing/ros2_ws/build/xarm_gazebo' returned '0': AMENT_PREFIX_PATH=/home/fectec/X-ARM_VisualServoing/ros2_ws/install/xarm_controller:/home/fectec/X-ARM_VisualServoing/ros2_ws/install/xarm_api:/home/fectec/X-ARM_VisualServoing/ros2_ws/install/xarm_sdk:/home/fectec/X-ARM_VisualServoing/ros2_ws/install/xarm_msgs:/home/fectec/X-ARM_VisualServoing/ros2_ws/install/xarm_description:/home/fectec/X-ARM_VisualServoing/ros2_ws/install/uf_ros_lib:${AMENT_PREFIX_PATH} CMAKE_PREFIX_PATH=/home/fectec/X-ARM_VisualServoing/ros2_ws/install/xarm_controller:/home/fectec/X-ARM_VisualServoing/ros2_ws/install/xarm_api:/home/fectec/X-ARM_VisualServoing/ros2_ws/install/xarm_sdk:/home/fectec/X-ARM_VisualServoing/ros2_ws/install/xarm_msgs:/home/fectec/X-ARM_VisualServoing/ros2_ws/install/xarm_description:/home/fectec/uros_ws/install/micro_ros_setup:/home/fectec/uros_ws/install/micro_ros_agent:/home/fectec/uros_ws/install/micro_ros_msgs:/opt/ros/humble LD_LIBRARY_PATH=/home/fectec/X-ARM_VisualServoing/ros2_ws/install/xarm_controller/lib:/home/fectec/X-ARM_VisualServoing/ros2_ws/install/xarm_api/lib:/home/fectec/X-ARM_VisualServoing/ros2_ws/install/xarm_sdk/lib:/home/fectec/X-ARM_VisualServoing/ros2_ws/install/xarm_msgs/lib:${LD_LIBRARY_PATH} PYTHONPATH=/home/fectec/X-ARM_VisualServoing/ros2_ws/install/xarm_msgs/local/lib/python3.10/dist-packages:/home/fectec/X-ARM_VisualServoing/ros2_ws/install/uf_ros_lib/lib/python3.10/site-packages:${PYTHONPATH} /usr/bin/cmake --install /home/fectec/X-ARM_VisualServoing/ros2_ws/build/xarm_gazebo
