[0.020s] Invoking command in '/home/fectec/X-ARM_VisualServoing/ros2_ws/build/xarm_api': AMENT_PREFIX_PATH=/home/fectec/X-ARM_VisualServoing/ros2_ws/install/xarm_sdk:/home/fectec/X-ARM_VisualServoing/ros2_ws/install/xarm_msgs:/home/fectec/X-ARM_VisualServoing/ros2_ws/install/xarm_description:${AMENT_PREFIX_PATH} CMAKE_PREFIX_PATH=/home/fectec/X-ARM_VisualServoing/ros2_ws/install/xarm_sdk:/home/fectec/X-ARM_VisualServoing/ros2_ws/install/xarm_msgs:/home/fectec/X-ARM_VisualServoing/ros2_ws/install/xarm_description:/home/fectec/uros_ws/install/micro_ros_setup:/home/fectec/uros_ws/install/micro_ros_agent:/home/fectec/uros_ws/install/micro_ros_msgs:/opt/ros/humble LD_LIBRARY_PATH=/home/fectec/X-ARM_VisualServoing/ros2_ws/install/xarm_sdk/lib:/home/fectec/X-ARM_VisualServoing/ros2_ws/install/xarm_msgs/lib:${LD_LIBRARY_PATH} PYTHONPATH=/home/fectec/X-ARM_VisualServoing/ros2_ws/install/xarm_msgs/local/lib/python3.10/dist-packages:${PYTHONPATH} /usr/bin/cmake /home/fectec/X-ARM_VisualServoing/ros2_ws/src/xarm_ros2/xarm_api -DCMAKE_INSTALL_PREFIX=/home/fectec/X-ARM_VisualServoing/ros2_ws/install/xarm_api
[0.096s] -- The C compiler identification is GNU 11.4.0
[0.171s] -- The CXX compiler identification is GNU 11.4.0
[0.178s] -- Detecting C compiler ABI info
[0.261s] -- Detecting C compiler ABI info - done
[0.271s] -- Check for working C compiler: /usr/bin/cc - skipped
[0.271s] -- Detecting C compile features
[0.272s] -- Detecting C compile features - done
[0.275s] -- Detecting CXX compiler ABI info
[0.379s] -- Detecting CXX compiler ABI info - done
[0.389s] -- Check for working CXX compiler: /usr/bin/c++ - skipped
[0.389s] -- Detecting CXX compile features
[0.390s] -- Detecting CXX compile features - done
[0.393s] -- Found ament_cmake: 1.3.11 (/opt/ros/humble/share/ament_cmake/cmake)
[0.564s] -- Found Python3: /usr/bin/python3 (found version "3.10.12") found components: Interpreter 
[0.694s] -- Found ament_lint_auto: 0.12.12 (/opt/ros/humble/share/ament_lint_auto/cmake)
[0.807s] -- Found rclcpp: 16.0.12 (/opt/ros/humble/share/rclcpp/cmake)
[0.894s] -- Found rosidl_generator_c: 3.1.6 (/opt/ros/humble/share/rosidl_generator_c/cmake)
[0.907s] -- Found rosidl_adapter: 3.1.6 (/opt/ros/humble/share/rosidl_adapter/cmake)
[0.925s] -- Found rosidl_generator_cpp: 3.1.6 (/opt/ros/humble/share/rosidl_generator_cpp/cmake)
[0.950s] -- Using all available rosidl_typesupport_c: rosidl_typesupport_fastrtps_c;rosidl_typesupport_introspection_c
[0.983s] -- Using all available rosidl_typesupport_cpp: rosidl_typesupport_fastrtps_cpp;rosidl_typesupport_introspection_cpp
[1.077s] -- Found rmw_implementation_cmake: 6.1.2 (/opt/ros/humble/share/rmw_implementation_cmake/cmake)
[1.082s] -- Found rmw_fastrtps_cpp: 6.2.7 (/opt/ros/humble/share/rmw_fastrtps_cpp/cmake)
[1.217s] -- Found OpenSSL: /usr/lib/x86_64-linux-gnu/libcrypto.so (found version "3.0.2")  
[1.261s] -- Found FastRTPS: /opt/ros/humble/include  
[1.312s] -- Using RMW implementation 'rmw_fastrtps_cpp' as default
[1.329s] -- Looking for pthread.h
[1.407s] -- Looking for pthread.h - found
[1.408s] -- Performing Test CMAKE_HAVE_LIBC_PTHREAD
[1.508s] -- Performing Test CMAKE_HAVE_LIBC_PTHREAD - Success
[1.509s] -- Found Threads: TRUE  
[1.620s] -- Found rclcpp_action: 16.0.12 (/opt/ros/humble/share/rclcpp_action/cmake)
[1.695s] -- Found sensor_msgs: 4.8.0 (/opt/ros/humble/share/sensor_msgs/cmake)
[1.747s] -- Found control_msgs: 4.8.0 (/opt/ros/humble/share/control_msgs/cmake)
[1.819s] -- Found xarm_msgs: 0.0.0 (/home/fectec/X-ARM_VisualServoing/ros2_ws/install/xarm_msgs/share/xarm_msgs/cmake)
[1.833s] -- Found xarm_sdk: 0.0.0 (/home/fectec/X-ARM_VisualServoing/ros2_ws/install/xarm_sdk/share/xarm_sdk/cmake)
[1.855s] -- Added test 'copyright' to check source files copyright and LICENSE
[1.857s] -- Added test 'cppcheck' to perform static code analysis on C / C++ code
[1.858s] -- Configured cppcheck include dirs: /home/fectec/X-ARM_VisualServoing/ros2_ws/src/xarm_ros2/xarm_api/include
[1.858s] -- Configured cppcheck exclude dirs and/or files: 
[1.860s] -- Added test 'cpplint' to check C / C++ code against the Google style
[1.860s] -- Configured cpplint exclude dirs and/or files: 
[1.861s] -- Added test 'flake8' to check Python code syntax and style conventions
[1.862s] -- Added test 'lint_cmake' to check CMake code style
[1.863s] -- Added test 'pep257' to check Python code against some of the docstring style conventions in PEP 257
[1.865s] -- Added test 'uncrustify' to check C / C++ code style
[1.865s] -- Configured uncrustify additional arguments: 
[1.866s] -- Added test 'xmllint' to check XML markup files
[1.869s] -- Configuring done
[1.908s] -- Generating done
[1.923s] -- Build files have been written to: /home/fectec/X-ARM_VisualServoing/ros2_ws/build/xarm_api
[1.933s] Invoked command in '/home/fectec/X-ARM_VisualServoing/ros2_ws/build/xarm_api' returned '0': AMENT_PREFIX_PATH=/home/fectec/X-ARM_VisualServoing/ros2_ws/install/xarm_sdk:/home/fectec/X-ARM_VisualServoing/ros2_ws/install/xarm_msgs:/home/fectec/X-ARM_VisualServoing/ros2_ws/install/xarm_description:${AMENT_PREFIX_PATH} CMAKE_PREFIX_PATH=/home/fectec/X-ARM_VisualServoing/ros2_ws/install/xarm_sdk:/home/fectec/X-ARM_VisualServoing/ros2_ws/install/xarm_msgs:/home/fectec/X-ARM_VisualServoing/ros2_ws/install/xarm_description:/home/fectec/uros_ws/install/micro_ros_setup:/home/fectec/uros_ws/install/micro_ros_agent:/home/fectec/uros_ws/install/micro_ros_msgs:/opt/ros/humble LD_LIBRARY_PATH=/home/fectec/X-ARM_VisualServoing/ros2_ws/install/xarm_sdk/lib:/home/fectec/X-ARM_VisualServoing/ros2_ws/install/xarm_msgs/lib:${LD_LIBRARY_PATH} PYTHONPATH=/home/fectec/X-ARM_VisualServoing/ros2_ws/install/xarm_msgs/local/lib/python3.10/dist-packages:${PYTHONPATH} /usr/bin/cmake /home/fectec/X-ARM_VisualServoing/ros2_ws/src/xarm_ros2/xarm_api -DCMAKE_INSTALL_PREFIX=/home/fectec/X-ARM_VisualServoing/ros2_ws/install/xarm_api
[1.936s] Invoking command in '/home/fectec/X-ARM_VisualServoing/ros2_ws/build/xarm_api': AMENT_PREFIX_PATH=/home/fectec/X-ARM_VisualServoing/ros2_ws/install/xarm_sdk:/home/fectec/X-ARM_VisualServoing/ros2_ws/install/xarm_msgs:/home/fectec/X-ARM_VisualServoing/ros2_ws/install/xarm_description:${AMENT_PREFIX_PATH} CMAKE_PREFIX_PATH=/home/fectec/X-ARM_VisualServoing/ros2_ws/install/xarm_sdk:/home/fectec/X-ARM_VisualServoing/ros2_ws/install/xarm_msgs:/home/fectec/X-ARM_VisualServoing/ros2_ws/install/xarm_description:/home/fectec/uros_ws/install/micro_ros_setup:/home/fectec/uros_ws/install/micro_ros_agent:/home/fectec/uros_ws/install/micro_ros_msgs:/opt/ros/humble LD_LIBRARY_PATH=/home/fectec/X-ARM_VisualServoing/ros2_ws/install/xarm_sdk/lib:/home/fectec/X-ARM_VisualServoing/ros2_ws/install/xarm_msgs/lib:${LD_LIBRARY_PATH} PYTHONPATH=/home/fectec/X-ARM_VisualServoing/ros2_ws/install/xarm_msgs/local/lib/python3.10/dist-packages:${PYTHONPATH} /usr/bin/cmake --build /home/fectec/X-ARM_VisualServoing/ros2_ws/build/xarm_api -- -j12 -l12
[2.003s] [ 23%] [32mBuilding CXX object CMakeFiles/test_robot_states.dir/test/test_robot_states.cpp.o[0m
[2.003s] [ 23%] [32mBuilding CXX object CMakeFiles/xarm_ros_client.dir/src/xarm_ros_client.cpp.o[0m
[2.003s] [ 23%] [32mBuilding CXX object CMakeFiles/xarm_ros_driver.dir/src/xarm_driver.cpp.o[0m
[2.003s] [ 30%] [32mBuilding CXX object CMakeFiles/xarm_ros_driver.dir/src/xarm_driver_service.cpp.o[0m
[23.157s] [ 38%] [32m[1mLinking CXX executable test_robot_states[0m
[24.291s] [ 38%] Built target test_robot_states
[37.913s] [ 46%] [32m[1mLinking CXX shared library libxarm_ros_client.so[0m
[40.937s] [ 46%] Built target xarm_ros_client
[40.972s] [ 61%] [32mBuilding CXX object CMakeFiles/test_xarm_velo_move.dir/test/test_xarm_velo_move.cpp.o[0m
[40.972s] [ 61%] [32mBuilding CXX object CMakeFiles/test_xarm_ros_client.dir/test/test_xarm_ros_client.cpp.o[0m
[51.176s] [ 69%] [32m[1mLinking CXX executable test_xarm_velo_move[0m
[51.197s] [ 76%] [32m[1mLinking CXX executable test_xarm_ros_client[0m
[53.038s] [ 76%] Built target test_xarm_ros_client
[53.038s] [ 76%] Built target test_xarm_velo_move
[55.401s] [ 84%] [32m[1mLinking CXX shared library libxarm_ros_driver.so[0m
[60.102s] [ 84%] Built target xarm_ros_driver
[60.136s] [ 92%] [32mBuilding CXX object CMakeFiles/xarm_driver_node.dir/src/xarm_driver_node.cpp.o[0m
[67.917s] [100%] [32m[1mLinking CXX executable xarm_driver_node[0m
[69.646s] [100%] Built target xarm_driver_node
[69.668s] Invoked command in '/home/fectec/X-ARM_VisualServoing/ros2_ws/build/xarm_api' returned '0': AMENT_PREFIX_PATH=/home/fectec/X-ARM_VisualServoing/ros2_ws/install/xarm_sdk:/home/fectec/X-ARM_VisualServoing/ros2_ws/install/xarm_msgs:/home/fectec/X-ARM_VisualServoing/ros2_ws/install/xarm_description:${AMENT_PREFIX_PATH} CMAKE_PREFIX_PATH=/home/fectec/X-ARM_VisualServoing/ros2_ws/install/xarm_sdk:/home/fectec/X-ARM_VisualServoing/ros2_ws/install/xarm_msgs:/home/fectec/X-ARM_VisualServoing/ros2_ws/install/xarm_description:/home/fectec/uros_ws/install/micro_ros_setup:/home/fectec/uros_ws/install/micro_ros_agent:/home/fectec/uros_ws/install/micro_ros_msgs:/opt/ros/humble LD_LIBRARY_PATH=/home/fectec/X-ARM_VisualServoing/ros2_ws/install/xarm_sdk/lib:/home/fectec/X-ARM_VisualServoing/ros2_ws/install/xarm_msgs/lib:${LD_LIBRARY_PATH} PYTHONPATH=/home/fectec/X-ARM_VisualServoing/ros2_ws/install/xarm_msgs/local/lib/python3.10/dist-packages:${PYTHONPATH} /usr/bin/cmake --build /home/fectec/X-ARM_VisualServoing/ros2_ws/build/xarm_api -- -j12 -l12
[69.671s] Invoking command in '/home/fectec/X-ARM_VisualServoing/ros2_ws/build/xarm_api': AMENT_PREFIX_PATH=/home/fectec/X-ARM_VisualServoing/ros2_ws/install/xarm_sdk:/home/fectec/X-ARM_VisualServoing/ros2_ws/install/xarm_msgs:/home/fectec/X-ARM_VisualServoing/ros2_ws/install/xarm_description:${AMENT_PREFIX_PATH} CMAKE_PREFIX_PATH=/home/fectec/X-ARM_VisualServoing/ros2_ws/install/xarm_sdk:/home/fectec/X-ARM_VisualServoing/ros2_ws/install/xarm_msgs:/home/fectec/X-ARM_VisualServoing/ros2_ws/install/xarm_description:/home/fectec/uros_ws/install/micro_ros_setup:/home/fectec/uros_ws/install/micro_ros_agent:/home/fectec/uros_ws/install/micro_ros_msgs:/opt/ros/humble LD_LIBRARY_PATH=/home/fectec/X-ARM_VisualServoing/ros2_ws/install/xarm_sdk/lib:/home/fectec/X-ARM_VisualServoing/ros2_ws/install/xarm_msgs/lib:${LD_LIBRARY_PATH} PYTHONPATH=/home/fectec/X-ARM_VisualServoing/ros2_ws/install/xarm_msgs/local/lib/python3.10/dist-packages:${PYTHONPATH} /usr/bin/cmake --install /home/fectec/X-ARM_VisualServoing/ros2_ws/build/xarm_api
[69.681s] -- Install configuration: ""
[69.681s] -- Installing: /home/fectec/X-ARM_VisualServoing/ros2_ws/install/xarm_api/share/xarm_api/environment/library_path.sh
[69.681s] -- Installing: /home/fectec/X-ARM_VisualServoing/ros2_ws/install/xarm_api/share/xarm_api/environment/library_path.dsv
[69.682s] -- Installing: /home/fectec/X-ARM_VisualServoing/ros2_ws/install/xarm_api/include
[69.682s] -- Installing: /home/fectec/X-ARM_VisualServoing/ros2_ws/install/xarm_api/include/xarm_api
[69.682s] -- Installing: /home/fectec/X-ARM_VisualServoing/ros2_ws/install/xarm_api/include/xarm_api/visibility_control.h
[69.683s] -- Installing: /home/fectec/X-ARM_VisualServoing/ros2_ws/install/xarm_api/include/xarm_api/xarm_ros_client.h
[69.683s] -- Installing: /home/fectec/X-ARM_VisualServoing/ros2_ws/install/xarm_api/include/xarm_api/xarm_driver.h
[69.684s] -- Installing: /home/fectec/X-ARM_VisualServoing/ros2_ws/install/xarm_api/include/xarm_api/xarm_msgs.h
[69.684s] -- Installing: /home/fectec/X-ARM_VisualServoing/ros2_ws/install/xarm_api/lib/libxarm_ros_driver.so
[69.734s] -- Set runtime path of "/home/fectec/X-ARM_VisualServoing/ros2_ws/install/xarm_api/lib/libxarm_ros_driver.so" to ""
[69.734s] -- Installing: /home/fectec/X-ARM_VisualServoing/ros2_ws/install/xarm_api/lib/libxarm_ros_client.so
[69.760s] -- Set runtime path of "/home/fectec/X-ARM_VisualServoing/ros2_ws/install/xarm_api/lib/libxarm_ros_client.so" to ""
[69.761s] -- Installing: /home/fectec/X-ARM_VisualServoing/ros2_ws/install/xarm_api/lib/xarm_api/xarm_driver_node
[69.766s] -- Set runtime path of "/home/fectec/X-ARM_VisualServoing/ros2_ws/install/xarm_api/lib/xarm_api/xarm_driver_node" to ""
[69.766s] -- Installing: /home/fectec/X-ARM_VisualServoing/ros2_ws/install/xarm_api/lib/xarm_api/test_xarm_ros_client
[69.767s] -- Set runtime path of "/home/fectec/X-ARM_VisualServoing/ros2_ws/install/xarm_api/lib/xarm_api/test_xarm_ros_client" to ""
[69.767s] -- Installing: /home/fectec/X-ARM_VisualServoing/ros2_ws/install/xarm_api/lib/xarm_api/test_xarm_velo_move
[69.768s] -- Set runtime path of "/home/fectec/X-ARM_VisualServoing/ros2_ws/install/xarm_api/lib/xarm_api/test_xarm_velo_move" to ""
[69.768s] -- Installing: /home/fectec/X-ARM_VisualServoing/ros2_ws/install/xarm_api/lib/xarm_api/test_robot_states
[69.777s] -- Set runtime path of "/home/fectec/X-ARM_VisualServoing/ros2_ws/install/xarm_api/lib/xarm_api/test_robot_states" to ""
[69.777s] -- Installing: /home/fectec/X-ARM_VisualServoing/ros2_ws/install/xarm_api/share/xarm_api//launch
[69.777s] -- Installing: /home/fectec/X-ARM_VisualServoing/ros2_ws/install/xarm_api/share/xarm_api//launch/xarm7_driver.launch.py
[69.777s] -- Installing: /home/fectec/X-ARM_VisualServoing/ros2_ws/install/xarm_api/share/xarm_api//launch/lib
[69.777s] -- Installing: /home/fectec/X-ARM_VisualServoing/ros2_ws/install/xarm_api/share/xarm_api//launch/lib/robot_api_lib.py
[69.778s] -- Installing: /home/fectec/X-ARM_VisualServoing/ros2_ws/install/xarm_api/share/xarm_api//launch/lite6_driver.launch.py
[69.778s] -- Installing: /home/fectec/X-ARM_VisualServoing/ros2_ws/install/xarm_api/share/xarm_api//launch/_robot_driver.launch.py
[69.779s] -- Installing: /home/fectec/X-ARM_VisualServoing/ros2_ws/install/xarm_api/share/xarm_api//launch/xarm5_driver.launch.py
[69.779s] -- Installing: /home/fectec/X-ARM_VisualServoing/ros2_ws/install/xarm_api/share/xarm_api//launch/xarm6_driver.launch.py
[69.779s] -- Installing: /home/fectec/X-ARM_VisualServoing/ros2_ws/install/xarm_api/share/xarm_api//launch/uf850_driver.launch.py
[69.780s] -- Installing: /home/fectec/X-ARM_VisualServoing/ros2_ws/install/xarm_api/share/xarm_api//config
[69.780s] -- Installing: /home/fectec/X-ARM_VisualServoing/ros2_ws/install/xarm_api/share/xarm_api//config/xarm_params.yaml
[69.780s] -- Installing: /home/fectec/X-ARM_VisualServoing/ros2_ws/install/xarm_api/share/ament_index/resource_index/package_run_dependencies/xarm_api
[69.781s] -- Installing: /home/fectec/X-ARM_VisualServoing/ros2_ws/install/xarm_api/share/ament_index/resource_index/parent_prefix_path/xarm_api
[69.781s] -- Installing: /home/fectec/X-ARM_VisualServoing/ros2_ws/install/xarm_api/share/xarm_api/environment/ament_prefix_path.sh
[69.782s] -- Installing: /home/fectec/X-ARM_VisualServoing/ros2_ws/install/xarm_api/share/xarm_api/environment/ament_prefix_path.dsv
[69.782s] -- Installing: /home/fectec/X-ARM_VisualServoing/ros2_ws/install/xarm_api/share/xarm_api/environment/path.sh
[69.782s] -- Installing: /home/fectec/X-ARM_VisualServoing/ros2_ws/install/xarm_api/share/xarm_api/environment/path.dsv
[69.782s] -- Installing: /home/fectec/X-ARM_VisualServoing/ros2_ws/install/xarm_api/share/xarm_api/local_setup.bash
[69.783s] -- Installing: /home/fectec/X-ARM_VisualServoing/ros2_ws/install/xarm_api/share/xarm_api/local_setup.sh
[69.783s] -- Installing: /home/fectec/X-ARM_VisualServoing/ros2_ws/install/xarm_api/share/xarm_api/local_setup.zsh
[69.784s] -- Installing: /home/fectec/X-ARM_VisualServoing/ros2_ws/install/xarm_api/share/xarm_api/local_setup.dsv
[69.784s] -- Installing: /home/fectec/X-ARM_VisualServoing/ros2_ws/install/xarm_api/share/xarm_api/package.dsv
[69.785s] -- Installing: /home/fectec/X-ARM_VisualServoing/ros2_ws/install/xarm_api/share/ament_index/resource_index/packages/xarm_api
[69.785s] -- Installing: /home/fectec/X-ARM_VisualServoing/ros2_ws/install/xarm_api/share/xarm_api/cmake/ament_cmake_export_libraries-extras.cmake
[69.785s] -- Installing: /home/fectec/X-ARM_VisualServoing/ros2_ws/install/xarm_api/share/xarm_api/cmake/ament_cmake_export_include_directories-extras.cmake
[69.786s] -- Installing: /home/fectec/X-ARM_VisualServoing/ros2_ws/install/xarm_api/share/xarm_api/cmake/xarm_apiConfig.cmake
[69.786s] -- Installing: /home/fectec/X-ARM_VisualServoing/ros2_ws/install/xarm_api/share/xarm_api/cmake/xarm_apiConfig-version.cmake
[69.787s] -- Installing: /home/fectec/X-ARM_VisualServoing/ros2_ws/install/xarm_api/share/xarm_api/package.xml
[69.790s] Invoked command in '/home/fectec/X-ARM_VisualServoing/ros2_ws/build/xarm_api' returned '0': AMENT_PREFIX_PATH=/home/fectec/X-ARM_VisualServoing/ros2_ws/install/xarm_sdk:/home/fectec/X-ARM_VisualServoing/ros2_ws/install/xarm_msgs:/home/fectec/X-ARM_VisualServoing/ros2_ws/install/xarm_description:${AMENT_PREFIX_PATH} CMAKE_PREFIX_PATH=/home/fectec/X-ARM_VisualServoing/ros2_ws/install/xarm_sdk:/home/fectec/X-ARM_VisualServoing/ros2_ws/install/xarm_msgs:/home/fectec/X-ARM_VisualServoing/ros2_ws/install/xarm_description:/home/fectec/uros_ws/install/micro_ros_setup:/home/fectec/uros_ws/install/micro_ros_agent:/home/fectec/uros_ws/install/micro_ros_msgs:/opt/ros/humble LD_LIBRARY_PATH=/home/fectec/X-ARM_VisualServoing/ros2_ws/install/xarm_sdk/lib:/home/fectec/X-ARM_VisualServoing/ros2_ws/install/xarm_msgs/lib:${LD_LIBRARY_PATH} PYTHONPATH=/home/fectec/X-ARM_VisualServoing/ros2_ws/install/xarm_msgs/local/lib/python3.10/dist-packages:${PYTHONPATH} /usr/bin/cmake --install /home/fectec/X-ARM_VisualServoing/ros2_ws/build/xarm_api
