[0.033s] Invoking command in '/home/fectec/X-ARM_VisualServoing/ros2_ws/build/xarm_controller': AMENT_PREFIX_PATH=/home/fectec/X-ARM_VisualServoing/ros2_ws/install/xarm_api:/home/fectec/X-ARM_VisualServoing/ros2_ws/install/xarm_sdk:/home/fectec/X-ARM_VisualServoing/ros2_ws/install/xarm_msgs:/home/fectec/X-ARM_VisualServoing/ros2_ws/install/xarm_description:${AMENT_PREFIX_PATH} CMAKE_PREFIX_PATH=/home/fectec/X-ARM_VisualServoing/ros2_ws/install/xarm_api:/home/fectec/X-ARM_VisualServoing/ros2_ws/install/xarm_sdk:/home/fectec/X-ARM_VisualServoing/ros2_ws/install/xarm_msgs:/home/fectec/X-ARM_VisualServoing/ros2_ws/install/xarm_description:/home/fectec/uros_ws/install/micro_ros_setup:/home/fectec/uros_ws/install/micro_ros_agent:/home/fectec/uros_ws/install/micro_ros_msgs:/opt/ros/humble LD_LIBRARY_PATH=/home/fectec/X-ARM_VisualServoing/ros2_ws/install/xarm_api/lib:/home/fectec/X-ARM_VisualServoing/ros2_ws/install/xarm_sdk/lib:/home/fectec/X-ARM_VisualServoing/ros2_ws/install/xarm_msgs/lib:${LD_LIBRARY_PATH} PYTHONPATH=/home/fectec/X-ARM_VisualServoing/ros2_ws/install/xarm_msgs/local/lib/python3.10/dist-packages:${PYTHONPATH} /usr/bin/cmake /home/fectec/X-ARM_VisualServoing/ros2_ws/src/xarm_ros2/xarm_controller -DCMAKE_INSTALL_PREFIX=/home/fectec/X-ARM_VisualServoing/ros2_ws/install/xarm_controller
[0.129s] -- The C compiler identification is GNU 11.4.0
[0.217s] -- The CXX compiler identification is GNU 11.4.0
[0.229s] -- Detecting C compiler ABI info
[0.337s] -- Detecting C compiler ABI info - done
[0.348s] -- Check for working C compiler: /usr/bin/cc - skipped
[0.354s] -- Detecting C compile features
[0.355s] -- Detecting C compile features - done
[0.360s] -- Detecting CXX compiler ABI info
[0.474s] -- Detecting CXX compiler ABI info - done
[0.485s] -- Check for working CXX compiler: /usr/bin/c++ - skipped
[0.486s] -- Detecting CXX compile features
[0.486s] -- Detecting CXX compile features - done
[0.508s] -- Found ament_cmake: 1.3.11 (/opt/ros/humble/share/ament_cmake/cmake)
[0.755s] -- Found Python3: /usr/bin/python3 (found version "3.10.12") found components: Interpreter 
[0.948s] -- Found ament_lint_auto: 0.12.12 (/opt/ros/humble/share/ament_lint_auto/cmake)
[1.115s] -- Found hardware_interface: 2.50.0 (/opt/ros/humble/share/hardware_interface/cmake)
[1.227s] -- Found rosidl_generator_c: 3.1.6 (/opt/ros/humble/share/rosidl_generator_c/cmake)
[1.237s] -- Found rosidl_adapter: 3.1.6 (/opt/ros/humble/share/rosidl_adapter/cmake)
[1.255s] -- Found rosidl_generator_cpp: 3.1.6 (/opt/ros/humble/share/rosidl_generator_cpp/cmake)
[1.280s] -- Using all available rosidl_typesupport_c: rosidl_typesupport_fastrtps_c;rosidl_typesupport_introspection_c
[1.312s] -- Using all available rosidl_typesupport_cpp: rosidl_typesupport_fastrtps_cpp;rosidl_typesupport_introspection_cpp
[1.701s] -- Found rmw_implementation_cmake: 6.1.2 (/opt/ros/humble/share/rmw_implementation_cmake/cmake)
[1.708s] -- Found rmw_fastrtps_cpp: 6.2.7 (/opt/ros/humble/share/rmw_fastrtps_cpp/cmake)
[1.767s] -- Found TinyXML2 via Config file: TinyXML2_DIR-NOTFOUND
[1.849s] -- Found OpenSSL: /usr/lib/x86_64-linux-gnu/libcrypto.so (found version "3.0.2")  
[1.854s] -- Found TinyXML2 via Config file: TinyXML2_DIR-NOTFOUND
[1.882s] -- Found FastRTPS: /opt/ros/humble/include  
[1.887s] -- Found TinyXML2 via Config file: TinyXML2_DIR-NOTFOUND
[1.899s] -- Found TinyXML2 via Config file: TinyXML2_DIR-NOTFOUND
[1.911s] -- Using RMW implementation 'rmw_fastrtps_cpp' as default
[1.931s] -- Looking for pthread.h
[2.033s] -- Looking for pthread.h - found
[2.034s] -- Performing Test CMAKE_HAVE_LIBC_PTHREAD
[2.141s] -- Performing Test CMAKE_HAVE_LIBC_PTHREAD - Success
[2.144s] -- Found Threads: TRUE  
[2.253s] -- Found rclcpp_action: 16.0.12 (/opt/ros/humble/share/rclcpp_action/cmake)
[2.278s] -- Found controller_manager_msgs: 2.50.0 (/opt/ros/humble/share/controller_manager_msgs/cmake)
[2.315s] -- Found xarm_msgs: 0.0.0 (/home/fectec/X-ARM_VisualServoing/ros2_ws/install/xarm_msgs/share/xarm_msgs/cmake)
[2.344s] -- Found xarm_api: 0.0.0 (/home/fectec/X-ARM_VisualServoing/ros2_ws/install/xarm_api/share/xarm_api/cmake)
[2.347s] -- Found xarm_sdk: 0.0.0 (/home/fectec/X-ARM_VisualServoing/ros2_ws/install/xarm_sdk/share/xarm_sdk/cmake)
[2.377s] -- Added test 'copyright' to check source files copyright and LICENSE
[2.384s] -- Added test 'cppcheck' to perform static code analysis on C / C++ code
[2.384s] -- Configured cppcheck include dirs: /home/fectec/X-ARM_VisualServoing/ros2_ws/src/xarm_ros2/xarm_controller/include
[2.384s] -- Configured cppcheck exclude dirs and/or files: 
[2.389s] -- Added test 'cpplint' to check C / C++ code against the Google style
[2.389s] -- Configured cpplint exclude dirs and/or files: 
[2.391s] -- Added test 'flake8' to check Python code syntax and style conventions
[2.392s] -- Added test 'lint_cmake' to check CMake code style
[2.393s] -- Added test 'pep257' to check Python code against some of the docstring style conventions in PEP 257
[2.396s] -- Added test 'uncrustify' to check C / C++ code style
[2.396s] -- Configured uncrustify additional arguments: 
[2.398s] -- Added test 'xmllint' to check XML markup files
[2.406s] -- Configuring done
[2.507s] -- Generating done
[2.514s] -- Build files have been written to: /home/fectec/X-ARM_VisualServoing/ros2_ws/build/xarm_controller
[2.533s] Invoked command in '/home/fectec/X-ARM_VisualServoing/ros2_ws/build/xarm_controller' returned '0': AMENT_PREFIX_PATH=/home/fectec/X-ARM_VisualServoing/ros2_ws/install/xarm_api:/home/fectec/X-ARM_VisualServoing/ros2_ws/install/xarm_sdk:/home/fectec/X-ARM_VisualServoing/ros2_ws/install/xarm_msgs:/home/fectec/X-ARM_VisualServoing/ros2_ws/install/xarm_description:${AMENT_PREFIX_PATH} CMAKE_PREFIX_PATH=/home/fectec/X-ARM_VisualServoing/ros2_ws/install/xarm_api:/home/fectec/X-ARM_VisualServoing/ros2_ws/install/xarm_sdk:/home/fectec/X-ARM_VisualServoing/ros2_ws/install/xarm_msgs:/home/fectec/X-ARM_VisualServoing/ros2_ws/install/xarm_description:/home/fectec/uros_ws/install/micro_ros_setup:/home/fectec/uros_ws/install/micro_ros_agent:/home/fectec/uros_ws/install/micro_ros_msgs:/opt/ros/humble LD_LIBRARY_PATH=/home/fectec/X-ARM_VisualServoing/ros2_ws/install/xarm_api/lib:/home/fectec/X-ARM_VisualServoing/ros2_ws/install/xarm_sdk/lib:/home/fectec/X-ARM_VisualServoing/ros2_ws/install/xarm_msgs/lib:${LD_LIBRARY_PATH} PYTHONPATH=/home/fectec/X-ARM_VisualServoing/ros2_ws/install/xarm_msgs/local/lib/python3.10/dist-packages:${PYTHONPATH} /usr/bin/cmake /home/fectec/X-ARM_VisualServoing/ros2_ws/src/xarm_ros2/xarm_controller -DCMAKE_INSTALL_PREFIX=/home/fectec/X-ARM_VisualServoing/ros2_ws/install/xarm_controller
[2.537s] Invoking command in '/home/fectec/X-ARM_VisualServoing/ros2_ws/build/xarm_controller': AMENT_PREFIX_PATH=/home/fectec/X-ARM_VisualServoing/ros2_ws/install/xarm_api:/home/fectec/X-ARM_VisualServoing/ros2_ws/install/xarm_sdk:/home/fectec/X-ARM_VisualServoing/ros2_ws/install/xarm_msgs:/home/fectec/X-ARM_VisualServoing/ros2_ws/install/xarm_description:${AMENT_PREFIX_PATH} CMAKE_PREFIX_PATH=/home/fectec/X-ARM_VisualServoing/ros2_ws/install/xarm_api:/home/fectec/X-ARM_VisualServoing/ros2_ws/install/xarm_sdk:/home/fectec/X-ARM_VisualServoing/ros2_ws/install/xarm_msgs:/home/fectec/X-ARM_VisualServoing/ros2_ws/install/xarm_description:/home/fectec/uros_ws/install/micro_ros_setup:/home/fectec/uros_ws/install/micro_ros_agent:/home/fectec/uros_ws/install/micro_ros_msgs:/opt/ros/humble LD_LIBRARY_PATH=/home/fectec/X-ARM_VisualServoing/ros2_ws/install/xarm_api/lib:/home/fectec/X-ARM_VisualServoing/ros2_ws/install/xarm_sdk/lib:/home/fectec/X-ARM_VisualServoing/ros2_ws/install/xarm_msgs/lib:${LD_LIBRARY_PATH} PYTHONPATH=/home/fectec/X-ARM_VisualServoing/ros2_ws/install/xarm_msgs/local/lib/python3.10/dist-packages:${PYTHONPATH} /usr/bin/cmake --build /home/fectec/X-ARM_VisualServoing/ros2_ws/build/xarm_controller -- -j12 -l12
[2.624s] [ 66%] [32mBuilding CXX object CMakeFiles/uf_robot_hardware.dir/src/hardware/uf_robot_system_hardware.cpp.o[0m
[2.625s] [ 66%] [32mBuilding CXX object CMakeFiles/uf_robot_hardware.dir/src/hardware/uf_robot_fake_system_hardware.cpp.o[0m
[18.994s] [100%] [32m[1mLinking CXX shared library libuf_robot_hardware.so[0m
[21.512s] [100%] Built target uf_robot_hardware
[21.532s] Invoked command in '/home/fectec/X-ARM_VisualServoing/ros2_ws/build/xarm_controller' returned '0': AMENT_PREFIX_PATH=/home/fectec/X-ARM_VisualServoing/ros2_ws/install/xarm_api:/home/fectec/X-ARM_VisualServoing/ros2_ws/install/xarm_sdk:/home/fectec/X-ARM_VisualServoing/ros2_ws/install/xarm_msgs:/home/fectec/X-ARM_VisualServoing/ros2_ws/install/xarm_description:${AMENT_PREFIX_PATH} CMAKE_PREFIX_PATH=/home/fectec/X-ARM_VisualServoing/ros2_ws/install/xarm_api:/home/fectec/X-ARM_VisualServoing/ros2_ws/install/xarm_sdk:/home/fectec/X-ARM_VisualServoing/ros2_ws/install/xarm_msgs:/home/fectec/X-ARM_VisualServoing/ros2_ws/install/xarm_description:/home/fectec/uros_ws/install/micro_ros_setup:/home/fectec/uros_ws/install/micro_ros_agent:/home/fectec/uros_ws/install/micro_ros_msgs:/opt/ros/humble LD_LIBRARY_PATH=/home/fectec/X-ARM_VisualServoing/ros2_ws/install/xarm_api/lib:/home/fectec/X-ARM_VisualServoing/ros2_ws/install/xarm_sdk/lib:/home/fectec/X-ARM_VisualServoing/ros2_ws/install/xarm_msgs/lib:${LD_LIBRARY_PATH} PYTHONPATH=/home/fectec/X-ARM_VisualServoing/ros2_ws/install/xarm_msgs/local/lib/python3.10/dist-packages:${PYTHONPATH} /usr/bin/cmake --build /home/fectec/X-ARM_VisualServoing/ros2_ws/build/xarm_controller -- -j12 -l12
[21.535s] Invoking command in '/home/fectec/X-ARM_VisualServoing/ros2_ws/build/xarm_controller': AMENT_PREFIX_PATH=/home/fectec/X-ARM_VisualServoing/ros2_ws/install/xarm_api:/home/fectec/X-ARM_VisualServoing/ros2_ws/install/xarm_sdk:/home/fectec/X-ARM_VisualServoing/ros2_ws/install/xarm_msgs:/home/fectec/X-ARM_VisualServoing/ros2_ws/install/xarm_description:${AMENT_PREFIX_PATH} CMAKE_PREFIX_PATH=/home/fectec/X-ARM_VisualServoing/ros2_ws/install/xarm_api:/home/fectec/X-ARM_VisualServoing/ros2_ws/install/xarm_sdk:/home/fectec/X-ARM_VisualServoing/ros2_ws/install/xarm_msgs:/home/fectec/X-ARM_VisualServoing/ros2_ws/install/xarm_description:/home/fectec/uros_ws/install/micro_ros_setup:/home/fectec/uros_ws/install/micro_ros_agent:/home/fectec/uros_ws/install/micro_ros_msgs:/opt/ros/humble LD_LIBRARY_PATH=/home/fectec/X-ARM_VisualServoing/ros2_ws/install/xarm_api/lib:/home/fectec/X-ARM_VisualServoing/ros2_ws/install/xarm_sdk/lib:/home/fectec/X-ARM_VisualServoing/ros2_ws/install/xarm_msgs/lib:${LD_LIBRARY_PATH} PYTHONPATH=/home/fectec/X-ARM_VisualServoing/ros2_ws/install/xarm_msgs/local/lib/python3.10/dist-packages:${PYTHONPATH} /usr/bin/cmake --install /home/fectec/X-ARM_VisualServoing/ros2_ws/build/xarm_controller
[21.548s] -- Install configuration: ""
[21.549s] -- Installing: /home/fectec/X-ARM_VisualServoing/ros2_ws/install/xarm_controller/share/xarm_controller/uf_hardware_interface_plugins.xml
[21.549s] -- Installing: /home/fectec/X-ARM_VisualServoing/ros2_ws/install/xarm_controller/include
[21.550s] -- Installing: /home/fectec/X-ARM_VisualServoing/ros2_ws/install/xarm_controller/include/xarm_controller
[21.550s] -- Installing: /home/fectec/X-ARM_VisualServoing/ros2_ws/install/xarm_controller/include/xarm_controller/hardware
[21.550s] -- Installing: /home/fectec/X-ARM_VisualServoing/ros2_ws/install/xarm_controller/include/xarm_controller/hardware/uf_robot_system_hardware.h
[21.551s] -- Installing: /home/fectec/X-ARM_VisualServoing/ros2_ws/install/xarm_controller/include/xarm_controller/hardware/uf_robot_fake_system_hardware.h
[21.551s] -- Installing: /home/fectec/X-ARM_VisualServoing/ros2_ws/install/xarm_controller/lib/libuf_robot_hardware.so
[21.558s] -- Set runtime path of "/home/fectec/X-ARM_VisualServoing/ros2_ws/install/xarm_controller/lib/libuf_robot_hardware.so" to ""
[21.558s] -- Installing: /home/fectec/X-ARM_VisualServoing/ros2_ws/install/xarm_controller/share/xarm_controller//launch
[21.558s] -- Installing: /home/fectec/X-ARM_VisualServoing/ros2_ws/install/xarm_controller/share/xarm_controller//launch/xarm5_control_rviz_display.launch.py
[21.558s] -- Installing: /home/fectec/X-ARM_VisualServoing/ros2_ws/install/xarm_controller/share/xarm_controller//launch/_ros2_control.launch.py
[21.559s] -- Installing: /home/fectec/X-ARM_VisualServoing/ros2_ws/install/xarm_controller/share/xarm_controller//launch/lib
[21.559s] -- Installing: /home/fectec/X-ARM_VisualServoing/ros2_ws/install/xarm_controller/share/xarm_controller//launch/lib/robot_controller_lib.py
[21.560s] -- Installing: /home/fectec/X-ARM_VisualServoing/ros2_ws/install/xarm_controller/share/xarm_controller//launch/uf850_control_rviz_display.launch.py
[21.560s] -- Installing: /home/fectec/X-ARM_VisualServoing/ros2_ws/install/xarm_controller/share/xarm_controller//launch/_robot_ros2_control.launch.py
[21.561s] -- Installing: /home/fectec/X-ARM_VisualServoing/ros2_ws/install/xarm_controller/share/xarm_controller//launch/lite6_control_rviz_display.launch.py
[21.561s] -- Installing: /home/fectec/X-ARM_VisualServoing/ros2_ws/install/xarm_controller/share/xarm_controller//launch/xarm7_control_rviz_display.launch.py
[21.561s] -- Installing: /home/fectec/X-ARM_VisualServoing/ros2_ws/install/xarm_controller/share/xarm_controller//launch/xarm7_mirror_control_rviz_display.launch.py
[21.562s] -- Installing: /home/fectec/X-ARM_VisualServoing/ros2_ws/install/xarm_controller/share/xarm_controller//launch/xarm6_control_rviz_display.launch.py
[21.562s] -- Installing: /home/fectec/X-ARM_VisualServoing/ros2_ws/install/xarm_controller/share/xarm_controller//launch/_dual_ros2_control.launch.py
[21.563s] -- Installing: /home/fectec/X-ARM_VisualServoing/ros2_ws/install/xarm_controller/share/xarm_controller//config
[21.563s] -- Installing: /home/fectec/X-ARM_VisualServoing/ros2_ws/install/xarm_controller/share/xarm_controller//config/xarm7_mirror_controllers.yaml
[21.563s] -- Installing: /home/fectec/X-ARM_VisualServoing/ros2_ws/install/xarm_controller/share/xarm_controller//config/xarm_gripper_controllers.yaml
[21.563s] -- Installing: /home/fectec/X-ARM_VisualServoing/ros2_ws/install/xarm_controller/share/xarm_controller//config/lite6_controllers.yaml
[21.564s] -- Installing: /home/fectec/X-ARM_VisualServoing/ros2_ws/install/xarm_controller/share/xarm_controller//config/xarm6_controllers.yaml
[21.564s] -- Installing: /home/fectec/X-ARM_VisualServoing/ros2_ws/install/xarm_controller/share/xarm_controller//config/uf850_controllers.yaml
[21.565s] -- Installing: /home/fectec/X-ARM_VisualServoing/ros2_ws/install/xarm_controller/share/xarm_controller//config/xarm7_mirror_gripper_controllers.yaml
[21.565s] -- Installing: /home/fectec/X-ARM_VisualServoing/ros2_ws/install/xarm_controller/share/xarm_controller//config/xarm7_controllers.yaml
[21.565s] -- Installing: /home/fectec/X-ARM_VisualServoing/ros2_ws/install/xarm_controller/share/xarm_controller//config/uf850_gripper_controllers.yaml
[21.566s] -- Installing: /home/fectec/X-ARM_VisualServoing/ros2_ws/install/xarm_controller/share/xarm_controller//config/xarm5_controllers.yaml
[21.566s] -- Installing: /home/fectec/X-ARM_VisualServoing/ros2_ws/install/xarm_controller/share/xarm_controller//config/bio_gripper_controllers.yaml
[21.567s] -- Installing: /home/fectec/X-ARM_VisualServoing/ros2_ws/install/xarm_controller/share/xarm_controller/environment/library_path.sh
[21.567s] -- Installing: /home/fectec/X-ARM_VisualServoing/ros2_ws/install/xarm_controller/share/xarm_controller/environment/library_path.dsv
[21.568s] -- Installing: /home/fectec/X-ARM_VisualServoing/ros2_ws/install/xarm_controller/share/ament_index/resource_index/package_run_dependencies/xarm_controller
[21.568s] -- Installing: /home/fectec/X-ARM_VisualServoing/ros2_ws/install/xarm_controller/share/ament_index/resource_index/parent_prefix_path/xarm_controller
[21.568s] -- Installing: /home/fectec/X-ARM_VisualServoing/ros2_ws/install/xarm_controller/share/xarm_controller/environment/ament_prefix_path.sh
[21.569s] -- Installing: /home/fectec/X-ARM_VisualServoing/ros2_ws/install/xarm_controller/share/xarm_controller/environment/ament_prefix_path.dsv
[21.569s] -- Installing: /home/fectec/X-ARM_VisualServoing/ros2_ws/install/xarm_controller/share/xarm_controller/environment/path.sh
[21.569s] -- Installing: /home/fectec/X-ARM_VisualServoing/ros2_ws/install/xarm_controller/share/xarm_controller/environment/path.dsv
[21.570s] -- Installing: /home/fectec/X-ARM_VisualServoing/ros2_ws/install/xarm_controller/share/xarm_controller/local_setup.bash
[21.570s] -- Installing: /home/fectec/X-ARM_VisualServoing/ros2_ws/install/xarm_controller/share/xarm_controller/local_setup.sh
[21.570s] -- Installing: /home/fectec/X-ARM_VisualServoing/ros2_ws/install/xarm_controller/share/xarm_controller/local_setup.zsh
[21.571s] -- Installing: /home/fectec/X-ARM_VisualServoing/ros2_ws/install/xarm_controller/share/xarm_controller/local_setup.dsv
[21.571s] -- Installing: /home/fectec/X-ARM_VisualServoing/ros2_ws/install/xarm_controller/share/xarm_controller/package.dsv
[21.571s] -- Installing: /home/fectec/X-ARM_VisualServoing/ros2_ws/install/xarm_controller/share/ament_index/resource_index/packages/xarm_controller
[21.571s] -- Installing: /home/fectec/X-ARM_VisualServoing/ros2_ws/install/xarm_controller/share/ament_index/resource_index/hardware_interface__pluginlib__plugin/xarm_controller
[21.571s] -- Installing: /home/fectec/X-ARM_VisualServoing/ros2_ws/install/xarm_controller/share/xarm_controller/cmake/ament_cmake_export_include_directories-extras.cmake
[21.572s] -- Installing: /home/fectec/X-ARM_VisualServoing/ros2_ws/install/xarm_controller/share/xarm_controller/cmake/ament_cmake_export_libraries-extras.cmake
[21.572s] -- Installing: /home/fectec/X-ARM_VisualServoing/ros2_ws/install/xarm_controller/share/xarm_controller/cmake/ament_cmake_export_dependencies-extras.cmake
[21.572s] -- Installing: /home/fectec/X-ARM_VisualServoing/ros2_ws/install/xarm_controller/share/xarm_controller/cmake/xarm_controllerConfig.cmake
[21.572s] -- Installing: /home/fectec/X-ARM_VisualServoing/ros2_ws/install/xarm_controller/share/xarm_controller/cmake/xarm_controllerConfig-version.cmake
[21.573s] -- Installing: /home/fectec/X-ARM_VisualServoing/ros2_ws/install/xarm_controller/share/xarm_controller/package.xml
[21.577s] Invoked command in '/home/fectec/X-ARM_VisualServoing/ros2_ws/build/xarm_controller' returned '0': AMENT_PREFIX_PATH=/home/fectec/X-ARM_VisualServoing/ros2_ws/install/xarm_api:/home/fectec/X-ARM_VisualServoing/ros2_ws/install/xarm_sdk:/home/fectec/X-ARM_VisualServoing/ros2_ws/install/xarm_msgs:/home/fectec/X-ARM_VisualServoing/ros2_ws/install/xarm_description:${AMENT_PREFIX_PATH} CMAKE_PREFIX_PATH=/home/fectec/X-ARM_VisualServoing/ros2_ws/install/xarm_api:/home/fectec/X-ARM_VisualServoing/ros2_ws/install/xarm_sdk:/home/fectec/X-ARM_VisualServoing/ros2_ws/install/xarm_msgs:/home/fectec/X-ARM_VisualServoing/ros2_ws/install/xarm_description:/home/fectec/uros_ws/install/micro_ros_setup:/home/fectec/uros_ws/install/micro_ros_agent:/home/fectec/uros_ws/install/micro_ros_msgs:/opt/ros/humble LD_LIBRARY_PATH=/home/fectec/X-ARM_VisualServoing/ros2_ws/install/xarm_api/lib:/home/fectec/X-ARM_VisualServoing/ros2_ws/install/xarm_sdk/lib:/home/fectec/X-ARM_VisualServoing/ros2_ws/install/xarm_msgs/lib:${LD_LIBRARY_PATH} PYTHONPATH=/home/fectec/X-ARM_VisualServoing/ros2_ws/install/xarm_msgs/local/lib/python3.10/dist-packages:${PYTHONPATH} /usr/bin/cmake --install /home/fectec/X-ARM_VisualServoing/ros2_ws/build/xarm_controller
