[0.031s] Invoking command in '/home/fectec/X-ARM_VisualServoing/ros2_ws/build/xarm_planner': AMENT_PREFIX_PATH=/home/fectec/X-ARM_VisualServoing/ros2_ws/install/xarm_moveit_config:/home/fectec/X-ARM_VisualServoing/ros2_ws/install/xarm_gazebo:/home/fectec/X-ARM_VisualServoing/ros2_ws/install/xarm_controller:/home/fectec/X-ARM_VisualServoing/ros2_ws/install/xarm_api:/home/fectec/X-ARM_VisualServoing/ros2_ws/install/xarm_sdk:/home/fectec/X-ARM_VisualServoing/ros2_ws/install/xarm_msgs:/home/fectec/X-ARM_VisualServoing/ros2_ws/install/xarm_description:/home/fectec/X-ARM_VisualServoing/ros2_ws/install/uf_ros_lib:${AMENT_PREFIX_PATH} CMAKE_PREFIX_PATH=/home/fectec/X-ARM_VisualServoing/ros2_ws/install/xarm_moveit_config:/home/fectec/X-ARM_VisualServoing/ros2_ws/install/xarm_gazebo:/home/fectec/X-ARM_VisualServoing/ros2_ws/install/xarm_controller:/home/fectec/X-ARM_VisualServoing/ros2_ws/install/xarm_api:/home/fectec/X-ARM_VisualServoing/ros2_ws/install/xarm_sdk:/home/fectec/X-ARM_VisualServoing/ros2_ws/install/xarm_msgs:/home/fectec/X-ARM_VisualServoing/ros2_ws/install/xarm_description:/home/fectec/uros_ws/install/micro_ros_setup:/home/fectec/uros_ws/install/micro_ros_agent:/home/fectec/uros_ws/install/micro_ros_msgs:/opt/ros/humble LD_LIBRARY_PATH=/home/fectec/X-ARM_VisualServoing/ros2_ws/install/xarm_gazebo/lib:/home/fectec/X-ARM_VisualServoing/ros2_ws/install/xarm_controller/lib:/home/fectec/X-ARM_VisualServoing/ros2_ws/install/xarm_api/lib:/home/fectec/X-ARM_VisualServoing/ros2_ws/install/xarm_sdk/lib:/home/fectec/X-ARM_VisualServoing/ros2_ws/install/xarm_msgs/lib:${LD_LIBRARY_PATH} PYTHONPATH=/home/fectec/X-ARM_VisualServoing/ros2_ws/install/xarm_msgs/local/lib/python3.10/dist-packages:/home/fectec/X-ARM_VisualServoing/ros2_ws/install/uf_ros_lib/lib/python3.10/site-packages:${PYTHONPATH} /usr/bin/cmake --build /home/fectec/X-ARM_VisualServoing/ros2_ws/build/xarm_planner -- -j12 -l12
[0.123s] [35m[1mConsolidate compiler generated dependencies of target test_xarm_planner_client_joint[0m
[0.124s] [35m[1mConsolidate compiler generated dependencies of target test_xarm_gripper_planner_client_joint[0m
[0.124s] [35m[1mConsolidate compiler generated dependencies of target test_xarm_planner_client_pose[0m
[0.125s] [35m[1mConsolidate compiler generated dependencies of target test_lite_gripper_realmove[0m
[0.130s] [35m[1mConsolidate compiler generated dependencies of target xarm_planner[0m
[0.160s] [  9%] Built target test_xarm_planner_client_joint
[0.161s] [ 18%] Built target test_xarm_gripper_planner_client_joint
[0.166s] [ 36%] Built target test_lite_gripper_realmove
[0.166s] [ 36%] Built target test_xarm_planner_client_pose
[0.207s] [ 45%] Built target xarm_planner
[0.233s] [35m[1mConsolidate compiler generated dependencies of target test_xarm_gripper_planner_api_joint[0m
[0.234s] [35m[1mConsolidate compiler generated dependencies of target xarm_gripper_planner_node[0m
[0.234s] [35m[1mConsolidate compiler generated dependencies of target xarm_planner_node[0m
[0.235s] [35m[1mConsolidate compiler generated dependencies of target test_dual_xarm_planner_api_joint[0m
[0.238s] [35m[1mConsolidate compiler generated dependencies of target test_xarm_planner_api_joint[0m
[0.240s] [35m[1mConsolidate compiler generated dependencies of target test_xarm_planner_api_pose[0m
[0.274s] [ 72%] Built target test_dual_xarm_planner_api_joint
[0.274s] [ 72%] Built target test_xarm_gripper_planner_api_joint
[0.275s] [ 72%] Built target xarm_gripper_planner_node
[0.275s] [ 81%] Built target xarm_planner_node
[0.288s] [ 90%] Built target test_xarm_planner_api_joint
[0.289s] [100%] Built target test_xarm_planner_api_pose
[0.306s] Invoked command in '/home/fectec/X-ARM_VisualServoing/ros2_ws/build/xarm_planner' returned '0': AMENT_PREFIX_PATH=/home/fectec/X-ARM_VisualServoing/ros2_ws/install/xarm_moveit_config:/home/fectec/X-ARM_VisualServoing/ros2_ws/install/xarm_gazebo:/home/fectec/X-ARM_VisualServoing/ros2_ws/install/xarm_controller:/home/fectec/X-ARM_VisualServoing/ros2_ws/install/xarm_api:/home/fectec/X-ARM_VisualServoing/ros2_ws/install/xarm_sdk:/home/fectec/X-ARM_VisualServoing/ros2_ws/install/xarm_msgs:/home/fectec/X-ARM_VisualServoing/ros2_ws/install/xarm_description:/home/fectec/X-ARM_VisualServoing/ros2_ws/install/uf_ros_lib:${AMENT_PREFIX_PATH} CMAKE_PREFIX_PATH=/home/fectec/X-ARM_VisualServoing/ros2_ws/install/xarm_moveit_config:/home/fectec/X-ARM_VisualServoing/ros2_ws/install/xarm_gazebo:/home/fectec/X-ARM_VisualServoing/ros2_ws/install/xarm_controller:/home/fectec/X-ARM_VisualServoing/ros2_ws/install/xarm_api:/home/fectec/X-ARM_VisualServoing/ros2_ws/install/xarm_sdk:/home/fectec/X-ARM_VisualServoing/ros2_ws/install/xarm_msgs:/home/fectec/X-ARM_VisualServoing/ros2_ws/install/xarm_description:/home/fectec/uros_ws/install/micro_ros_setup:/home/fectec/uros_ws/install/micro_ros_agent:/home/fectec/uros_ws/install/micro_ros_msgs:/opt/ros/humble LD_LIBRARY_PATH=/home/fectec/X-ARM_VisualServoing/ros2_ws/install/xarm_gazebo/lib:/home/fectec/X-ARM_VisualServoing/ros2_ws/install/xarm_controller/lib:/home/fectec/X-ARM_VisualServoing/ros2_ws/install/xarm_api/lib:/home/fectec/X-ARM_VisualServoing/ros2_ws/install/xarm_sdk/lib:/home/fectec/X-ARM_VisualServoing/ros2_ws/install/xarm_msgs/lib:${LD_LIBRARY_PATH} PYTHONPATH=/home/fectec/X-ARM_VisualServoing/ros2_ws/install/xarm_msgs/local/lib/python3.10/dist-packages:/home/fectec/X-ARM_VisualServoing/ros2_ws/install/uf_ros_lib/lib/python3.10/site-packages:${PYTHONPATH} /usr/bin/cmake --build /home/fectec/X-ARM_VisualServoing/ros2_ws/build/xarm_planner -- -j12 -l12
[0.309s] Invoking command in '/home/fectec/X-ARM_VisualServoing/ros2_ws/build/xarm_planner': AMENT_PREFIX_PATH=/home/fectec/X-ARM_VisualServoing/ros2_ws/install/xarm_moveit_config:/home/fectec/X-ARM_VisualServoing/ros2_ws/install/xarm_gazebo:/home/fectec/X-ARM_VisualServoing/ros2_ws/install/xarm_controller:/home/fectec/X-ARM_VisualServoing/ros2_ws/install/xarm_api:/home/fectec/X-ARM_VisualServoing/ros2_ws/install/xarm_sdk:/home/fectec/X-ARM_VisualServoing/ros2_ws/install/xarm_msgs:/home/fectec/X-ARM_VisualServoing/ros2_ws/install/xarm_description:/home/fectec/X-ARM_VisualServoing/ros2_ws/install/uf_ros_lib:${AMENT_PREFIX_PATH} CMAKE_PREFIX_PATH=/home/fectec/X-ARM_VisualServoing/ros2_ws/install/xarm_moveit_config:/home/fectec/X-ARM_VisualServoing/ros2_ws/install/xarm_gazebo:/home/fectec/X-ARM_VisualServoing/ros2_ws/install/xarm_controller:/home/fectec/X-ARM_VisualServoing/ros2_ws/install/xarm_api:/home/fectec/X-ARM_VisualServoing/ros2_ws/install/xarm_sdk:/home/fectec/X-ARM_VisualServoing/ros2_ws/install/xarm_msgs:/home/fectec/X-ARM_VisualServoing/ros2_ws/install/xarm_description:/home/fectec/uros_ws/install/micro_ros_setup:/home/fectec/uros_ws/install/micro_ros_agent:/home/fectec/uros_ws/install/micro_ros_msgs:/opt/ros/humble LD_LIBRARY_PATH=/home/fectec/X-ARM_VisualServoing/ros2_ws/install/xarm_gazebo/lib:/home/fectec/X-ARM_VisualServoing/ros2_ws/install/xarm_controller/lib:/home/fectec/X-ARM_VisualServoing/ros2_ws/install/xarm_api/lib:/home/fectec/X-ARM_VisualServoing/ros2_ws/install/xarm_sdk/lib:/home/fectec/X-ARM_VisualServoing/ros2_ws/install/xarm_msgs/lib:${LD_LIBRARY_PATH} PYTHONPATH=/home/fectec/X-ARM_VisualServoing/ros2_ws/install/xarm_msgs/local/lib/python3.10/dist-packages:/home/fectec/X-ARM_VisualServoing/ros2_ws/install/uf_ros_lib/lib/python3.10/site-packages:${PYTHONPATH} /usr/bin/cmake --install /home/fectec/X-ARM_VisualServoing/ros2_ws/build/xarm_planner
[0.320s] -- Install configuration: ""
[0.320s] -- Up-to-date: /home/fectec/X-ARM_VisualServoing/ros2_ws/install/xarm_planner/include
[0.320s] -- Up-to-date: /home/fectec/X-ARM_VisualServoing/ros2_ws/install/xarm_planner/include/xarm_planner
[0.320s] -- Up-to-date: /home/fectec/X-ARM_VisualServoing/ros2_ws/install/xarm_planner/include/xarm_planner/xarm_planner.h
[0.321s] -- Up-to-date: /home/fectec/X-ARM_VisualServoing/ros2_ws/install/xarm_planner/lib/libxarm_planner.so
[0.321s] -- Up-to-date: /home/fectec/X-ARM_VisualServoing/ros2_ws/install/xarm_planner/lib/xarm_planner/xarm_planner_node
[0.322s] -- Up-to-date: /home/fectec/X-ARM_VisualServoing/ros2_ws/install/xarm_planner/lib/xarm_planner/xarm_gripper_planner_node
[0.323s] -- Up-to-date: /home/fectec/X-ARM_VisualServoing/ros2_ws/install/xarm_planner/lib/xarm_planner/test_xarm_planner_api_joint
[0.323s] -- Up-to-date: /home/fectec/X-ARM_VisualServoing/ros2_ws/install/xarm_planner/lib/xarm_planner/test_dual_xarm_planner_api_joint
[0.324s] -- Up-to-date: /home/fectec/X-ARM_VisualServoing/ros2_ws/install/xarm_planner/lib/xarm_planner/test_xarm_planner_api_pose
[0.324s] -- Up-to-date: /home/fectec/X-ARM_VisualServoing/ros2_ws/install/xarm_planner/lib/xarm_planner/test_xarm_gripper_planner_api_joint
[0.325s] -- Up-to-date: /home/fectec/X-ARM_VisualServoing/ros2_ws/install/xarm_planner/lib/xarm_planner/test_xarm_planner_client_joint
[0.326s] -- Up-to-date: /home/fectec/X-ARM_VisualServoing/ros2_ws/install/xarm_planner/lib/xarm_planner/test_xarm_planner_client_pose
[0.326s] -- Up-to-date: /home/fectec/X-ARM_VisualServoing/ros2_ws/install/xarm_planner/lib/xarm_planner/test_xarm_gripper_planner_client_joint
[0.327s] -- Up-to-date: /home/fectec/X-ARM_VisualServoing/ros2_ws/install/xarm_planner/lib/xarm_planner/test_lite_gripper_realmove
[0.327s] -- Up-to-date: /home/fectec/X-ARM_VisualServoing/ros2_ws/install/xarm_planner/share/xarm_planner//launch
[0.327s] -- Up-to-date: /home/fectec/X-ARM_VisualServoing/ros2_ws/install/xarm_planner/share/xarm_planner//launch/xarm7_planner_realmove.launch.py
[0.327s] -- Up-to-date: /home/fectec/X-ARM_VisualServoing/ros2_ws/install/xarm_planner/share/xarm_planner//launch/test_move_group.launch.py
[0.328s] -- Up-to-date: /home/fectec/X-ARM_VisualServoing/ros2_ws/install/xarm_planner/share/xarm_planner//launch/xarm7_mirror_planner_fake.launch.py
[0.328s] -- Up-to-date: /home/fectec/X-ARM_VisualServoing/ros2_ws/install/xarm_planner/share/xarm_planner//launch/xarm6_planner_fake.launch.py
[0.328s] -- Up-to-date: /home/fectec/X-ARM_VisualServoing/ros2_ws/install/xarm_planner/share/xarm_planner//launch/lite6_planner_realmove.launch.py
[0.328s] -- Up-to-date: /home/fectec/X-ARM_VisualServoing/ros2_ws/install/xarm_planner/share/xarm_planner//launch/xarm5_planner_realmove.launch.py
[0.328s] -- Up-to-date: /home/fectec/X-ARM_VisualServoing/ros2_ws/install/xarm_planner/share/xarm_planner//launch/test_lite_gripper_realmove.launch.py
[0.328s] -- Up-to-date: /home/fectec/X-ARM_VisualServoing/ros2_ws/install/xarm_planner/share/xarm_planner//launch/lite6_planner_gazebo.launch.py
[0.329s] -- Up-to-date: /home/fectec/X-ARM_VisualServoing/ros2_ws/install/xarm_planner/share/xarm_planner//launch/uf850_planner_gazebo.launch.py
[0.329s] -- Up-to-date: /home/fectec/X-ARM_VisualServoing/ros2_ws/install/xarm_planner/share/xarm_planner//launch/xarm5_planner_fake.launch.py
[0.329s] -- Up-to-date: /home/fectec/X-ARM_VisualServoing/ros2_ws/install/xarm_planner/share/xarm_planner//launch/xarm7_planner_fake.launch.py
[0.329s] -- Up-to-date: /home/fectec/X-ARM_VisualServoing/ros2_ws/install/xarm_planner/share/xarm_planner//launch/test_dual_xarm_planner_api_joint.launch.py
[0.329s] -- Up-to-date: /home/fectec/X-ARM_VisualServoing/ros2_ws/install/xarm_planner/share/xarm_planner//launch/test_xarm_gripper_planner_client_joint.launch.py
[0.329s] -- Up-to-date: /home/fectec/X-ARM_VisualServoing/ros2_ws/install/xarm_planner/share/xarm_planner//launch/xarm6_planner_gazebo.launch.py
[0.329s] -- Up-to-date: /home/fectec/X-ARM_VisualServoing/ros2_ws/install/xarm_planner/share/xarm_planner//launch/_robot_planner.launch.py
[0.329s] -- Up-to-date: /home/fectec/X-ARM_VisualServoing/ros2_ws/install/xarm_planner/share/xarm_planner//launch/test_xarm_planner_client_joint.launch.py
[0.329s] -- Up-to-date: /home/fectec/X-ARM_VisualServoing/ros2_ws/install/xarm_planner/share/xarm_planner//launch/xarm7_mirror_planner_gazebo.launch.py
[0.329s] -- Up-to-date: /home/fectec/X-ARM_VisualServoing/ros2_ws/install/xarm_planner/share/xarm_planner//launch/xarm5_planner_gazebo.launch.py
[0.329s] -- Up-to-date: /home/fectec/X-ARM_VisualServoing/ros2_ws/install/xarm_planner/share/xarm_planner//launch/test_xarm_planner_client_pose.launch.py
[0.330s] -- Up-to-date: /home/fectec/X-ARM_VisualServoing/ros2_ws/install/xarm_planner/share/xarm_planner//launch/xarm7_mirror_planner_realmove.launch.py
[0.330s] -- Up-to-date: /home/fectec/X-ARM_VisualServoing/ros2_ws/install/xarm_planner/share/xarm_planner//launch/xarm6_planner_realmove.launch.py
[0.330s] -- Up-to-date: /home/fectec/X-ARM_VisualServoing/ros2_ws/install/xarm_planner/share/xarm_planner//launch/test_xarm_gripper_planner_api_joint.launch.py
[0.330s] -- Up-to-date: /home/fectec/X-ARM_VisualServoing/ros2_ws/install/xarm_planner/share/xarm_planner//launch/xarm7_planner_gazebo.launch.py
[0.330s] -- Up-to-date: /home/fectec/X-ARM_VisualServoing/ros2_ws/install/xarm_planner/share/xarm_planner//launch/_dual_robot_planner.launch.py
[0.330s] -- Up-to-date: /home/fectec/X-ARM_VisualServoing/ros2_ws/install/xarm_planner/share/xarm_planner//launch/uf850_planner_fake.launch.py
[0.330s] -- Up-to-date: /home/fectec/X-ARM_VisualServoing/ros2_ws/install/xarm_planner/share/xarm_planner//launch/lite6_planner_fake.launch.py
[0.330s] -- Up-to-date: /home/fectec/X-ARM_VisualServoing/ros2_ws/install/xarm_planner/share/xarm_planner//launch/test_xarm_planner_api_joint.launch.py
[0.330s] -- Up-to-date: /home/fectec/X-ARM_VisualServoing/ros2_ws/install/xarm_planner/share/xarm_planner//launch/uf850_planner_realmove.launch.py
[0.330s] -- Up-to-date: /home/fectec/X-ARM_VisualServoing/ros2_ws/install/xarm_planner/share/xarm_planner//launch/test_xarm_planner_api_pose.launch.py
[0.331s] -- Up-to-date: /home/fectec/X-ARM_VisualServoing/ros2_ws/install/xarm_planner/share/ament_index/resource_index/package_run_dependencies/xarm_planner
[0.331s] -- Up-to-date: /home/fectec/X-ARM_VisualServoing/ros2_ws/install/xarm_planner/share/ament_index/resource_index/parent_prefix_path/xarm_planner
[0.331s] -- Up-to-date: /home/fectec/X-ARM_VisualServoing/ros2_ws/install/xarm_planner/share/xarm_planner/environment/ament_prefix_path.sh
[0.331s] -- Up-to-date: /home/fectec/X-ARM_VisualServoing/ros2_ws/install/xarm_planner/share/xarm_planner/environment/ament_prefix_path.dsv
[0.331s] -- Up-to-date: /home/fectec/X-ARM_VisualServoing/ros2_ws/install/xarm_planner/share/xarm_planner/environment/path.sh
[0.331s] -- Up-to-date: /home/fectec/X-ARM_VisualServoing/ros2_ws/install/xarm_planner/share/xarm_planner/environment/path.dsv
[0.331s] -- Up-to-date: /home/fectec/X-ARM_VisualServoing/ros2_ws/install/xarm_planner/share/xarm_planner/local_setup.bash
[0.331s] -- Up-to-date: /home/fectec/X-ARM_VisualServoing/ros2_ws/install/xarm_planner/share/xarm_planner/local_setup.sh
[0.331s] -- Up-to-date: /home/fectec/X-ARM_VisualServoing/ros2_ws/install/xarm_planner/share/xarm_planner/local_setup.zsh
[0.331s] -- Up-to-date: /home/fectec/X-ARM_VisualServoing/ros2_ws/install/xarm_planner/share/xarm_planner/local_setup.dsv
[0.331s] -- Installing: /home/fectec/X-ARM_VisualServoing/ros2_ws/install/xarm_planner/share/xarm_planner/package.dsv
[0.331s] -- Up-to-date: /home/fectec/X-ARM_VisualServoing/ros2_ws/install/xarm_planner/share/ament_index/resource_index/packages/xarm_planner
[0.331s] -- Up-to-date: /home/fectec/X-ARM_VisualServoing/ros2_ws/install/xarm_planner/share/xarm_planner/cmake/xarm_plannerConfig.cmake
[0.332s] -- Up-to-date: /home/fectec/X-ARM_VisualServoing/ros2_ws/install/xarm_planner/share/xarm_planner/cmake/xarm_plannerConfig-version.cmake
[0.332s] -- Up-to-date: /home/fectec/X-ARM_VisualServoing/ros2_ws/install/xarm_planner/share/xarm_planner/package.xml
[0.333s] Invoked command in '/home/fectec/X-ARM_VisualServoing/ros2_ws/build/xarm_planner' returned '0': AMENT_PREFIX_PATH=/home/fectec/X-ARM_VisualServoing/ros2_ws/install/xarm_moveit_config:/home/fectec/X-ARM_VisualServoing/ros2_ws/install/xarm_gazebo:/home/fectec/X-ARM_VisualServoing/ros2_ws/install/xarm_controller:/home/fectec/X-ARM_VisualServoing/ros2_ws/install/xarm_api:/home/fectec/X-ARM_VisualServoing/ros2_ws/install/xarm_sdk:/home/fectec/X-ARM_VisualServoing/ros2_ws/install/xarm_msgs:/home/fectec/X-ARM_VisualServoing/ros2_ws/install/xarm_description:/home/fectec/X-ARM_VisualServoing/ros2_ws/install/uf_ros_lib:${AMENT_PREFIX_PATH} CMAKE_PREFIX_PATH=/home/fectec/X-ARM_VisualServoing/ros2_ws/install/xarm_moveit_config:/home/fectec/X-ARM_VisualServoing/ros2_ws/install/xarm_gazebo:/home/fectec/X-ARM_VisualServoing/ros2_ws/install/xarm_controller:/home/fectec/X-ARM_VisualServoing/ros2_ws/install/xarm_api:/home/fectec/X-ARM_VisualServoing/ros2_ws/install/xarm_sdk:/home/fectec/X-ARM_VisualServoing/ros2_ws/install/xarm_msgs:/home/fectec/X-ARM_VisualServoing/ros2_ws/install/xarm_description:/home/fectec/uros_ws/install/micro_ros_setup:/home/fectec/uros_ws/install/micro_ros_agent:/home/fectec/uros_ws/install/micro_ros_msgs:/opt/ros/humble LD_LIBRARY_PATH=/home/fectec/X-ARM_VisualServoing/ros2_ws/install/xarm_gazebo/lib:/home/fectec/X-ARM_VisualServoing/ros2_ws/install/xarm_controller/lib:/home/fectec/X-ARM_VisualServoing/ros2_ws/install/xarm_api/lib:/home/fectec/X-ARM_VisualServoing/ros2_ws/install/xarm_sdk/lib:/home/fectec/X-ARM_VisualServoing/ros2_ws/install/xarm_msgs/lib:${LD_LIBRARY_PATH} PYTHONPATH=/home/fectec/X-ARM_VisualServoing/ros2_ws/install/xarm_msgs/local/lib/python3.10/dist-packages:/home/fectec/X-ARM_VisualServoing/ros2_ws/install/uf_ros_lib/lib/python3.10/site-packages:${PYTHONPATH} /usr/bin/cmake --install /home/fectec/X-ARM_VisualServoing/ros2_ws/build/xarm_planner
