[1.584s] Invoking command in '/home/fectec/X-ARM_VisualServoing/ros2_ws/src/xarm_ros2/uf_ros_lib': PYTHONPATH=/home/fectec/X-ARM_VisualServoing/ros2_ws/build/uf_ros_lib/prefix_override:/usr/lib/python3/dist-packages/colcon_core/task/python/colcon_distutils_commands:/home/fectec/X-ARM_VisualServoing/ros2_ws/install/uf_ros_lib/lib/python3.10/site-packages:${PYTHONPATH} /usr/bin/python3 -W ignore:setup.py install is deprecated -W ignore:easy_install command is deprecated setup.py egg_info --egg-base ../../../build/uf_ros_lib build --build-base /home/fectec/X-ARM_VisualServoing/ros2_ws/build/uf_ros_lib/build install --record /home/fectec/X-ARM_VisualServoing/ros2_ws/build/uf_ros_lib/install.log --single-version-externally-managed install_data
[2.077s] running egg_info
[2.079s] writing ../../../build/uf_ros_lib/uf_ros_lib.egg-info/PKG-INFO
[2.079s] writing dependency_links to ../../../build/uf_ros_lib/uf_ros_lib.egg-info/dependency_links.txt
[2.080s] writing entry points to ../../../build/uf_ros_lib/uf_ros_lib.egg-info/entry_points.txt
[2.080s] writing requirements to ../../../build/uf_ros_lib/uf_ros_lib.egg-info/requires.txt
[2.080s] writing top-level names to ../../../build/uf_ros_lib/uf_ros_lib.egg-info/top_level.txt
[2.083s] reading manifest file '../../../build/uf_ros_lib/uf_ros_lib.egg-info/SOURCES.txt'
[2.084s] writing manifest file '../../../build/uf_ros_lib/uf_ros_lib.egg-info/SOURCES.txt'
[2.084s] running build
[2.085s] running build_py
[2.086s] running install
[2.086s] running install_lib
[2.088s] running install_data
[2.088s] running install_egg_info
[2.095s] removing '/home/fectec/X-ARM_VisualServoing/ros2_ws/install/uf_ros_lib/lib/python3.10/site-packages/uf_ros_lib-0.0.0-py3.10.egg-info' (and everything under it)
[2.096s] Copying ../../../build/uf_ros_lib/uf_ros_lib.egg-info to /home/fectec/X-ARM_VisualServoing/ros2_ws/install/uf_ros_lib/lib/python3.10/site-packages/uf_ros_lib-0.0.0-py3.10.egg-info
[2.098s] running install_scripts
[2.133s] writing list of installed files to '/home/fectec/X-ARM_VisualServoing/ros2_ws/build/uf_ros_lib/install.log'
[2.171s] Invoked command in '/home/fectec/X-ARM_VisualServoing/ros2_ws/src/xarm_ros2/uf_ros_lib' returned '0': PYTHONPATH=/home/fectec/X-ARM_VisualServoing/ros2_ws/build/uf_ros_lib/prefix_override:/usr/lib/python3/dist-packages/colcon_core/task/python/colcon_distutils_commands:/home/fectec/X-ARM_VisualServoing/ros2_ws/install/uf_ros_lib/lib/python3.10/site-packages:${PYTHONPATH} /usr/bin/python3 -W ignore:setup.py install is deprecated -W ignore:easy_install command is deprecated setup.py egg_info --egg-base ../../../build/uf_ros_lib build --build-base /home/fectec/X-ARM_VisualServoing/ros2_ws/build/uf_ros_lib/build install --record /home/fectec/X-ARM_VisualServoing/ros2_ws/build/uf_ros_lib/install.log --single-version-externally-managed install_data
