[0.034s] Invoking command in '/home/fectec/X-ARM_VisualServoing/ros2_ws/build/xarm_moveit_servo': AMENT_PREFIX_PATH=/home/fectec/X-ARM_VisualServoing/ros2_ws/install/xarm_moveit_config:/home/fectec/X-ARM_VisualServoing/ros2_ws/install/xarm_gazebo:/home/fectec/X-ARM_VisualServoing/ros2_ws/install/xarm_controller:/home/fectec/X-ARM_VisualServoing/ros2_ws/install/xarm_api:/home/fectec/X-ARM_VisualServoing/ros2_ws/install/xarm_sdk:/home/fectec/X-ARM_VisualServoing/ros2_ws/install/xarm_msgs:/home/fectec/X-ARM_VisualServoing/ros2_ws/install/xarm_description:/home/fectec/X-ARM_VisualServoing/ros2_ws/install/uf_ros_lib:${AMENT_PREFIX_PATH} CMAKE_PREFIX_PATH=/home/fectec/X-ARM_VisualServoing/ros2_ws/install/xarm_moveit_config:/home/fectec/X-ARM_VisualServoing/ros2_ws/install/xarm_gazebo:/home/fectec/X-ARM_VisualServoing/ros2_ws/install/xarm_controller:/home/fectec/X-ARM_VisualServoing/ros2_ws/install/xarm_api:/home/fectec/X-ARM_VisualServoing/ros2_ws/install/xarm_sdk:/home/fectec/X-ARM_VisualServoing/ros2_ws/install/xarm_msgs:/home/fectec/X-ARM_VisualServoing/ros2_ws/install/xarm_description:/home/fectec/uros_ws/install/micro_ros_setup:/home/fectec/uros_ws/install/micro_ros_agent:/home/fectec/uros_ws/install/micro_ros_msgs:/opt/ros/humble LD_LIBRARY_PATH=/home/fectec/X-ARM_VisualServoing/ros2_ws/install/xarm_gazebo/lib:/home/fectec/X-ARM_VisualServoing/ros2_ws/install/xarm_controller/lib:/home/fectec/X-ARM_VisualServoing/ros2_ws/install/xarm_api/lib:/home/fectec/X-ARM_VisualServoing/ros2_ws/install/xarm_sdk/lib:/home/fectec/X-ARM_VisualServoing/ros2_ws/install/xarm_msgs/lib:${LD_LIBRARY_PATH} PYTHONPATH=/home/fectec/X-ARM_VisualServoing/ros2_ws/install/xarm_msgs/local/lib/python3.10/dist-packages:/home/fectec/X-ARM_VisualServoing/ros2_ws/install/uf_ros_lib/lib/python3.10/site-packages:${PYTHONPATH} /usr/bin/cmake /home/fectec/X-ARM_VisualServoing/ros2_ws/src/xarm_ros2/xarm_moveit_servo -DCMAKE_INSTALL_PREFIX=/home/fectec/X-ARM_VisualServoing/ros2_ws/install/xarm_moveit_servo
[0.123s] -- The C compiler identification is GNU 11.4.0
[0.200s] -- The CXX compiler identification is GNU 11.4.0
[0.209s] -- Detecting C compiler ABI info
[0.302s] -- Detecting C compiler ABI info - done
[0.312s] -- Check for working C compiler: /usr/bin/cc - skipped
[0.312s] -- Detecting C compile features
[0.313s] -- Detecting C compile features - done
[0.316s] -- Detecting CXX compiler ABI info
[0.429s] -- Detecting CXX compiler ABI info - done
[0.439s] -- Check for working CXX compiler: /usr/bin/c++ - skipped
[0.440s] -- Detecting CXX compile features
[0.441s] -- Detecting CXX compile features - done
[0.447s] -- Found ament_cmake: 1.3.11 (/opt/ros/humble/share/ament_cmake/cmake)
[0.651s] -- Found Python3: /usr/bin/python3 (found version "3.10.12") found components: Interpreter 
[0.787s] -- Found rclcpp: 16.0.12 (/opt/ros/humble/share/rclcpp/cmake)
[0.868s] -- Found rosidl_generator_c: 3.1.6 (/opt/ros/humble/share/rosidl_generator_c/cmake)
[0.879s] -- Found rosidl_adapter: 3.1.6 (/opt/ros/humble/share/rosidl_adapter/cmake)
[0.896s] -- Found rosidl_generator_cpp: 3.1.6 (/opt/ros/humble/share/rosidl_generator_cpp/cmake)
[0.915s] -- Using all available rosidl_typesupport_c: rosidl_typesupport_fastrtps_c;rosidl_typesupport_introspection_c
[0.941s] -- Using all available rosidl_typesupport_cpp: rosidl_typesupport_fastrtps_cpp;rosidl_typesupport_introspection_cpp
[1.017s] -- Found rmw_implementation_cmake: 6.1.2 (/opt/ros/humble/share/rmw_implementation_cmake/cmake)
[1.022s] -- Found rmw_fastrtps_cpp: 6.2.7 (/opt/ros/humble/share/rmw_fastrtps_cpp/cmake)
[1.149s] -- Found OpenSSL: /usr/lib/x86_64-linux-gnu/libcrypto.so (found version "3.0.2")  
[1.192s] -- Found FastRTPS: /opt/ros/humble/include  
[1.251s] -- Using RMW implementation 'rmw_fastrtps_cpp' as default
[1.267s] -- Looking for pthread.h
[1.360s] -- Looking for pthread.h - found
[1.361s] -- Performing Test CMAKE_HAVE_LIBC_PTHREAD
[1.455s] -- Performing Test CMAKE_HAVE_LIBC_PTHREAD - Success
[1.457s] -- Found Threads: TRUE  
[1.532s] -- Found rclcpp_components: 16.0.12 (/opt/ros/humble/share/rclcpp_components/cmake)
[1.586s] -- Found std_srvs: 4.8.0 (/opt/ros/humble/share/std_srvs/cmake)
[1.609s] -- Found sensor_msgs: 4.8.0 (/opt/ros/humble/share/sensor_msgs/cmake)
[1.654s] -- Found control_msgs: 4.8.0 (/opt/ros/humble/share/control_msgs/cmake)
[1.760s] -- Found moveit_msgs: 2.2.1 (/opt/ros/humble/share/moveit_msgs/cmake)
[1.887s] -- Found moveit_ros_planning: 2.5.9 (/opt/ros/humble/share/moveit_ros_planning/cmake)
[1.932s] -- Found Boost: /usr/lib/x86_64-linux-gnu/cmake/Boost-1.74.0/BoostConfig.cmake (found version "1.74.0") found components: system filesystem date_time program_options thread chrono 
[2.215s] -- Found Boost: /usr/lib/x86_64-linux-gnu/cmake/Boost-1.74.0/BoostConfig.cmake (found version "1.74.0") found components: chrono date_time filesystem iostreams program_options regex serialization system thread 
[2.303s] -- Found parameter_traits: 0.4.0 (/opt/ros/humble/share/parameter_traits/cmake)
[2.324s] -- Found Eigen3: TRUE (found version "3.4.0") 
[2.330s] -- Found rclcpp_lifecycle: 16.0.12 (/opt/ros/humble/share/rclcpp_lifecycle/cmake)
[2.370s] -- Found Boost: /usr/lib/x86_64-linux-gnu/cmake/Boost-1.74.0/BoostConfig.cmake (found version "1.74.0") found components: filesystem 
[2.525s] -- library: /usr/lib/x86_64-linux-gnu/libcurl.so
[2.588s] -- Ensuring Eigen3 include directory is part of orocos-kdl CMake target
[2.685s] -- Found ament_lint_auto: 0.12.12 (/opt/ros/humble/share/ament_lint_auto/cmake)
[2.864s] -- Added test 'copyright' to check source files copyright and LICENSE
[2.870s] -- Added test 'cppcheck' to perform static code analysis on C / C++ code
[2.870s] -- Configured cppcheck include dirs: /home/fectec/X-ARM_VisualServoing/ros2_ws/src/xarm_ros2/xarm_moveit_servo/include
[2.871s] -- Configured cppcheck exclude dirs and/or files: 
[2.873s] -- Added test 'cpplint' to check C / C++ code against the Google style
[2.874s] -- Configured cpplint exclude dirs and/or files: 
[2.875s] -- Added test 'flake8' to check Python code syntax and style conventions
[2.876s] -- Added test 'lint_cmake' to check CMake code style
[2.878s] -- Added test 'pep257' to check Python code against some of the docstring style conventions in PEP 257
[2.880s] -- Added test 'uncrustify' to check C / C++ code style
[2.880s] -- Configured uncrustify additional arguments: 
[2.882s] -- Added test 'xmllint' to check XML markup files
[2.885s] -- Configuring done
[2.965s] -- Generating done
[2.982s] -- Build files have been written to: /home/fectec/X-ARM_VisualServoing/ros2_ws/build/xarm_moveit_servo
[3.009s] Invoked command in '/home/fectec/X-ARM_VisualServoing/ros2_ws/build/xarm_moveit_servo' returned '0': AMENT_PREFIX_PATH=/home/fectec/X-ARM_VisualServoing/ros2_ws/install/xarm_moveit_config:/home/fectec/X-ARM_VisualServoing/ros2_ws/install/xarm_gazebo:/home/fectec/X-ARM_VisualServoing/ros2_ws/install/xarm_controller:/home/fectec/X-ARM_VisualServoing/ros2_ws/install/xarm_api:/home/fectec/X-ARM_VisualServoing/ros2_ws/install/xarm_sdk:/home/fectec/X-ARM_VisualServoing/ros2_ws/install/xarm_msgs:/home/fectec/X-ARM_VisualServoing/ros2_ws/install/xarm_description:/home/fectec/X-ARM_VisualServoing/ros2_ws/install/uf_ros_lib:${AMENT_PREFIX_PATH} CMAKE_PREFIX_PATH=/home/fectec/X-ARM_VisualServoing/ros2_ws/install/xarm_moveit_config:/home/fectec/X-ARM_VisualServoing/ros2_ws/install/xarm_gazebo:/home/fectec/X-ARM_VisualServoing/ros2_ws/install/xarm_controller:/home/fectec/X-ARM_VisualServoing/ros2_ws/install/xarm_api:/home/fectec/X-ARM_VisualServoing/ros2_ws/install/xarm_sdk:/home/fectec/X-ARM_VisualServoing/ros2_ws/install/xarm_msgs:/home/fectec/X-ARM_VisualServoing/ros2_ws/install/xarm_description:/home/fectec/uros_ws/install/micro_ros_setup:/home/fectec/uros_ws/install/micro_ros_agent:/home/fectec/uros_ws/install/micro_ros_msgs:/opt/ros/humble LD_LIBRARY_PATH=/home/fectec/X-ARM_VisualServoing/ros2_ws/install/xarm_gazebo/lib:/home/fectec/X-ARM_VisualServoing/ros2_ws/install/xarm_controller/lib:/home/fectec/X-ARM_VisualServoing/ros2_ws/install/xarm_api/lib:/home/fectec/X-ARM_VisualServoing/ros2_ws/install/xarm_sdk/lib:/home/fectec/X-ARM_VisualServoing/ros2_ws/install/xarm_msgs/lib:${LD_LIBRARY_PATH} PYTHONPATH=/home/fectec/X-ARM_VisualServoing/ros2_ws/install/xarm_msgs/local/lib/python3.10/dist-packages:/home/fectec/X-ARM_VisualServoing/ros2_ws/install/uf_ros_lib/lib/python3.10/site-packages:${PYTHONPATH} /usr/bin/cmake /home/fectec/X-ARM_VisualServoing/ros2_ws/src/xarm_ros2/xarm_moveit_servo -DCMAKE_INSTALL_PREFIX=/home/fectec/X-ARM_VisualServoing/ros2_ws/install/xarm_moveit_servo
[3.012s] Invoking command in '/home/fectec/X-ARM_VisualServoing/ros2_ws/build/xarm_moveit_servo': AMENT_PREFIX_PATH=/home/fectec/X-ARM_VisualServoing/ros2_ws/install/xarm_moveit_config:/home/fectec/X-ARM_VisualServoing/ros2_ws/install/xarm_gazebo:/home/fectec/X-ARM_VisualServoing/ros2_ws/install/xarm_controller:/home/fectec/X-ARM_VisualServoing/ros2_ws/install/xarm_api:/home/fectec/X-ARM_VisualServoing/ros2_ws/install/xarm_sdk:/home/fectec/X-ARM_VisualServoing/ros2_ws/install/xarm_msgs:/home/fectec/X-ARM_VisualServoing/ros2_ws/install/xarm_description:/home/fectec/X-ARM_VisualServoing/ros2_ws/install/uf_ros_lib:${AMENT_PREFIX_PATH} CMAKE_PREFIX_PATH=/home/fectec/X-ARM_VisualServoing/ros2_ws/install/xarm_moveit_config:/home/fectec/X-ARM_VisualServoing/ros2_ws/install/xarm_gazebo:/home/fectec/X-ARM_VisualServoing/ros2_ws/install/xarm_controller:/home/fectec/X-ARM_VisualServoing/ros2_ws/install/xarm_api:/home/fectec/X-ARM_VisualServoing/ros2_ws/install/xarm_sdk:/home/fectec/X-ARM_VisualServoing/ros2_ws/install/xarm_msgs:/home/fectec/X-ARM_VisualServoing/ros2_ws/install/xarm_description:/home/fectec/uros_ws/install/micro_ros_setup:/home/fectec/uros_ws/install/micro_ros_agent:/home/fectec/uros_ws/install/micro_ros_msgs:/opt/ros/humble LD_LIBRARY_PATH=/home/fectec/X-ARM_VisualServoing/ros2_ws/install/xarm_gazebo/lib:/home/fectec/X-ARM_VisualServoing/ros2_ws/install/xarm_controller/lib:/home/fectec/X-ARM_VisualServoing/ros2_ws/install/xarm_api/lib:/home/fectec/X-ARM_VisualServoing/ros2_ws/install/xarm_sdk/lib:/home/fectec/X-ARM_VisualServoing/ros2_ws/install/xarm_msgs/lib:${LD_LIBRARY_PATH} PYTHONPATH=/home/fectec/X-ARM_VisualServoing/ros2_ws/install/xarm_msgs/local/lib/python3.10/dist-packages:/home/fectec/X-ARM_VisualServoing/ros2_ws/install/uf_ros_lib/lib/python3.10/site-packages:${PYTHONPATH} /usr/bin/cmake --build /home/fectec/X-ARM_VisualServoing/ros2_ws/build/xarm_moveit_servo -- -j12 -l12
[3.101s] [ 50%] [32mBuilding CXX object CMakeFiles/xarm_joystick_input.dir/src/xarm_joystick_input.cpp.o[0m
[3.101s] [ 50%] [32mBuilding CXX object CMakeFiles/xarm_keyboard_input.dir/src/xarm_keyboard_input.cpp.o[0m
[16.029s] [ 75%] [32m[1mLinking CXX executable xarm_keyboard_input[0m
[16.954s] [ 75%] Built target xarm_keyboard_input
[23.023s] [100%] [32m[1mLinking CXX shared library libxarm_joystick_input.so[0m
[24.995s] [100%] Built target xarm_joystick_input
[25.017s] Invoked command in '/home/fectec/X-ARM_VisualServoing/ros2_ws/build/xarm_moveit_servo' returned '0': AMENT_PREFIX_PATH=/home/fectec/X-ARM_VisualServoing/ros2_ws/install/xarm_moveit_config:/home/fectec/X-ARM_VisualServoing/ros2_ws/install/xarm_gazebo:/home/fectec/X-ARM_VisualServoing/ros2_ws/install/xarm_controller:/home/fectec/X-ARM_VisualServoing/ros2_ws/install/xarm_api:/home/fectec/X-ARM_VisualServoing/ros2_ws/install/xarm_sdk:/home/fectec/X-ARM_VisualServoing/ros2_ws/install/xarm_msgs:/home/fectec/X-ARM_VisualServoing/ros2_ws/install/xarm_description:/home/fectec/X-ARM_VisualServoing/ros2_ws/install/uf_ros_lib:${AMENT_PREFIX_PATH} CMAKE_PREFIX_PATH=/home/fectec/X-ARM_VisualServoing/ros2_ws/install/xarm_moveit_config:/home/fectec/X-ARM_VisualServoing/ros2_ws/install/xarm_gazebo:/home/fectec/X-ARM_VisualServoing/ros2_ws/install/xarm_controller:/home/fectec/X-ARM_VisualServoing/ros2_ws/install/xarm_api:/home/fectec/X-ARM_VisualServoing/ros2_ws/install/xarm_sdk:/home/fectec/X-ARM_VisualServoing/ros2_ws/install/xarm_msgs:/home/fectec/X-ARM_VisualServoing/ros2_ws/install/xarm_description:/home/fectec/uros_ws/install/micro_ros_setup:/home/fectec/uros_ws/install/micro_ros_agent:/home/fectec/uros_ws/install/micro_ros_msgs:/opt/ros/humble LD_LIBRARY_PATH=/home/fectec/X-ARM_VisualServoing/ros2_ws/install/xarm_gazebo/lib:/home/fectec/X-ARM_VisualServoing/ros2_ws/install/xarm_controller/lib:/home/fectec/X-ARM_VisualServoing/ros2_ws/install/xarm_api/lib:/home/fectec/X-ARM_VisualServoing/ros2_ws/install/xarm_sdk/lib:/home/fectec/X-ARM_VisualServoing/ros2_ws/install/xarm_msgs/lib:${LD_LIBRARY_PATH} PYTHONPATH=/home/fectec/X-ARM_VisualServoing/ros2_ws/install/xarm_msgs/local/lib/python3.10/dist-packages:/home/fectec/X-ARM_VisualServoing/ros2_ws/install/uf_ros_lib/lib/python3.10/site-packages:${PYTHONPATH} /usr/bin/cmake --build /home/fectec/X-ARM_VisualServoing/ros2_ws/build/xarm_moveit_servo -- -j12 -l12
[25.021s] Invoking command in '/home/fectec/X-ARM_VisualServoing/ros2_ws/build/xarm_moveit_servo': AMENT_PREFIX_PATH=/home/fectec/X-ARM_VisualServoing/ros2_ws/install/xarm_moveit_config:/home/fectec/X-ARM_VisualServoing/ros2_ws/install/xarm_gazebo:/home/fectec/X-ARM_VisualServoing/ros2_ws/install/xarm_controller:/home/fectec/X-ARM_VisualServoing/ros2_ws/install/xarm_api:/home/fectec/X-ARM_VisualServoing/ros2_ws/install/xarm_sdk:/home/fectec/X-ARM_VisualServoing/ros2_ws/install/xarm_msgs:/home/fectec/X-ARM_VisualServoing/ros2_ws/install/xarm_description:/home/fectec/X-ARM_VisualServoing/ros2_ws/install/uf_ros_lib:${AMENT_PREFIX_PATH} CMAKE_PREFIX_PATH=/home/fectec/X-ARM_VisualServoing/ros2_ws/install/xarm_moveit_config:/home/fectec/X-ARM_VisualServoing/ros2_ws/install/xarm_gazebo:/home/fectec/X-ARM_VisualServoing/ros2_ws/install/xarm_controller:/home/fectec/X-ARM_VisualServoing/ros2_ws/install/xarm_api:/home/fectec/X-ARM_VisualServoing/ros2_ws/install/xarm_sdk:/home/fectec/X-ARM_VisualServoing/ros2_ws/install/xarm_msgs:/home/fectec/X-ARM_VisualServoing/ros2_ws/install/xarm_description:/home/fectec/uros_ws/install/micro_ros_setup:/home/fectec/uros_ws/install/micro_ros_agent:/home/fectec/uros_ws/install/micro_ros_msgs:/opt/ros/humble LD_LIBRARY_PATH=/home/fectec/X-ARM_VisualServoing/ros2_ws/install/xarm_gazebo/lib:/home/fectec/X-ARM_VisualServoing/ros2_ws/install/xarm_controller/lib:/home/fectec/X-ARM_VisualServoing/ros2_ws/install/xarm_api/lib:/home/fectec/X-ARM_VisualServoing/ros2_ws/install/xarm_sdk/lib:/home/fectec/X-ARM_VisualServoing/ros2_ws/install/xarm_msgs/lib:${LD_LIBRARY_PATH} PYTHONPATH=/home/fectec/X-ARM_VisualServoing/ros2_ws/install/xarm_msgs/local/lib/python3.10/dist-packages:/home/fectec/X-ARM_VisualServoing/ros2_ws/install/uf_ros_lib/lib/python3.10/site-packages:${PYTHONPATH} /usr/bin/cmake --install /home/fectec/X-ARM_VisualServoing/ros2_ws/build/xarm_moveit_servo
[25.038s] -- Install configuration: ""
[25.039s] -- Installing: /home/fectec/X-ARM_VisualServoing/ros2_ws/install/xarm_moveit_servo/lib/libxarm_joystick_input.so
[25.050s] -- Set runtime path of "/home/fectec/X-ARM_VisualServoing/ros2_ws/install/xarm_moveit_servo/lib/libxarm_joystick_input.so" to ""
[25.051s] -- Installing: /home/fectec/X-ARM_VisualServoing/ros2_ws/install/xarm_moveit_servo/lib/xarm_moveit_servo/xarm_keyboard_input
[25.055s] -- Set runtime path of "/home/fectec/X-ARM_VisualServoing/ros2_ws/install/xarm_moveit_servo/lib/xarm_moveit_servo/xarm_keyboard_input" to ""
[25.055s] -- Installing: /home/fectec/X-ARM_VisualServoing/ros2_ws/install/xarm_moveit_servo/share/xarm_moveit_servo//config
[25.055s] -- Installing: /home/fectec/X-ARM_VisualServoing/ros2_ws/install/xarm_moveit_servo/share/xarm_moveit_servo//config/xarm_moveit_servo_config.yaml
[25.056s] -- Installing: /home/fectec/X-ARM_VisualServoing/ros2_ws/install/xarm_moveit_servo/share/xarm_moveit_servo//launch
[25.056s] -- Installing: /home/fectec/X-ARM_VisualServoing/ros2_ws/install/xarm_moveit_servo/share/xarm_moveit_servo//launch/lite6_moveit_servo_fake.launch.py
[25.056s] -- Installing: /home/fectec/X-ARM_VisualServoing/ros2_ws/install/xarm_moveit_servo/share/xarm_moveit_servo//launch/_robot_moveit_servo_realmove.launch.py
[25.057s] -- Installing: /home/fectec/X-ARM_VisualServoing/ros2_ws/install/xarm_moveit_servo/share/xarm_moveit_servo//launch/lite6_moveit_servo_realmove.launch.py
[25.057s] -- Installing: /home/fectec/X-ARM_VisualServoing/ros2_ws/install/xarm_moveit_servo/share/xarm_moveit_servo//launch/xarm_moveit_servo_fake.launch.py
[25.058s] -- Installing: /home/fectec/X-ARM_VisualServoing/ros2_ws/install/xarm_moveit_servo/share/xarm_moveit_servo//launch/_robot_moveit_servo_fake.launch.py
[25.058s] -- Installing: /home/fectec/X-ARM_VisualServoing/ros2_ws/install/xarm_moveit_servo/share/xarm_moveit_servo//launch/uf850_moveit_servo_realmove.launch.py
[25.059s] -- Installing: /home/fectec/X-ARM_VisualServoing/ros2_ws/install/xarm_moveit_servo/share/xarm_moveit_servo//launch/uf850_moveit_servo_fake.launch.py
[25.059s] -- Installing: /home/fectec/X-ARM_VisualServoing/ros2_ws/install/xarm_moveit_servo/share/xarm_moveit_servo//launch/_robot_moveit_servo.launch.py
[25.060s] -- Installing: /home/fectec/X-ARM_VisualServoing/ros2_ws/install/xarm_moveit_servo/share/xarm_moveit_servo//launch/xarm_moveit_servo_realmove.launch.py
[25.060s] -- Installing: /home/fectec/X-ARM_VisualServoing/ros2_ws/install/xarm_moveit_servo/share/xarm_moveit_servo//rviz
[25.060s] -- Installing: /home/fectec/X-ARM_VisualServoing/ros2_ws/install/xarm_moveit_servo/share/xarm_moveit_servo//rviz/servo.rviz
[25.061s] -- Installing: /home/fectec/X-ARM_VisualServoing/ros2_ws/install/xarm_moveit_servo/share/ament_index/resource_index/package_run_dependencies/xarm_moveit_servo
[25.061s] -- Installing: /home/fectec/X-ARM_VisualServoing/ros2_ws/install/xarm_moveit_servo/share/ament_index/resource_index/parent_prefix_path/xarm_moveit_servo
[25.062s] -- Installing: /home/fectec/X-ARM_VisualServoing/ros2_ws/install/xarm_moveit_servo/share/xarm_moveit_servo/environment/ament_prefix_path.sh
[25.062s] -- Installing: /home/fectec/X-ARM_VisualServoing/ros2_ws/install/xarm_moveit_servo/share/xarm_moveit_servo/environment/ament_prefix_path.dsv
[25.062s] -- Installing: /home/fectec/X-ARM_VisualServoing/ros2_ws/install/xarm_moveit_servo/share/xarm_moveit_servo/environment/path.sh
[25.063s] -- Installing: /home/fectec/X-ARM_VisualServoing/ros2_ws/install/xarm_moveit_servo/share/xarm_moveit_servo/environment/path.dsv
[25.063s] -- Installing: /home/fectec/X-ARM_VisualServoing/ros2_ws/install/xarm_moveit_servo/share/xarm_moveit_servo/local_setup.bash
[25.063s] -- Installing: /home/fectec/X-ARM_VisualServoing/ros2_ws/install/xarm_moveit_servo/share/xarm_moveit_servo/local_setup.sh
[25.063s] -- Installing: /home/fectec/X-ARM_VisualServoing/ros2_ws/install/xarm_moveit_servo/share/xarm_moveit_servo/local_setup.zsh
[25.064s] -- Installing: /home/fectec/X-ARM_VisualServoing/ros2_ws/install/xarm_moveit_servo/share/xarm_moveit_servo/local_setup.dsv
[25.064s] -- Installing: /home/fectec/X-ARM_VisualServoing/ros2_ws/install/xarm_moveit_servo/share/xarm_moveit_servo/package.dsv
[25.064s] -- Installing: /home/fectec/X-ARM_VisualServoing/ros2_ws/install/xarm_moveit_servo/share/ament_index/resource_index/packages/xarm_moveit_servo
[25.067s] -- Installing: /home/fectec/X-ARM_VisualServoing/ros2_ws/install/xarm_moveit_servo/share/ament_index/resource_index/rclcpp_components/xarm_moveit_servo
[25.069s] -- Installing: /home/fectec/X-ARM_VisualServoing/ros2_ws/install/xarm_moveit_servo/share/xarm_moveit_servo/cmake/xarm_moveit_servoConfig.cmake
[25.070s] -- Installing: /home/fectec/X-ARM_VisualServoing/ros2_ws/install/xarm_moveit_servo/share/xarm_moveit_servo/cmake/xarm_moveit_servoConfig-version.cmake
[25.070s] -- Installing: /home/fectec/X-ARM_VisualServoing/ros2_ws/install/xarm_moveit_servo/share/xarm_moveit_servo/package.xml
[25.074s] Invoked command in '/home/fectec/X-ARM_VisualServoing/ros2_ws/build/xarm_moveit_servo' returned '0': AMENT_PREFIX_PATH=/home/fectec/X-ARM_VisualServoing/ros2_ws/install/xarm_moveit_config:/home/fectec/X-ARM_VisualServoing/ros2_ws/install/xarm_gazebo:/home/fectec/X-ARM_VisualServoing/ros2_ws/install/xarm_controller:/home/fectec/X-ARM_VisualServoing/ros2_ws/install/xarm_api:/home/fectec/X-ARM_VisualServoing/ros2_ws/install/xarm_sdk:/home/fectec/X-ARM_VisualServoing/ros2_ws/install/xarm_msgs:/home/fectec/X-ARM_VisualServoing/ros2_ws/install/xarm_description:/home/fectec/X-ARM_VisualServoing/ros2_ws/install/uf_ros_lib:${AMENT_PREFIX_PATH} CMAKE_PREFIX_PATH=/home/fectec/X-ARM_VisualServoing/ros2_ws/install/xarm_moveit_config:/home/fectec/X-ARM_VisualServoing/ros2_ws/install/xarm_gazebo:/home/fectec/X-ARM_VisualServoing/ros2_ws/install/xarm_controller:/home/fectec/X-ARM_VisualServoing/ros2_ws/install/xarm_api:/home/fectec/X-ARM_VisualServoing/ros2_ws/install/xarm_sdk:/home/fectec/X-ARM_VisualServoing/ros2_ws/install/xarm_msgs:/home/fectec/X-ARM_VisualServoing/ros2_ws/install/xarm_description:/home/fectec/uros_ws/install/micro_ros_setup:/home/fectec/uros_ws/install/micro_ros_agent:/home/fectec/uros_ws/install/micro_ros_msgs:/opt/ros/humble LD_LIBRARY_PATH=/home/fectec/X-ARM_VisualServoing/ros2_ws/install/xarm_gazebo/lib:/home/fectec/X-ARM_VisualServoing/ros2_ws/install/xarm_controller/lib:/home/fectec/X-ARM_VisualServoing/ros2_ws/install/xarm_api/lib:/home/fectec/X-ARM_VisualServoing/ros2_ws/install/xarm_sdk/lib:/home/fectec/X-ARM_VisualServoing/ros2_ws/install/xarm_msgs/lib:${LD_LIBRARY_PATH} PYTHONPATH=/home/fectec/X-ARM_VisualServoing/ros2_ws/install/xarm_msgs/local/lib/python3.10/dist-packages:/home/fectec/X-ARM_VisualServoing/ros2_ws/install/uf_ros_lib/lib/python3.10/site-packages:${PYTHONPATH} /usr/bin/cmake --install /home/fectec/X-ARM_VisualServoing/ros2_ws/build/xarm_moveit_servo
