[0.033s] Invoking command in '/home/fectec/X-ARM_VisualServoing/ros2_ws/build/xarm_gazebo': AMENT_PREFIX_PATH=/home/fectec/X-ARM_VisualServoing/ros2_ws/install/xarm_controller:/home/fectec/X-ARM_VisualServoing/ros2_ws/install/xarm_api:/home/fectec/X-ARM_VisualServoing/ros2_ws/install/xarm_sdk:/home/fectec/X-ARM_VisualServoing/ros2_ws/install/xarm_msgs:/home/fectec/X-ARM_VisualServoing/ros2_ws/install/xarm_description:/home/fectec/X-ARM_VisualServoing/ros2_ws/install/uf_ros_lib:${AMENT_PREFIX_PATH} CMAKE_PREFIX_PATH=/home/fectec/X-ARM_VisualServoing/ros2_ws/install/xarm_controller:/home/fectec/X-ARM_VisualServoing/ros2_ws/install/xarm_api:/home/fectec/X-ARM_VisualServoing/ros2_ws/install/xarm_sdk:/home/fectec/X-ARM_VisualServoing/ros2_ws/install/xarm_msgs:/home/fectec/X-ARM_VisualServoing/ros2_ws/install/xarm_description:/home/fectec/uros_ws/install/micro_ros_setup:/home/fectec/uros_ws/install/micro_ros_agent:/home/fectec/uros_ws/install/micro_ros_msgs:/opt/ros/humble LD_LIBRARY_PATH=/home/fectec/X-ARM_VisualServoing/ros2_ws/install/xarm_controller/lib:/home/fectec/X-ARM_VisualServoing/ros2_ws/install/xarm_api/lib:/home/fectec/X-ARM_VisualServoing/ros2_ws/install/xarm_sdk/lib:/home/fectec/X-ARM_VisualServoing/ros2_ws/install/xarm_msgs/lib:${LD_LIBRARY_PATH} PYTHONPATH=/home/fectec/X-ARM_VisualServoing/ros2_ws/install/xarm_msgs/local/lib/python3.10/dist-packages:/home/fectec/X-ARM_VisualServoing/ros2_ws/install/uf_ros_lib/lib/python3.10/site-packages:${PYTHONPATH} /usr/bin/cmake /home/fectec/X-ARM_VisualServoing/ros2_ws/src/xarm_ros2/xarm_gazebo -DCMAKE_INSTALL_PREFIX=/home/fectec/X-ARM_VisualServoing/ros2_ws/install/xarm_gazebo
[0.124s] -- The C compiler identification is GNU 11.4.0
[0.223s] -- The CXX compiler identification is GNU 11.4.0
[0.239s] -- Detecting C compiler ABI info
[0.369s] -- Detecting C compiler ABI info - done
[0.383s] -- Check for working C compiler: /usr/bin/cc - skipped
[0.384s] -- Detecting C compile features
[0.384s] -- Detecting C compile features - done
[0.389s] -- Detecting CXX compiler ABI info
[0.634s] -- Detecting CXX compiler ABI info - done
[0.658s] -- Check for working CXX compiler: /usr/bin/c++ - skipped
[0.659s] -- Detecting CXX compile features
[0.660s] -- Detecting CXX compile features - done
[0.670s] -- Found ament_cmake: 1.3.11 (/opt/ros/humble/share/ament_cmake/cmake)
[1.112s] -- Found Python3: /usr/bin/python3 (found version "3.10.12") found components: Interpreter 
[1.330s] -- Found rclcpp: 16.0.12 (/opt/ros/humble/share/rclcpp/cmake)
[1.419s] -- Found rosidl_generator_c: 3.1.6 (/opt/ros/humble/share/rosidl_generator_c/cmake)
[1.430s] -- Found rosidl_adapter: 3.1.6 (/opt/ros/humble/share/rosidl_adapter/cmake)
[1.451s] -- Found rosidl_generator_cpp: 3.1.6 (/opt/ros/humble/share/rosidl_generator_cpp/cmake)
[1.482s] -- Using all available rosidl_typesupport_c: rosidl_typesupport_fastrtps_c;rosidl_typesupport_introspection_c
[1.526s] -- Using all available rosidl_typesupport_cpp: rosidl_typesupport_fastrtps_cpp;rosidl_typesupport_introspection_cpp
[1.641s] -- Found rmw_implementation_cmake: 6.1.2 (/opt/ros/humble/share/rmw_implementation_cmake/cmake)
[1.648s] -- Found rmw_fastrtps_cpp: 6.2.7 (/opt/ros/humble/share/rmw_fastrtps_cpp/cmake)
[1.836s] -- Found OpenSSL: /usr/lib/x86_64-linux-gnu/libcrypto.so (found version "3.0.2")  
[1.900s] -- Found FastRTPS: /opt/ros/humble/include  
[2.004s] -- Using RMW implementation 'rmw_fastrtps_cpp' as default
[2.029s] -- Looking for pthread.h
[2.586s] -- Looking for pthread.h - found
[2.587s] -- Performing Test CMAKE_HAVE_LIBC_PTHREAD
[3.190s] -- Performing Test CMAKE_HAVE_LIBC_PTHREAD - Success
[3.192s] -- Found Threads: TRUE  
[3.508s] -- Found control_toolbox: 3.6.1 (/opt/ros/humble/share/control_toolbox/cmake)
[4.573s] -- Found controller_manager: 2.50.0 (/opt/ros/humble/share/controller_manager/cmake)
[4.709s] -- Found gazebo_ros: 3.9.0 (/opt/ros/humble/share/gazebo_ros/cmake)
[4.741s] -- Found PkgConfig: /usr/bin/pkg-config (found version "0.29.2") 
[4.743s] -- Checking for module 'bullet>=2.82'
[4.763s] --   Found bullet, version 3.05
[4.965s] -- Found fcl: /usr/include (found suitable version "0.7.0", minimum required is "0.5.0") 
[5.051s] -- Found assimp: /usr/include (found version "5.2.0") 
[5.120s] -- Found DART: /usr/include (Required is at least version "6.6") found components: dart 
[5.194s] -- Found Boost: /usr/lib/x86_64-linux-gnu/cmake/Boost-1.74.0/BoostConfig.cmake (found suitable version "1.74.0", minimum required is "1.40.0") found components: thread system filesystem program_options regex iostreams date_time 
[5.239s] -- Found Protobuf: /usr/lib/x86_64-linux-gnu/libprotobuf.so (found version "3.12.4") 
[5.253s] -- Looking for ignition-math6 -- found version 6.15.1
[5.273s] -- Searching for dependencies of ignition-math6
[5.277s] -- Looking for OGRE...
[5.278s] -- OGRE_PREFIX_WATCH changed.
[5.286s] -- Checking for module 'OGRE'
[5.308s] --   Found OGRE, version 1.9.0
[5.370s] -- Found Ogre Ghadamon (1.9.0)
[5.386s] -- Found OGRE: optimized;/usr/lib/x86_64-linux-gnu/libOgreMain.so;debug;/usr/lib/x86_64-linux-gnu/libOgreMain.so
[5.401s] -- Looking for OGRE_Paging...
[5.410s] -- Found OGRE_Paging: optimized;/usr/lib/x86_64-linux-gnu/libOgrePaging.so;debug;/usr/lib/x86_64-linux-gnu/libOgrePaging.so
[5.410s] -- Looking for OGRE_Terrain...
[5.423s] -- Found OGRE_Terrain: optimized;/usr/lib/x86_64-linux-gnu/libOgreTerrain.so;debug;/usr/lib/x86_64-linux-gnu/libOgreTerrain.so
[5.423s] -- Looking for OGRE_Property...
[5.434s] -- Found OGRE_Property: optimized;/usr/lib/x86_64-linux-gnu/libOgreProperty.so;debug;/usr/lib/x86_64-linux-gnu/libOgreProperty.so
[5.434s] -- Looking for OGRE_RTShaderSystem...
[5.442s] -- Found OGRE_RTShaderSystem: optimized;/usr/lib/x86_64-linux-gnu/libOgreRTShaderSystem.so;debug;/usr/lib/x86_64-linux-gnu/libOgreRTShaderSystem.so
[5.442s] -- Looking for OGRE_Volume...
[5.469s] -- Found OGRE_Volume: optimized;/usr/lib/x86_64-linux-gnu/libOgreVolume.so;debug;/usr/lib/x86_64-linux-gnu/libOgreVolume.so
[5.469s] -- Looking for OGRE_Overlay...
[5.496s] -- Found OGRE_Overlay: optimized;/usr/lib/x86_64-linux-gnu/libOgreOverlay.so;debug;/usr/lib/x86_64-linux-gnu/libOgreOverlay.so
[5.753s] -- Looking for ignition-math6 -- found version 6.15.1
[5.762s] -- Looking for ignition-transport8 -- found version 8.2.1
[5.763s] -- Searching for dependencies of ignition-transport8
[5.792s] -- Found Protobuf: /usr/lib/x86_64-linux-gnu/libprotobuf.so (found suitable version "3.12.4", minimum required is "3") 
[5.814s] -- Config-file not installed for ZeroMQ -- checking for pkg-config
[5.824s] -- Checking for module 'libzmq >= 4'
[5.850s] --   Found libzmq , version 4.3.4
[5.915s] -- Found ZeroMQ: TRUE (Required is at least version "4") 
[5.935s] -- Checking for module 'uuid'
[5.956s] --   Found uuid, version 2.37.2
[6.021s] -- Found UUID: TRUE  
[6.030s] -- Looking for ignition-msgs5 -- found version 5.8.1
[6.031s] -- Searching for dependencies of ignition-msgs5
[6.075s] -- Looking for ignition-math6 -- found version 6.15.1
[6.086s] -- Checking for module 'tinyxml2'
[6.110s] --   Found tinyxml2, version 9.0.0
[6.178s] -- Looking for ignition-msgs5 -- found version 5.8.1
[6.185s] -- Looking for ignition-common3 -- found version 3.14.0
[6.186s] -- Searching for dependencies of ignition-common3
[6.188s] -- Looking for dlfcn.h - found
[6.190s] -- Looking for libdl - found
[6.193s] -- Found DL: TRUE  
[6.219s] -- Found tinyobjloader: /usr/lib/x86_64-linux-gnu/cmake/tinyobjloader/tinyobjloader-config.cmake (found version "2.0.0") 
[6.221s] -- Searching for <ignition-common3> component [graphics]
[6.227s] -- Looking for ignition-common3-graphics -- found version 3.14.0
[6.228s] -- Searching for dependencies of ignition-common3-graphics
[6.228s] -- Looking for ignition-math6 -- found version 6.15.1
[6.239s] -- Looking for ignition-fuel_tools4 -- found version 4.4.0
[6.240s] -- Searching for dependencies of ignition-fuel_tools4
[6.399s] -- Found CURL: /usr/lib/x86_64-linux-gnu/libcurl.so (found version "7.81.0")  
[6.418s] -- Checking for module 'jsoncpp'
[6.439s] --   Found jsoncpp, version 1.9.5
[6.497s] -- Found JSONCPP: TRUE  
[6.509s] -- Checking for module 'libzip'
[6.533s] --   Found libzip, version 1.7.3
[6.596s] -- Found ZIP: TRUE  
[6.597s] -- Looking for ignition-common3 -- found version 3.14.0
[6.597s] -- Looking for ignition-math6 -- found version 6.15.1
[6.598s] -- Looking for ignition-msgs5 -- found version 5.8.1
[6.617s] -- Gazebo version: 11.10
[6.618s] -- Checking for module 'tbb'
[6.644s] --   Found tbb, version 2021.5.0
[6.711s] -- Found ament_lint_auto: 0.12.12 (/opt/ros/humble/share/ament_lint_auto/cmake)
[6.884s] -- Added test 'copyright' to check source files copyright and LICENSE
[6.895s] -- Added test 'cppcheck' to perform static code analysis on C / C++ code
[6.897s] -- Configured cppcheck include dirs: /home/fectec/X-ARM_VisualServoing/ros2_ws/src/xarm_ros2/xarm_gazebo/include
[6.897s] -- Configured cppcheck exclude dirs and/or files: 
[6.900s] -- Added test 'cpplint' to check C / C++ code against the Google style
[6.901s] -- Configured cpplint exclude dirs and/or files: 
[6.902s] -- Added test 'flake8' to check Python code syntax and style conventions
[6.903s] -- Added test 'lint_cmake' to check CMake code style
[6.905s] -- Added test 'pep257' to check Python code against some of the docstring style conventions in PEP 257
[6.907s] -- Added test 'uncrustify' to check C / C++ code style
[6.907s] -- Configured uncrustify additional arguments: 
[6.908s] -- Added test 'xmllint' to check XML markup files
[6.910s] -- Configuring done
[7.069s] -- Generating done
[7.085s] -- Build files have been written to: /home/fectec/X-ARM_VisualServoing/ros2_ws/build/xarm_gazebo
[7.118s] Invoked command in '/home/fectec/X-ARM_VisualServoing/ros2_ws/build/xarm_gazebo' returned '0': AMENT_PREFIX_PATH=/home/fectec/X-ARM_VisualServoing/ros2_ws/install/xarm_controller:/home/fectec/X-ARM_VisualServoing/ros2_ws/install/xarm_api:/home/fectec/X-ARM_VisualServoing/ros2_ws/install/xarm_sdk:/home/fectec/X-ARM_VisualServoing/ros2_ws/install/xarm_msgs:/home/fectec/X-ARM_VisualServoing/ros2_ws/install/xarm_description:/home/fectec/X-ARM_VisualServoing/ros2_ws/install/uf_ros_lib:${AMENT_PREFIX_PATH} CMAKE_PREFIX_PATH=/home/fectec/X-ARM_VisualServoing/ros2_ws/install/xarm_controller:/home/fectec/X-ARM_VisualServoing/ros2_ws/install/xarm_api:/home/fectec/X-ARM_VisualServoing/ros2_ws/install/xarm_sdk:/home/fectec/X-ARM_VisualServoing/ros2_ws/install/xarm_msgs:/home/fectec/X-ARM_VisualServoing/ros2_ws/install/xarm_description:/home/fectec/uros_ws/install/micro_ros_setup:/home/fectec/uros_ws/install/micro_ros_agent:/home/fectec/uros_ws/install/micro_ros_msgs:/opt/ros/humble LD_LIBRARY_PATH=/home/fectec/X-ARM_VisualServoing/ros2_ws/install/xarm_controller/lib:/home/fectec/X-ARM_VisualServoing/ros2_ws/install/xarm_api/lib:/home/fectec/X-ARM_VisualServoing/ros2_ws/install/xarm_sdk/lib:/home/fectec/X-ARM_VisualServoing/ros2_ws/install/xarm_msgs/lib:${LD_LIBRARY_PATH} PYTHONPATH=/home/fectec/X-ARM_VisualServoing/ros2_ws/install/xarm_msgs/local/lib/python3.10/dist-packages:/home/fectec/X-ARM_VisualServoing/ros2_ws/install/uf_ros_lib/lib/python3.10/site-packages:${PYTHONPATH} /usr/bin/cmake /home/fectec/X-ARM_VisualServoing/ros2_ws/src/xarm_ros2/xarm_gazebo -DCMAKE_INSTALL_PREFIX=/home/fectec/X-ARM_VisualServoing/ros2_ws/install/xarm_gazebo
[7.121s] Invoking command in '/home/fectec/X-ARM_VisualServoing/ros2_ws/build/xarm_gazebo': AMENT_PREFIX_PATH=/home/fectec/X-ARM_VisualServoing/ros2_ws/install/xarm_controller:/home/fectec/X-ARM_VisualServoing/ros2_ws/install/xarm_api:/home/fectec/X-ARM_VisualServoing/ros2_ws/install/xarm_sdk:/home/fectec/X-ARM_VisualServoing/ros2_ws/install/xarm_msgs:/home/fectec/X-ARM_VisualServoing/ros2_ws/install/xarm_description:/home/fectec/X-ARM_VisualServoing/ros2_ws/install/uf_ros_lib:${AMENT_PREFIX_PATH} CMAKE_PREFIX_PATH=/home/fectec/X-ARM_VisualServoing/ros2_ws/install/xarm_controller:/home/fectec/X-ARM_VisualServoing/ros2_ws/install/xarm_api:/home/fectec/X-ARM_VisualServoing/ros2_ws/install/xarm_sdk:/home/fectec/X-ARM_VisualServoing/ros2_ws/install/xarm_msgs:/home/fectec/X-ARM_VisualServoing/ros2_ws/install/xarm_description:/home/fectec/uros_ws/install/micro_ros_setup:/home/fectec/uros_ws/install/micro_ros_agent:/home/fectec/uros_ws/install/micro_ros_msgs:/opt/ros/humble LD_LIBRARY_PATH=/home/fectec/X-ARM_VisualServoing/ros2_ws/install/xarm_controller/lib:/home/fectec/X-ARM_VisualServoing/ros2_ws/install/xarm_api/lib:/home/fectec/X-ARM_VisualServoing/ros2_ws/install/xarm_sdk/lib:/home/fectec/X-ARM_VisualServoing/ros2_ws/install/xarm_msgs/lib:${LD_LIBRARY_PATH} PYTHONPATH=/home/fectec/X-ARM_VisualServoing/ros2_ws/install/xarm_msgs/local/lib/python3.10/dist-packages:/home/fectec/X-ARM_VisualServoing/ros2_ws/install/uf_ros_lib/lib/python3.10/site-packages:${PYTHONPATH} /usr/bin/cmake --build /home/fectec/X-ARM_VisualServoing/ros2_ws/build/xarm_gazebo -- -j12 -l12
[7.234s] [ 50%] [32mBuilding CXX object CMakeFiles/gazebo_mimic_joint_plugin.dir/src/mimic_joint_plugin.cpp.o[0m
[23.223s] [100%] [32m[1mLinking CXX shared library libgazebo_mimic_joint_plugin.so[0m
[23.977s] [100%] Built target gazebo_mimic_joint_plugin
[23.990s] Invoked command in '/home/fectec/X-ARM_VisualServoing/ros2_ws/build/xarm_gazebo' returned '0': AMENT_PREFIX_PATH=/home/fectec/X-ARM_VisualServoing/ros2_ws/install/xarm_controller:/home/fectec/X-ARM_VisualServoing/ros2_ws/install/xarm_api:/home/fectec/X-ARM_VisualServoing/ros2_ws/install/xarm_sdk:/home/fectec/X-ARM_VisualServoing/ros2_ws/install/xarm_msgs:/home/fectec/X-ARM_VisualServoing/ros2_ws/install/xarm_description:/home/fectec/X-ARM_VisualServoing/ros2_ws/install/uf_ros_lib:${AMENT_PREFIX_PATH} CMAKE_PREFIX_PATH=/home/fectec/X-ARM_VisualServoing/ros2_ws/install/xarm_controller:/home/fectec/X-ARM_VisualServoing/ros2_ws/install/xarm_api:/home/fectec/X-ARM_VisualServoing/ros2_ws/install/xarm_sdk:/home/fectec/X-ARM_VisualServoing/ros2_ws/install/xarm_msgs:/home/fectec/X-ARM_VisualServoing/ros2_ws/install/xarm_description:/home/fectec/uros_ws/install/micro_ros_setup:/home/fectec/uros_ws/install/micro_ros_agent:/home/fectec/uros_ws/install/micro_ros_msgs:/opt/ros/humble LD_LIBRARY_PATH=/home/fectec/X-ARM_VisualServoing/ros2_ws/install/xarm_controller/lib:/home/fectec/X-ARM_VisualServoing/ros2_ws/install/xarm_api/lib:/home/fectec/X-ARM_VisualServoing/ros2_ws/install/xarm_sdk/lib:/home/fectec/X-ARM_VisualServoing/ros2_ws/install/xarm_msgs/lib:${LD_LIBRARY_PATH} PYTHONPATH=/home/fectec/X-ARM_VisualServoing/ros2_ws/install/xarm_msgs/local/lib/python3.10/dist-packages:/home/fectec/X-ARM_VisualServoing/ros2_ws/install/uf_ros_lib/lib/python3.10/site-packages:${PYTHONPATH} /usr/bin/cmake --build /home/fectec/X-ARM_VisualServoing/ros2_ws/build/xarm_gazebo -- -j12 -l12
[23.993s] Invoking command in '/home/fectec/X-ARM_VisualServoing/ros2_ws/build/xarm_gazebo': AMENT_PREFIX_PATH=/home/fectec/X-ARM_VisualServoing/ros2_ws/install/xarm_controller:/home/fectec/X-ARM_VisualServoing/ros2_ws/install/xarm_api:/home/fectec/X-ARM_VisualServoing/ros2_ws/install/xarm_sdk:/home/fectec/X-ARM_VisualServoing/ros2_ws/install/xarm_msgs:/home/fectec/X-ARM_VisualServoing/ros2_ws/install/xarm_description:/home/fectec/X-ARM_VisualServoing/ros2_ws/install/uf_ros_lib:${AMENT_PREFIX_PATH} CMAKE_PREFIX_PATH=/home/fectec/X-ARM_VisualServoing/ros2_ws/install/xarm_controller:/home/fectec/X-ARM_VisualServoing/ros2_ws/install/xarm_api:/home/fectec/X-ARM_VisualServoing/ros2_ws/install/xarm_sdk:/home/fectec/X-ARM_VisualServoing/ros2_ws/install/xarm_msgs:/home/fectec/X-ARM_VisualServoing/ros2_ws/install/xarm_description:/home/fectec/uros_ws/install/micro_ros_setup:/home/fectec/uros_ws/install/micro_ros_agent:/home/fectec/uros_ws/install/micro_ros_msgs:/opt/ros/humble LD_LIBRARY_PATH=/home/fectec/X-ARM_VisualServoing/ros2_ws/install/xarm_controller/lib:/home/fectec/X-ARM_VisualServoing/ros2_ws/install/xarm_api/lib:/home/fectec/X-ARM_VisualServoing/ros2_ws/install/xarm_sdk/lib:/home/fectec/X-ARM_VisualServoing/ros2_ws/install/xarm_msgs/lib:${LD_LIBRARY_PATH} PYTHONPATH=/home/fectec/X-ARM_VisualServoing/ros2_ws/install/xarm_msgs/local/lib/python3.10/dist-packages:/home/fectec/X-ARM_VisualServoing/ros2_ws/install/uf_ros_lib/lib/python3.10/site-packages:${PYTHONPATH} /usr/bin/cmake --install /home/fectec/X-ARM_VisualServoing/ros2_ws/build/xarm_gazebo
[24.001s] -- Install configuration: ""
[24.001s] -- Installing: /home/fectec/X-ARM_VisualServoing/ros2_ws/install/xarm_gazebo/include
[24.001s] -- Installing: /home/fectec/X-ARM_VisualServoing/ros2_ws/install/xarm_gazebo/include/xarm_gazebo
[24.002s] -- Installing: /home/fectec/X-ARM_VisualServoing/ros2_ws/install/xarm_gazebo/include/xarm_gazebo/mimic_joint_plugin.h
[24.002s] -- Installing: /home/fectec/X-ARM_VisualServoing/ros2_ws/install/xarm_gazebo/lib/libgazebo_mimic_joint_plugin.so
[24.006s] -- Set runtime path of "/home/fectec/X-ARM_VisualServoing/ros2_ws/install/xarm_gazebo/lib/libgazebo_mimic_joint_plugin.so" to ""
[24.006s] -- Installing: /home/fectec/X-ARM_VisualServoing/ros2_ws/install/xarm_gazebo/share/xarm_gazebo//worlds
[24.006s] -- Installing: /home/fectec/X-ARM_VisualServoing/ros2_ws/install/xarm_gazebo/share/xarm_gazebo//worlds/table.world
[24.007s] -- Installing: /home/fectec/X-ARM_VisualServoing/ros2_ws/install/xarm_gazebo/share/xarm_gazebo//launch
[24.007s] -- Installing: /home/fectec/X-ARM_VisualServoing/ros2_ws/install/xarm_gazebo/share/xarm_gazebo//launch/xarm5_beside_table_gazebo.launch.py
[24.007s] -- Installing: /home/fectec/X-ARM_VisualServoing/ros2_ws/install/xarm_gazebo/share/xarm_gazebo//launch/lite6_beside_table_gazebo.launch.py
[24.008s] -- Installing: /home/fectec/X-ARM_VisualServoing/ros2_ws/install/xarm_gazebo/share/xarm_gazebo//launch/uf850_beside_table_gazebo.launch.py
[24.008s] -- Installing: /home/fectec/X-ARM_VisualServoing/ros2_ws/install/xarm_gazebo/share/xarm_gazebo//launch/_robot_beside_table_ignition.launch.py
[24.009s] -- Installing: /home/fectec/X-ARM_VisualServoing/ros2_ws/install/xarm_gazebo/share/xarm_gazebo//launch/xarm7_mirror_beside_table_gazebo.launch.py
[24.009s] -- Installing: /home/fectec/X-ARM_VisualServoing/ros2_ws/install/xarm_gazebo/share/xarm_gazebo//launch/xarm6_beside_table_gazebo.launch.py
[24.009s] -- Installing: /home/fectec/X-ARM_VisualServoing/ros2_ws/install/xarm_gazebo/share/xarm_gazebo//launch/_dual_robot_beside_table_gazebo.launch.py
[24.010s] -- Installing: /home/fectec/X-ARM_VisualServoing/ros2_ws/install/xarm_gazebo/share/xarm_gazebo//launch/xarm7_beside_table_gazebo.launch.py
[24.011s] -- Installing: /home/fectec/X-ARM_VisualServoing/ros2_ws/install/xarm_gazebo/share/xarm_gazebo//launch/_robot_beside_table_gazebo.launch.py
[24.011s] -- Installing: /home/fectec/X-ARM_VisualServoing/ros2_ws/install/xarm_gazebo/share/ament_index/resource_index/package_run_dependencies/xarm_gazebo
[24.011s] -- Installing: /home/fectec/X-ARM_VisualServoing/ros2_ws/install/xarm_gazebo/share/ament_index/resource_index/parent_prefix_path/xarm_gazebo
[24.012s] -- Installing: /home/fectec/X-ARM_VisualServoing/ros2_ws/install/xarm_gazebo/share/xarm_gazebo/environment/ament_prefix_path.sh
[24.012s] -- Installing: /home/fectec/X-ARM_VisualServoing/ros2_ws/install/xarm_gazebo/share/xarm_gazebo/environment/ament_prefix_path.dsv
[24.012s] -- Installing: /home/fectec/X-ARM_VisualServoing/ros2_ws/install/xarm_gazebo/share/xarm_gazebo/environment/path.sh
[24.012s] -- Installing: /home/fectec/X-ARM_VisualServoing/ros2_ws/install/xarm_gazebo/share/xarm_gazebo/environment/path.dsv
[24.012s] -- Installing: /home/fectec/X-ARM_VisualServoing/ros2_ws/install/xarm_gazebo/share/xarm_gazebo/local_setup.bash
[24.013s] -- Installing: /home/fectec/X-ARM_VisualServoing/ros2_ws/install/xarm_gazebo/share/xarm_gazebo/local_setup.sh
[24.013s] -- Installing: /home/fectec/X-ARM_VisualServoing/ros2_ws/install/xarm_gazebo/share/xarm_gazebo/local_setup.zsh
[24.013s] -- Installing: /home/fectec/X-ARM_VisualServoing/ros2_ws/install/xarm_gazebo/share/xarm_gazebo/local_setup.dsv
[24.013s] -- Installing: /home/fectec/X-ARM_VisualServoing/ros2_ws/install/xarm_gazebo/share/xarm_gazebo/package.dsv
[24.013s] -- Installing: /home/fectec/X-ARM_VisualServoing/ros2_ws/install/xarm_gazebo/share/ament_index/resource_index/packages/xarm_gazebo
[24.014s] -- Installing: /home/fectec/X-ARM_VisualServoing/ros2_ws/install/xarm_gazebo/share/xarm_gazebo/cmake/xarm_gazeboConfig.cmake
[24.014s] -- Installing: /home/fectec/X-ARM_VisualServoing/ros2_ws/install/xarm_gazebo/share/xarm_gazebo/cmake/xarm_gazeboConfig-version.cmake
[24.014s] -- Installing: /home/fectec/X-ARM_VisualServoing/ros2_ws/install/xarm_gazebo/share/xarm_gazebo/package.xml
[24.017s] Invoked command in '/home/fectec/X-ARM_VisualServoing/ros2_ws/build/xarm_gazebo' returned '0': AMENT_PREFIX_PATH=/home/fectec/X-ARM_VisualServoing/ros2_ws/install/xarm_controller:/home/fectec/X-ARM_VisualServoing/ros2_ws/install/xarm_api:/home/fectec/X-ARM_VisualServoing/ros2_ws/install/xarm_sdk:/home/fectec/X-ARM_VisualServoing/ros2_ws/install/xarm_msgs:/home/fectec/X-ARM_VisualServoing/ros2_ws/install/xarm_description:/home/fectec/X-ARM_VisualServoing/ros2_ws/install/uf_ros_lib:${AMENT_PREFIX_PATH} CMAKE_PREFIX_PATH=/home/fectec/X-ARM_VisualServoing/ros2_ws/install/xarm_controller:/home/fectec/X-ARM_VisualServoing/ros2_ws/install/xarm_api:/home/fectec/X-ARM_VisualServoing/ros2_ws/install/xarm_sdk:/home/fectec/X-ARM_VisualServoing/ros2_ws/install/xarm_msgs:/home/fectec/X-ARM_VisualServoing/ros2_ws/install/xarm_description:/home/fectec/uros_ws/install/micro_ros_setup:/home/fectec/uros_ws/install/micro_ros_agent:/home/fectec/uros_ws/install/micro_ros_msgs:/opt/ros/humble LD_LIBRARY_PATH=/home/fectec/X-ARM_VisualServoing/ros2_ws/install/xarm_controller/lib:/home/fectec/X-ARM_VisualServoing/ros2_ws/install/xarm_api/lib:/home/fectec/X-ARM_VisualServoing/ros2_ws/install/xarm_sdk/lib:/home/fectec/X-ARM_VisualServoing/ros2_ws/install/xarm_msgs/lib:${LD_LIBRARY_PATH} PYTHONPATH=/home/fectec/X-ARM_VisualServoing/ros2_ws/install/xarm_msgs/local/lib/python3.10/dist-packages:/home/fectec/X-ARM_VisualServoing/ros2_ws/install/uf_ros_lib/lib/python3.10/site-packages:${PYTHONPATH} /usr/bin/cmake --install /home/fectec/X-ARM_VisualServoing/ros2_ws/build/xarm_gazebo
