[0.036s] Invoking command in '/home/fectec/X-ARM_VisualServoing/ros2_ws/build/xarm_sdk': CMAKE_PREFIX_PATH=${CMAKE_PREFIX_PATH}:/opt/ros/humble /usr/bin/cmake /home/fectec/X-ARM_VisualServoing/ros2_ws/src/xarm_ros2/xarm_sdk -DCMAKE_INSTALL_PREFIX=/home/fectec/X-ARM_VisualServoing/ros2_ws/install/xarm_sdk
[0.505s] -- The C compiler identification is GNU 11.4.0
[0.506s] -- The CXX compiler identification is GNU 11.4.0
[0.506s] -- Detecting C compiler ABI info
[0.506s] -- Detecting C compiler ABI info - done
[0.507s] -- Check for working C compiler: /usr/bin/cc - skipped
[0.508s] -- Detecting C compile features
[0.508s] -- Detecting C compile features - done
[0.508s] -- Detecting CXX compiler ABI info
[0.514s] -- Detecting CXX compiler ABI info - done
[0.529s] -- Check for working CXX compiler: /usr/bin/c++ - skipped
[0.529s] -- Detecting CXX compile features
[0.530s] -- Detecting CXX compile features - done
[0.535s] -- Found ament_cmake: 1.3.11 (/opt/ros/humble/share/ament_cmake/cmake)
[0.799s] -- Found Python3: /usr/bin/python3 (found version "3.10.12") found components: Interpreter 
[0.978s] -- Found ament_lint_auto: 0.12.12 (/opt/ros/humble/share/ament_lint_auto/cmake)
[1.138s] -- Added test 'copyright' to check source files copyright and LICENSE
[1.163s] -- Added test 'cppcheck' to perform static code analysis on C / C++ code
[1.164s] -- Configured cppcheck include dirs: /home/fectec/X-ARM_VisualServoing/ros2_ws/src/xarm_ros2/xarm_sdk/cxx/include
[1.164s] -- Configured cppcheck exclude dirs and/or files: 
[1.188s] -- Added test 'cpplint' to check C / C++ code against the Google style
[1.188s] -- Configured cpplint exclude dirs and/or files: 
[1.197s] -- Added test 'lint_cmake' to check CMake code style
[1.226s] -- Added test 'uncrustify' to check C / C++ code style
[1.227s] -- Configured uncrustify additional arguments: 
[1.230s] -- Added test 'xmllint' to check XML markup files
[1.239s] -- Configuring done
[1.255s] -- Generating done
[1.256s] -- Build files have been written to: /home/fectec/X-ARM_VisualServoing/ros2_ws/build/xarm_sdk
[1.264s] Invoked command in '/home/fectec/X-ARM_VisualServoing/ros2_ws/build/xarm_sdk' returned '0': CMAKE_PREFIX_PATH=${CMAKE_PREFIX_PATH}:/opt/ros/humble /usr/bin/cmake /home/fectec/X-ARM_VisualServoing/ros2_ws/src/xarm_ros2/xarm_sdk -DCMAKE_INSTALL_PREFIX=/home/fectec/X-ARM_VisualServoing/ros2_ws/install/xarm_sdk
[1.266s] Invoking command in '/home/fectec/X-ARM_VisualServoing/ros2_ws/build/xarm_sdk': CMAKE_PREFIX_PATH=${CMAKE_PREFIX_PATH}:/opt/ros/humble /usr/bin/cmake --build /home/fectec/X-ARM_VisualServoing/ros2_ws/build/xarm_sdk -- -j12 -l12
[1.368s] [  3%] [32mBuilding CXX object CMakeFiles/xarm_cxx_sdk.dir/cxx/src/serial/impl/list_ports/list_ports_osx.cc.o[0m
[1.372s] [  6%] [32mBuilding CXX object CMakeFiles/xarm_cxx_sdk.dir/cxx/src/serial/impl/win.cc.o[0m
[1.375s] [ 12%] [32mBuilding CXX object CMakeFiles/xarm_cxx_sdk.dir/cxx/src/serial/impl/list_ports/list_ports_win.cc.o[0m
[1.375s] [ 12%] [32mBuilding CXX object CMakeFiles/xarm_cxx_sdk.dir/cxx/src/serial/serial.cc.o[0m
[1.376s] [ 15%] [32mBuilding CXX object CMakeFiles/xarm_cxx_sdk.dir/cxx/src/xarm/core/common/crc16.cc.o[0m
[1.378s] [ 18%] [32mBuilding CXX object CMakeFiles/xarm_cxx_sdk.dir/cxx/src/serial/impl/unix.cc.o[0m
[1.381s] [ 21%] [32mBuilding CXX object CMakeFiles/xarm_cxx_sdk.dir/cxx/src/serial/impl/list_ports/list_ports_linux.cc.o[0m
[1.394s] [ 25%] [32mBuilding CXX object CMakeFiles/xarm_cxx_sdk.dir/cxx/src/xarm/core/debug/debug_print.cc.o[0m
[1.396s] [ 28%] [32mBuilding CXX object CMakeFiles/xarm_cxx_sdk.dir/cxx/src/xarm/core/connect.cc.o[0m
[1.398s] [ 31%] [32mBuilding CXX object CMakeFiles/xarm_cxx_sdk.dir/cxx/src/xarm/core/instruction/uxbus_cmd.cc.o[0m
[1.399s] [ 34%] [32mBuilding CXX object CMakeFiles/xarm_cxx_sdk.dir/cxx/src/xarm/core/instruction/uxbus_cmd_ser.cc.o[0m
[1.399s] [ 37%] [32mBuilding CXX object CMakeFiles/xarm_cxx_sdk.dir/cxx/src/xarm/core/common/queue_memcpy.cc.o[0m
[1.434s] [ 40%] [32mBuilding CXX object CMakeFiles/xarm_cxx_sdk.dir/cxx/src/xarm/core/instruction/uxbus_cmd_tcp.cc.o[0m
[1.446s] [ 43%] [32mBuilding CXX object CMakeFiles/xarm_cxx_sdk.dir/cxx/src/xarm/core/os/network.cc.o[0m
[1.482s] [ 46%] [32mBuilding CXX object CMakeFiles/xarm_cxx_sdk.dir/cxx/src/xarm/core/port/ser.cc.o[0m
[1.536s] [ 50%] [32mBuilding CXX object CMakeFiles/xarm_cxx_sdk.dir/cxx/src/xarm/core/port/socket.cc.o[0m
[1.544s] [ 53%] [32mBuilding CXX object CMakeFiles/xarm_cxx_sdk.dir/cxx/src/xarm/core/report_data.cc.o[0m
[2.225s] [ 56%] [32mBuilding CXX object CMakeFiles/xarm_cxx_sdk.dir/cxx/src/xarm/wrapper/xarm_api.cc.o[0m
[2.501s] [ 59%] [32mBuilding CXX object CMakeFiles/xarm_cxx_sdk.dir/cxx/src/xarm/wrapper/xarm_bio.cc.o[0m
[2.570s] [ 62%] [32mBuilding CXX object CMakeFiles/xarm_cxx_sdk.dir/cxx/src/xarm/wrapper/xarm_events.cc.o[0m
[2.641s] [ 65%] [32mBuilding CXX object CMakeFiles/xarm_cxx_sdk.dir/cxx/src/xarm/wrapper/xarm_ft_sensor.cc.o[0m
[2.676s] [ 68%] [32mBuilding CXX object CMakeFiles/xarm_cxx_sdk.dir/cxx/src/xarm/wrapper/xarm_gpio.cc.o[0m
[2.722s] [ 71%] [32mBuilding CXX object CMakeFiles/xarm_cxx_sdk.dir/cxx/src/xarm/wrapper/xarm_gripper.cc.o[0m
[2.860s] [ 75%] [32mBuilding CXX object CMakeFiles/xarm_cxx_sdk.dir/cxx/src/xarm/wrapper/xarm_modbus_tcp.cc.o[0m
[2.877s] [ 78%] [32mBuilding CXX object CMakeFiles/xarm_cxx_sdk.dir/cxx/src/xarm/wrapper/xarm_motion.cc.o[0m
[3.032s] [ 81%] [32mBuilding CXX object CMakeFiles/xarm_cxx_sdk.dir/cxx/src/xarm/wrapper/xarm_params.cc.o[0m
[3.049s] [ 84%] [32mBuilding CXX object CMakeFiles/xarm_cxx_sdk.dir/cxx/src/xarm/wrapper/xarm_record.cc.o[0m
[3.097s] [ 87%] [32mBuilding CXX object CMakeFiles/xarm_cxx_sdk.dir/cxx/src/xarm/wrapper/xarm_report.cc.o[0m
[3.784s] [ 90%] [32mBuilding CXX object CMakeFiles/xarm_cxx_sdk.dir/cxx/src/xarm/wrapper/xarm_robotiq.cc.o[0m
[4.834s] [ 93%] [32mBuilding CXX object CMakeFiles/xarm_cxx_sdk.dir/cxx/src/xarm/wrapper/xarm_servo.cc.o[0m
[5.011s] [ 96%] [32mBuilding CXX object CMakeFiles/xarm_cxx_sdk.dir/cxx/src/xarm/wrapper/xarm_track.cc.o[0m
[8.920s] [100%] [32m[1mLinking CXX shared library libxarm_cxx_sdk.so[0m
[9.296s] [100%] Built target xarm_cxx_sdk
[9.313s] Invoked command in '/home/fectec/X-ARM_VisualServoing/ros2_ws/build/xarm_sdk' returned '0': CMAKE_PREFIX_PATH=${CMAKE_PREFIX_PATH}:/opt/ros/humble /usr/bin/cmake --build /home/fectec/X-ARM_VisualServoing/ros2_ws/build/xarm_sdk -- -j12 -l12
[9.316s] Invoking command in '/home/fectec/X-ARM_VisualServoing/ros2_ws/build/xarm_sdk': CMAKE_PREFIX_PATH=${CMAKE_PREFIX_PATH}:/opt/ros/humble /usr/bin/cmake --install /home/fectec/X-ARM_VisualServoing/ros2_ws/build/xarm_sdk
[9.327s] -- Install configuration: ""
[9.328s] -- Installing: /home/fectec/X-ARM_VisualServoing/ros2_ws/install/xarm_sdk/share/xarm_sdk/environment/library_path.sh
[9.328s] -- Installing: /home/fectec/X-ARM_VisualServoing/ros2_ws/install/xarm_sdk/share/xarm_sdk/environment/library_path.dsv
[9.328s] -- Installing: /home/fectec/X-ARM_VisualServoing/ros2_ws/install/xarm_sdk/cxx/include
[9.328s] -- Installing: /home/fectec/X-ARM_VisualServoing/ros2_ws/install/xarm_sdk/cxx/include/xarm
[9.328s] -- Installing: /home/fectec/X-ARM_VisualServoing/ros2_ws/install/xarm_sdk/cxx/include/xarm/wrapper
[9.329s] -- Installing: /home/fectec/X-ARM_VisualServoing/ros2_ws/install/xarm_sdk/cxx/include/xarm/wrapper/xarm_api.h
[9.329s] -- Installing: /home/fectec/X-ARM_VisualServoing/ros2_ws/install/xarm_sdk/cxx/include/xarm/wrapper/common
[9.329s] -- Installing: /home/fectec/X-ARM_VisualServoing/ros2_ws/install/xarm_sdk/cxx/include/xarm/wrapper/common/utils.h
[9.329s] -- Installing: /home/fectec/X-ARM_VisualServoing/ros2_ws/install/xarm_sdk/cxx/include/xarm/wrapper/common/timer.h
[9.329s] -- Installing: /home/fectec/X-ARM_VisualServoing/ros2_ws/install/xarm_sdk/cxx/include/xarm/core
[9.330s] -- Installing: /home/fectec/X-ARM_VisualServoing/ros2_ws/install/xarm_sdk/cxx/include/xarm/core/debug
[9.330s] -- Installing: /home/fectec/X-ARM_VisualServoing/ros2_ws/install/xarm_sdk/cxx/include/xarm/core/debug/debug_print.h
[9.330s] -- Installing: /home/fectec/X-ARM_VisualServoing/ros2_ws/install/xarm_sdk/cxx/include/xarm/core/os
[9.330s] -- Installing: /home/fectec/X-ARM_VisualServoing/ros2_ws/install/xarm_sdk/cxx/include/xarm/core/os/network.h
[9.330s] -- Installing: /home/fectec/X-ARM_VisualServoing/ros2_ws/install/xarm_sdk/cxx/include/xarm/core/os/bak
[9.330s] -- Installing: /home/fectec/X-ARM_VisualServoing/ros2_ws/install/xarm_sdk/cxx/include/xarm/core/os/bak/thread.h
[9.331s] -- Installing: /home/fectec/X-ARM_VisualServoing/ros2_ws/install/xarm_sdk/cxx/include/xarm/core/xarm_config.h
[9.331s] -- Installing: /home/fectec/X-ARM_VisualServoing/ros2_ws/install/xarm_sdk/cxx/include/xarm/core/report_data.h
[9.331s] -- Installing: /home/fectec/X-ARM_VisualServoing/ros2_ws/install/xarm_sdk/cxx/include/xarm/core/common
[9.331s] -- Installing: /home/fectec/X-ARM_VisualServoing/ros2_ws/install/xarm_sdk/cxx/include/xarm/core/common/queue_memcpy.h
[9.331s] -- Installing: /home/fectec/X-ARM_VisualServoing/ros2_ws/install/xarm_sdk/cxx/include/xarm/core/common/crc16.h
[9.332s] -- Installing: /home/fectec/X-ARM_VisualServoing/ros2_ws/install/xarm_sdk/cxx/include/xarm/core/common/data_type.h
[9.332s] -- Installing: /home/fectec/X-ARM_VisualServoing/ros2_ws/install/xarm_sdk/cxx/include/xarm/core/instruction
[9.332s] -- Installing: /home/fectec/X-ARM_VisualServoing/ros2_ws/install/xarm_sdk/cxx/include/xarm/core/instruction/uxbus_cmd_ser.h
[9.332s] -- Installing: /home/fectec/X-ARM_VisualServoing/ros2_ws/install/xarm_sdk/cxx/include/xarm/core/instruction/uxbus_cmd_config.h
[9.332s] -- Installing: /home/fectec/X-ARM_VisualServoing/ros2_ws/install/xarm_sdk/cxx/include/xarm/core/instruction/servo3_config.h
[9.332s] -- Installing: /home/fectec/X-ARM_VisualServoing/ros2_ws/install/xarm_sdk/cxx/include/xarm/core/instruction/uxbus_cmd_tcp.h
[9.333s] -- Installing: /home/fectec/X-ARM_VisualServoing/ros2_ws/install/xarm_sdk/cxx/include/xarm/core/instruction/uxbus_cmd.h
[9.333s] -- Installing: /home/fectec/X-ARM_VisualServoing/ros2_ws/install/xarm_sdk/cxx/include/xarm/core/connect.h
[9.333s] -- Installing: /home/fectec/X-ARM_VisualServoing/ros2_ws/install/xarm_sdk/cxx/include/xarm/core/port
[9.333s] -- Installing: /home/fectec/X-ARM_VisualServoing/ros2_ws/install/xarm_sdk/cxx/include/xarm/core/port/socket.h
[9.333s] -- Installing: /home/fectec/X-ARM_VisualServoing/ros2_ws/install/xarm_sdk/cxx/include/xarm/core/port/ser.h
[9.333s] -- Installing: /home/fectec/X-ARM_VisualServoing/ros2_ws/install/xarm_sdk/cxx/include/serial
[9.333s] -- Installing: /home/fectec/X-ARM_VisualServoing/ros2_ws/install/xarm_sdk/cxx/include/serial/serial.h
[9.333s] -- Installing: /home/fectec/X-ARM_VisualServoing/ros2_ws/install/xarm_sdk/cxx/include/serial/impl
[9.334s] -- Installing: /home/fectec/X-ARM_VisualServoing/ros2_ws/install/xarm_sdk/cxx/include/serial/impl/win.h
[9.334s] -- Installing: /home/fectec/X-ARM_VisualServoing/ros2_ws/install/xarm_sdk/cxx/include/serial/impl/unix.h
[9.334s] -- Installing: /home/fectec/X-ARM_VisualServoing/ros2_ws/install/xarm_sdk/cxx/include/serial/v8stdint.h
[9.334s] -- Installing: /home/fectec/X-ARM_VisualServoing/ros2_ws/install/xarm_sdk/lib/libxarm_cxx_sdk.so
[9.338s] -- Installing: /home/fectec/X-ARM_VisualServoing/ros2_ws/install/xarm_sdk/share/ament_index/resource_index/package_run_dependencies/xarm_sdk
[9.338s] -- Installing: /home/fectec/X-ARM_VisualServoing/ros2_ws/install/xarm_sdk/share/ament_index/resource_index/parent_prefix_path/xarm_sdk
[9.339s] -- Installing: /home/fectec/X-ARM_VisualServoing/ros2_ws/install/xarm_sdk/share/xarm_sdk/environment/ament_prefix_path.sh
[9.339s] -- Installing: /home/fectec/X-ARM_VisualServoing/ros2_ws/install/xarm_sdk/share/xarm_sdk/environment/ament_prefix_path.dsv
[9.339s] -- Installing: /home/fectec/X-ARM_VisualServoing/ros2_ws/install/xarm_sdk/share/xarm_sdk/environment/path.sh
[9.339s] -- Installing: /home/fectec/X-ARM_VisualServoing/ros2_ws/install/xarm_sdk/share/xarm_sdk/environment/path.dsv
[9.340s] -- Installing: /home/fectec/X-ARM_VisualServoing/ros2_ws/install/xarm_sdk/share/xarm_sdk/local_setup.bash
[9.340s] -- Installing: /home/fectec/X-ARM_VisualServoing/ros2_ws/install/xarm_sdk/share/xarm_sdk/local_setup.sh
[9.340s] -- Installing: /home/fectec/X-ARM_VisualServoing/ros2_ws/install/xarm_sdk/share/xarm_sdk/local_setup.zsh
[9.340s] -- Installing: /home/fectec/X-ARM_VisualServoing/ros2_ws/install/xarm_sdk/share/xarm_sdk/local_setup.dsv
[9.340s] -- Installing: /home/fectec/X-ARM_VisualServoing/ros2_ws/install/xarm_sdk/share/xarm_sdk/package.dsv
[9.341s] -- Installing: /home/fectec/X-ARM_VisualServoing/ros2_ws/install/xarm_sdk/share/ament_index/resource_index/packages/xarm_sdk
[9.341s] -- Installing: /home/fectec/X-ARM_VisualServoing/ros2_ws/install/xarm_sdk/share/xarm_sdk/cmake/ament_cmake_export_libraries-extras.cmake
[9.341s] -- Installing: /home/fectec/X-ARM_VisualServoing/ros2_ws/install/xarm_sdk/share/xarm_sdk/cmake/ament_cmake_export_include_directories-extras.cmake
[9.342s] -- Installing: /home/fectec/X-ARM_VisualServoing/ros2_ws/install/xarm_sdk/share/xarm_sdk/cmake/xarm_sdkConfig.cmake
[9.342s] -- Installing: /home/fectec/X-ARM_VisualServoing/ros2_ws/install/xarm_sdk/share/xarm_sdk/cmake/xarm_sdkConfig-version.cmake
[9.342s] -- Installing: /home/fectec/X-ARM_VisualServoing/ros2_ws/install/xarm_sdk/share/xarm_sdk/package.xml
[9.345s] Invoked command in '/home/fectec/X-ARM_VisualServoing/ros2_ws/build/xarm_sdk' returned '0': CMAKE_PREFIX_PATH=${CMAKE_PREFIX_PATH}:/opt/ros/humble /usr/bin/cmake --install /home/fectec/X-ARM_VisualServoing/ros2_ws/build/xarm_sdk
