[1.559s] Invoking command in '/home/fectec/X-ARM_VisualServoing/ros2_ws/src/xarm_ros2/uf_ros_lib': PYTHONPATH=/home/fectec/X-ARM_VisualServoing/ros2_ws/build/uf_ros_lib/prefix_override:/usr/lib/python3/dist-packages/colcon_core/task/python/colcon_distutils_commands:/home/fectec/X-ARM_VisualServoing/ros2_ws/install/uf_ros_lib/lib/python3.10/site-packages:${PYTHONPATH} /usr/bin/python3 -W ignore:setup.py install is deprecated -W ignore:easy_install command is deprecated setup.py egg_info --egg-base ../../../build/uf_ros_lib build --build-base /home/fectec/X-ARM_VisualServoing/ros2_ws/build/uf_ros_lib/build install --record /home/fectec/X-ARM_VisualServoing/ros2_ws/build/uf_ros_lib/install.log --single-version-externally-managed install_data
[1.954s] running egg_info
[1.955s] writing ../../../build/uf_ros_lib/uf_ros_lib.egg-info/PKG-INFO
[1.955s] writing dependency_links to ../../../build/uf_ros_lib/uf_ros_lib.egg-info/dependency_links.txt
[1.956s] writing entry points to ../../../build/uf_ros_lib/uf_ros_lib.egg-info/entry_points.txt
[1.956s] writing requirements to ../../../build/uf_ros_lib/uf_ros_lib.egg-info/requires.txt
[1.956s] writing top-level names to ../../../build/uf_ros_lib/uf_ros_lib.egg-info/top_level.txt
[1.962s] reading manifest file '../../../build/uf_ros_lib/uf_ros_lib.egg-info/SOURCES.txt'
[1.963s] writing manifest file '../../../build/uf_ros_lib/uf_ros_lib.egg-info/SOURCES.txt'
[1.963s] running build
[1.964s] running build_py
[1.965s] running install
[1.966s] running install_lib
[1.969s] running install_data
[1.969s] running install_egg_info
[1.971s] removing '/home/fectec/X-ARM_VisualServoing/ros2_ws/install/uf_ros_lib/lib/python3.10/site-packages/uf_ros_lib-0.0.0-py3.10.egg-info' (and everything under it)
[1.972s] Copying ../../../build/uf_ros_lib/uf_ros_lib.egg-info to /home/fectec/X-ARM_VisualServoing/ros2_ws/install/uf_ros_lib/lib/python3.10/site-packages/uf_ros_lib-0.0.0-py3.10.egg-info
[1.974s] running install_scripts
[2.001s] writing list of installed files to '/home/fectec/X-ARM_VisualServoing/ros2_ws/build/uf_ros_lib/install.log'
[2.028s] Invoked command in '/home/fectec/X-ARM_VisualServoing/ros2_ws/src/xarm_ros2/uf_ros_lib' returned '0': PYTHONPATH=/home/fectec/X-ARM_VisualServoing/ros2_ws/build/uf_ros_lib/prefix_override:/usr/lib/python3/dist-packages/colcon_core/task/python/colcon_distutils_commands:/home/fectec/X-ARM_VisualServoing/ros2_ws/install/uf_ros_lib/lib/python3.10/site-packages:${PYTHONPATH} /usr/bin/python3 -W ignore:setup.py install is deprecated -W ignore:easy_install command is deprecated setup.py egg_info --egg-base ../../../build/uf_ros_lib build --build-base /home/fectec/X-ARM_VisualServoing/ros2_ws/build/uf_ros_lib/build install --record /home/fectec/X-ARM_VisualServoing/ros2_ws/build/uf_ros_lib/install.log --single-version-externally-managed install_data
