[0.034s] Invoking command in '/home/fectec/X-ARM_VisualServoing/ros2_ws/build/xarm_moveit_config': AMENT_PREFIX_PATH=/home/fectec/X-ARM_VisualServoing/ros2_ws/install/xarm_gazebo:/home/fectec/X-ARM_VisualServoing/ros2_ws/install/xarm_controller:/home/fectec/X-ARM_VisualServoing/ros2_ws/install/xarm_api:/home/fectec/X-ARM_VisualServoing/ros2_ws/install/xarm_sdk:/home/fectec/X-ARM_VisualServoing/ros2_ws/install/xarm_msgs:/home/fectec/X-ARM_VisualServoing/ros2_ws/install/xarm_description:/home/fectec/X-ARM_VisualServoing/ros2_ws/install/uf_ros_lib:${AMENT_PREFIX_PATH} CMAKE_PREFIX_PATH=/home/fectec/X-ARM_VisualServoing/ros2_ws/install/xarm_gazebo:/home/fectec/X-ARM_VisualServoing/ros2_ws/install/xarm_controller:/home/fectec/X-ARM_VisualServoing/ros2_ws/install/xarm_api:/home/fectec/X-ARM_VisualServoing/ros2_ws/install/xarm_sdk:/home/fectec/X-ARM_VisualServoing/ros2_ws/install/xarm_msgs:/home/fectec/X-ARM_VisualServoing/ros2_ws/install/xarm_description:/home/fectec/uros_ws/install/micro_ros_setup:/home/fectec/uros_ws/install/micro_ros_agent:/home/fectec/uros_ws/install/micro_ros_msgs:/opt/ros/humble LD_LIBRARY_PATH=/home/fectec/X-ARM_VisualServoing/ros2_ws/install/xarm_gazebo/lib:/home/fectec/X-ARM_VisualServoing/ros2_ws/install/xarm_controller/lib:/home/fectec/X-ARM_VisualServoing/ros2_ws/install/xarm_api/lib:/home/fectec/X-ARM_VisualServoing/ros2_ws/install/xarm_sdk/lib:/home/fectec/X-ARM_VisualServoing/ros2_ws/install/xarm_msgs/lib:${LD_LIBRARY_PATH} PYTHONPATH=/home/fectec/X-ARM_VisualServoing/ros2_ws/install/xarm_msgs/local/lib/python3.10/dist-packages:/home/fectec/X-ARM_VisualServoing/ros2_ws/install/uf_ros_lib/lib/python3.10/site-packages:${PYTHONPATH} /usr/bin/cmake --build /home/fectec/X-ARM_VisualServoing/ros2_ws/build/xarm_moveit_config -- -j12 -l12
[0.098s] Invoked command in '/home/fectec/X-ARM_VisualServoing/ros2_ws/build/xarm_moveit_config' returned '0': AMENT_PREFIX_PATH=/home/fectec/X-ARM_VisualServoing/ros2_ws/install/xarm_gazebo:/home/fectec/X-ARM_VisualServoing/ros2_ws/install/xarm_controller:/home/fectec/X-ARM_VisualServoing/ros2_ws/install/xarm_api:/home/fectec/X-ARM_VisualServoing/ros2_ws/install/xarm_sdk:/home/fectec/X-ARM_VisualServoing/ros2_ws/install/xarm_msgs:/home/fectec/X-ARM_VisualServoing/ros2_ws/install/xarm_description:/home/fectec/X-ARM_VisualServoing/ros2_ws/install/uf_ros_lib:${AMENT_PREFIX_PATH} CMAKE_PREFIX_PATH=/home/fectec/X-ARM_VisualServoing/ros2_ws/install/xarm_gazebo:/home/fectec/X-ARM_VisualServoing/ros2_ws/install/xarm_controller:/home/fectec/X-ARM_VisualServoing/ros2_ws/install/xarm_api:/home/fectec/X-ARM_VisualServoing/ros2_ws/install/xarm_sdk:/home/fectec/X-ARM_VisualServoing/ros2_ws/install/xarm_msgs:/home/fectec/X-ARM_VisualServoing/ros2_ws/install/xarm_description:/home/fectec/uros_ws/install/micro_ros_setup:/home/fectec/uros_ws/install/micro_ros_agent:/home/fectec/uros_ws/install/micro_ros_msgs:/opt/ros/humble LD_LIBRARY_PATH=/home/fectec/X-ARM_VisualServoing/ros2_ws/install/xarm_gazebo/lib:/home/fectec/X-ARM_VisualServoing/ros2_ws/install/xarm_controller/lib:/home/fectec/X-ARM_VisualServoing/ros2_ws/install/xarm_api/lib:/home/fectec/X-ARM_VisualServoing/ros2_ws/install/xarm_sdk/lib:/home/fectec/X-ARM_VisualServoing/ros2_ws/install/xarm_msgs/lib:${LD_LIBRARY_PATH} PYTHONPATH=/home/fectec/X-ARM_VisualServoing/ros2_ws/install/xarm_msgs/local/lib/python3.10/dist-packages:/home/fectec/X-ARM_VisualServoing/ros2_ws/install/uf_ros_lib/lib/python3.10/site-packages:${PYTHONPATH} /usr/bin/cmake --build /home/fectec/X-ARM_VisualServoing/ros2_ws/build/xarm_moveit_config -- -j12 -l12
[0.101s] Invoking command in '/home/fectec/X-ARM_VisualServoing/ros2_ws/build/xarm_moveit_config': AMENT_PREFIX_PATH=/home/fectec/X-ARM_VisualServoing/ros2_ws/install/xarm_gazebo:/home/fectec/X-ARM_VisualServoing/ros2_ws/install/xarm_controller:/home/fectec/X-ARM_VisualServoing/ros2_ws/install/xarm_api:/home/fectec/X-ARM_VisualServoing/ros2_ws/install/xarm_sdk:/home/fectec/X-ARM_VisualServoing/ros2_ws/install/xarm_msgs:/home/fectec/X-ARM_VisualServoing/ros2_ws/install/xarm_description:/home/fectec/X-ARM_VisualServoing/ros2_ws/install/uf_ros_lib:${AMENT_PREFIX_PATH} CMAKE_PREFIX_PATH=/home/fectec/X-ARM_VisualServoing/ros2_ws/install/xarm_gazebo:/home/fectec/X-ARM_VisualServoing/ros2_ws/install/xarm_controller:/home/fectec/X-ARM_VisualServoing/ros2_ws/install/xarm_api:/home/fectec/X-ARM_VisualServoing/ros2_ws/install/xarm_sdk:/home/fectec/X-ARM_VisualServoing/ros2_ws/install/xarm_msgs:/home/fectec/X-ARM_VisualServoing/ros2_ws/install/xarm_description:/home/fectec/uros_ws/install/micro_ros_setup:/home/fectec/uros_ws/install/micro_ros_agent:/home/fectec/uros_ws/install/micro_ros_msgs:/opt/ros/humble LD_LIBRARY_PATH=/home/fectec/X-ARM_VisualServoing/ros2_ws/install/xarm_gazebo/lib:/home/fectec/X-ARM_VisualServoing/ros2_ws/install/xarm_controller/lib:/home/fectec/X-ARM_VisualServoing/ros2_ws/install/xarm_api/lib:/home/fectec/X-ARM_VisualServoing/ros2_ws/install/xarm_sdk/lib:/home/fectec/X-ARM_VisualServoing/ros2_ws/install/xarm_msgs/lib:${LD_LIBRARY_PATH} PYTHONPATH=/home/fectec/X-ARM_VisualServoing/ros2_ws/install/xarm_msgs/local/lib/python3.10/dist-packages:/home/fectec/X-ARM_VisualServoing/ros2_ws/install/uf_ros_lib/lib/python3.10/site-packages:${PYTHONPATH} /usr/bin/cmake --install /home/fectec/X-ARM_VisualServoing/ros2_ws/build/xarm_moveit_config
[0.113s] -- Install configuration: ""
[0.114s] -- Up-to-date: /home/fectec/X-ARM_VisualServoing/ros2_ws/install/xarm_moveit_config/share/xarm_moveit_config//config
[0.114s] -- Up-to-date: /home/fectec/X-ARM_VisualServoing/ros2_ws/install/xarm_moveit_config/share/xarm_moveit_config//config/lite6
[0.114s] -- Up-to-date: /home/fectec/X-ARM_VisualServoing/ros2_ws/install/xarm_moveit_config/share/xarm_moveit_config//config/lite6/controllers.yaml
[0.114s] -- Up-to-date: /home/fectec/X-ARM_VisualServoing/ros2_ws/install/xarm_moveit_config/share/xarm_moveit_config//config/lite6/kinematics.yaml
[0.114s] -- Up-to-date: /home/fectec/X-ARM_VisualServoing/ros2_ws/install/xarm_moveit_config/share/xarm_moveit_config//config/lite6/fake_controllers.yaml
[0.114s] -- Up-to-date: /home/fectec/X-ARM_VisualServoing/ros2_ws/install/xarm_moveit_config/share/xarm_moveit_config//config/lite6/joint_limits.yaml
[0.114s] -- Up-to-date: /home/fectec/X-ARM_VisualServoing/ros2_ws/install/xarm_moveit_config/share/xarm_moveit_config//config/lite6/ompl_planning.yaml
[0.114s] -- Up-to-date: /home/fectec/X-ARM_VisualServoing/ros2_ws/install/xarm_moveit_config/share/xarm_moveit_config//config/uf850
[0.115s] -- Up-to-date: /home/fectec/X-ARM_VisualServoing/ros2_ws/install/xarm_moveit_config/share/xarm_moveit_config//config/uf850/controllers.yaml
[0.115s] -- Up-to-date: /home/fectec/X-ARM_VisualServoing/ros2_ws/install/xarm_moveit_config/share/xarm_moveit_config//config/uf850/kinematics.yaml
[0.115s] -- Up-to-date: /home/fectec/X-ARM_VisualServoing/ros2_ws/install/xarm_moveit_config/share/xarm_moveit_config//config/uf850/fake_controllers.yaml
[0.115s] -- Up-to-date: /home/fectec/X-ARM_VisualServoing/ros2_ws/install/xarm_moveit_config/share/xarm_moveit_config//config/uf850/joint_limits.yaml
[0.115s] -- Up-to-date: /home/fectec/X-ARM_VisualServoing/ros2_ws/install/xarm_moveit_config/share/xarm_moveit_config//config/uf850/ompl_planning.yaml
[0.116s] -- Up-to-date: /home/fectec/X-ARM_VisualServoing/ros2_ws/install/xarm_moveit_config/share/xarm_moveit_config//config/uf850_gripper
[0.116s] -- Up-to-date: /home/fectec/X-ARM_VisualServoing/ros2_ws/install/xarm_moveit_config/share/xarm_moveit_config//config/uf850_gripper/controllers.yaml
[0.117s] -- Up-to-date: /home/fectec/X-ARM_VisualServoing/ros2_ws/install/xarm_moveit_config/share/xarm_moveit_config//config/uf850_gripper/fake_controllers.yaml
[0.117s] -- Up-to-date: /home/fectec/X-ARM_VisualServoing/ros2_ws/install/xarm_moveit_config/share/xarm_moveit_config//config/uf850_gripper/joint_limits.yaml
[0.117s] -- Up-to-date: /home/fectec/X-ARM_VisualServoing/ros2_ws/install/xarm_moveit_config/share/xarm_moveit_config//config/uf850_gripper/ompl_planning.yaml
[0.118s] -- Up-to-date: /home/fectec/X-ARM_VisualServoing/ros2_ws/install/xarm_moveit_config/share/xarm_moveit_config//config/xarm7_mirror_gripper
[0.118s] -- Up-to-date: /home/fectec/X-ARM_VisualServoing/ros2_ws/install/xarm_moveit_config/share/xarm_moveit_config//config/xarm7_mirror_gripper/controllers.yaml
[0.118s] -- Up-to-date: /home/fectec/X-ARM_VisualServoing/ros2_ws/install/xarm_moveit_config/share/xarm_moveit_config//config/xarm7_mirror_gripper/fake_controllers.yaml
[0.118s] -- Up-to-date: /home/fectec/X-ARM_VisualServoing/ros2_ws/install/xarm_moveit_config/share/xarm_moveit_config//config/xarm7_mirror_gripper/joint_limits.yaml
[0.119s] -- Up-to-date: /home/fectec/X-ARM_VisualServoing/ros2_ws/install/xarm_moveit_config/share/xarm_moveit_config//config/xarm7_mirror_gripper/ompl_planning.yaml
[0.119s] -- Up-to-date: /home/fectec/X-ARM_VisualServoing/ros2_ws/install/xarm_moveit_config/share/xarm_moveit_config//config/xarm6
[0.119s] -- Up-to-date: /home/fectec/X-ARM_VisualServoing/ros2_ws/install/xarm_moveit_config/share/xarm_moveit_config//config/xarm6/controllers.yaml
[0.120s] -- Up-to-date: /home/fectec/X-ARM_VisualServoing/ros2_ws/install/xarm_moveit_config/share/xarm_moveit_config//config/xarm6/kinematics.yaml
[0.120s] -- Up-to-date: /home/fectec/X-ARM_VisualServoing/ros2_ws/install/xarm_moveit_config/share/xarm_moveit_config//config/xarm6/fake_controllers.yaml
[0.120s] -- Up-to-date: /home/fectec/X-ARM_VisualServoing/ros2_ws/install/xarm_moveit_config/share/xarm_moveit_config//config/xarm6/joint_limits.yaml
[0.120s] -- Up-to-date: /home/fectec/X-ARM_VisualServoing/ros2_ws/install/xarm_moveit_config/share/xarm_moveit_config//config/xarm6/ompl_planning.yaml
[0.120s] -- Up-to-date: /home/fectec/X-ARM_VisualServoing/ros2_ws/install/xarm_moveit_config/share/xarm_moveit_config//config/xarm_gripper
[0.120s] -- Up-to-date: /home/fectec/X-ARM_VisualServoing/ros2_ws/install/xarm_moveit_config/share/xarm_moveit_config//config/xarm_gripper/controllers.yaml
[0.120s] -- Up-to-date: /home/fectec/X-ARM_VisualServoing/ros2_ws/install/xarm_moveit_config/share/xarm_moveit_config//config/xarm_gripper/fake_controllers.yaml
[0.121s] -- Up-to-date: /home/fectec/X-ARM_VisualServoing/ros2_ws/install/xarm_moveit_config/share/xarm_moveit_config//config/xarm_gripper/joint_limits.yaml
[0.121s] -- Up-to-date: /home/fectec/X-ARM_VisualServoing/ros2_ws/install/xarm_moveit_config/share/xarm_moveit_config//config/xarm_gripper/ompl_planning.yaml
[0.121s] -- Up-to-date: /home/fectec/X-ARM_VisualServoing/ros2_ws/install/xarm_moveit_config/share/xarm_moveit_config//config/xarm7
[0.121s] -- Up-to-date: /home/fectec/X-ARM_VisualServoing/ros2_ws/install/xarm_moveit_config/share/xarm_moveit_config//config/xarm7/controllers.yaml
[0.121s] -- Up-to-date: /home/fectec/X-ARM_VisualServoing/ros2_ws/install/xarm_moveit_config/share/xarm_moveit_config//config/xarm7/kinematics.yaml
[0.121s] -- Up-to-date: /home/fectec/X-ARM_VisualServoing/ros2_ws/install/xarm_moveit_config/share/xarm_moveit_config//config/xarm7/fake_controllers.yaml
[0.121s] -- Up-to-date: /home/fectec/X-ARM_VisualServoing/ros2_ws/install/xarm_moveit_config/share/xarm_moveit_config//config/xarm7/joint_limits.yaml
[0.122s] -- Up-to-date: /home/fectec/X-ARM_VisualServoing/ros2_ws/install/xarm_moveit_config/share/xarm_moveit_config//config/xarm7/ompl_planning.yaml
[0.122s] -- Up-to-date: /home/fectec/X-ARM_VisualServoing/ros2_ws/install/xarm_moveit_config/share/xarm_moveit_config//config/bio_gripper
[0.122s] -- Up-to-date: /home/fectec/X-ARM_VisualServoing/ros2_ws/install/xarm_moveit_config/share/xarm_moveit_config//config/bio_gripper/controllers.yaml
[0.122s] -- Up-to-date: /home/fectec/X-ARM_VisualServoing/ros2_ws/install/xarm_moveit_config/share/xarm_moveit_config//config/bio_gripper/fake_controllers.yaml
[0.122s] -- Up-to-date: /home/fectec/X-ARM_VisualServoing/ros2_ws/install/xarm_moveit_config/share/xarm_moveit_config//config/bio_gripper/joint_limits.yaml
[0.122s] -- Up-to-date: /home/fectec/X-ARM_VisualServoing/ros2_ws/install/xarm_moveit_config/share/xarm_moveit_config//config/bio_gripper/ompl_planning.yaml
[0.122s] -- Up-to-date: /home/fectec/X-ARM_VisualServoing/ros2_ws/install/xarm_moveit_config/share/xarm_moveit_config//config/moveit_configs
[0.122s] -- Up-to-date: /home/fectec/X-ARM_VisualServoing/ros2_ws/install/xarm_moveit_config/share/xarm_moveit_config//config/moveit_configs/chomp_planning.yaml
[0.122s] -- Up-to-date: /home/fectec/X-ARM_VisualServoing/ros2_ws/install/xarm_moveit_config/share/xarm_moveit_config//config/moveit_configs/ompl_defaults.yaml
[0.122s] -- Up-to-date: /home/fectec/X-ARM_VisualServoing/ros2_ws/install/xarm_moveit_config/share/xarm_moveit_config//config/moveit_configs/pilz_cartesian_limits.yaml
[0.122s] -- Up-to-date: /home/fectec/X-ARM_VisualServoing/ros2_ws/install/xarm_moveit_config/share/xarm_moveit_config//config/moveit_configs/pilz_industrial_motion_planner_planning.yaml
[0.123s] -- Up-to-date: /home/fectec/X-ARM_VisualServoing/ros2_ws/install/xarm_moveit_config/share/xarm_moveit_config//config/moveit_configs/ompl_planning.yaml
[0.123s] -- Up-to-date: /home/fectec/X-ARM_VisualServoing/ros2_ws/install/xarm_moveit_config/share/xarm_moveit_config//config/xarm7_mirror
[0.123s] -- Up-to-date: /home/fectec/X-ARM_VisualServoing/ros2_ws/install/xarm_moveit_config/share/xarm_moveit_config//config/xarm7_mirror/controllers.yaml
[0.123s] -- Up-to-date: /home/fectec/X-ARM_VisualServoing/ros2_ws/install/xarm_moveit_config/share/xarm_moveit_config//config/xarm7_mirror/kinematics.yaml
[0.123s] -- Up-to-date: /home/fectec/X-ARM_VisualServoing/ros2_ws/install/xarm_moveit_config/share/xarm_moveit_config//config/xarm7_mirror/fake_controllers.yaml
[0.123s] -- Up-to-date: /home/fectec/X-ARM_VisualServoing/ros2_ws/install/xarm_moveit_config/share/xarm_moveit_config//config/xarm7_mirror/joint_limits.yaml
[0.123s] -- Up-to-date: /home/fectec/X-ARM_VisualServoing/ros2_ws/install/xarm_moveit_config/share/xarm_moveit_config//config/xarm7_mirror/ompl_planning.yaml
[0.123s] -- Up-to-date: /home/fectec/X-ARM_VisualServoing/ros2_ws/install/xarm_moveit_config/share/xarm_moveit_config//config/xarm5
[0.123s] -- Up-to-date: /home/fectec/X-ARM_VisualServoing/ros2_ws/install/xarm_moveit_config/share/xarm_moveit_config//config/xarm5/controllers.yaml
[0.123s] -- Up-to-date: /home/fectec/X-ARM_VisualServoing/ros2_ws/install/xarm_moveit_config/share/xarm_moveit_config//config/xarm5/kinematics.yaml
[0.123s] -- Up-to-date: /home/fectec/X-ARM_VisualServoing/ros2_ws/install/xarm_moveit_config/share/xarm_moveit_config//config/xarm5/fake_controllers.yaml
[0.124s] -- Up-to-date: /home/fectec/X-ARM_VisualServoing/ros2_ws/install/xarm_moveit_config/share/xarm_moveit_config//config/xarm5/joint_limits.yaml
[0.124s] -- Up-to-date: /home/fectec/X-ARM_VisualServoing/ros2_ws/install/xarm_moveit_config/share/xarm_moveit_config//config/xarm5/ompl_planning.yaml
[0.124s] -- Up-to-date: /home/fectec/X-ARM_VisualServoing/ros2_ws/install/xarm_moveit_config/share/xarm_moveit_config//rviz
[0.124s] -- Up-to-date: /home/fectec/X-ARM_VisualServoing/ros2_ws/install/xarm_moveit_config/share/xarm_moveit_config//rviz/dual_moveit.rviz
[0.124s] -- Up-to-date: /home/fectec/X-ARM_VisualServoing/ros2_ws/install/xarm_moveit_config/share/xarm_moveit_config//rviz/moveit.rviz
[0.124s] -- Up-to-date: /home/fectec/X-ARM_VisualServoing/ros2_ws/install/xarm_moveit_config/share/xarm_moveit_config//rviz/dual_planner.rviz
[0.124s] -- Up-to-date: /home/fectec/X-ARM_VisualServoing/ros2_ws/install/xarm_moveit_config/share/xarm_moveit_config//rviz/planner.rviz
[0.124s] -- Up-to-date: /home/fectec/X-ARM_VisualServoing/ros2_ws/install/xarm_moveit_config/share/xarm_moveit_config//srdf
[0.124s] -- Up-to-date: /home/fectec/X-ARM_VisualServoing/ros2_ws/install/xarm_moveit_config/share/xarm_moveit_config//srdf/_xarm5_macro.srdf.xacro
[0.125s] -- Up-to-date: /home/fectec/X-ARM_VisualServoing/ros2_ws/install/xarm_moveit_config/share/xarm_moveit_config//srdf/_xarm6_macro.srdf.xacro
[0.125s] -- Up-to-date: /home/fectec/X-ARM_VisualServoing/ros2_ws/install/xarm_moveit_config/share/xarm_moveit_config//srdf/_xarm7_macro.srdf.xacro
[0.125s] -- Up-to-date: /home/fectec/X-ARM_VisualServoing/ros2_ws/install/xarm_moveit_config/share/xarm_moveit_config//srdf/xarm_macro.srdf.xacro
[0.125s] -- Up-to-date: /home/fectec/X-ARM_VisualServoing/ros2_ws/install/xarm_moveit_config/share/xarm_moveit_config//srdf/_xarm7_mirror_macro.srdf.xacro
[0.125s] -- Up-to-date: /home/fectec/X-ARM_VisualServoing/ros2_ws/install/xarm_moveit_config/share/xarm_moveit_config//srdf/dual_xarm.srdf.xacro
[0.125s] -- Up-to-date: /home/fectec/X-ARM_VisualServoing/ros2_ws/install/xarm_moveit_config/share/xarm_moveit_config//srdf/xarm.srdf.xacro
[0.126s] -- Up-to-date: /home/fectec/X-ARM_VisualServoing/ros2_ws/install/xarm_moveit_config/share/xarm_moveit_config//srdf/_lite6_macro.srdf.xacro
[0.126s] -- Up-to-date: /home/fectec/X-ARM_VisualServoing/ros2_ws/install/xarm_moveit_config/share/xarm_moveit_config//srdf/_uf850_macro.srdf.xacro
[0.126s] -- Up-to-date: /home/fectec/X-ARM_VisualServoing/ros2_ws/install/xarm_moveit_config/share/xarm_moveit_config//launch
[0.126s] -- Up-to-date: /home/fectec/X-ARM_VisualServoing/ros2_ws/install/xarm_moveit_config/share/xarm_moveit_config//launch/xarm7_mirror_moveit_realmove.launch.py
[0.126s] -- Up-to-date: /home/fectec/X-ARM_VisualServoing/ros2_ws/install/xarm_moveit_config/share/xarm_moveit_config//launch/xarm7_mirror_moveit_fake.launch.py
[0.128s] -- Up-to-date: /home/fectec/X-ARM_VisualServoing/ros2_ws/install/xarm_moveit_config/share/xarm_moveit_config//launch/xarm6_moveit_fake.launch.py
[0.128s] -- Up-to-date: /home/fectec/X-ARM_VisualServoing/ros2_ws/install/xarm_moveit_config/share/xarm_moveit_config//launch/dual_uf850_moveit_realmove.launch.py
[0.128s] -- Up-to-date: /home/fectec/X-ARM_VisualServoing/ros2_ws/install/xarm_moveit_config/share/xarm_moveit_config//launch/lite6_moveit_gazebo.launch.py
[0.128s] -- Up-to-date: /home/fectec/X-ARM_VisualServoing/ros2_ws/install/xarm_moveit_config/share/xarm_moveit_config//launch/dual_xarm6_moveit_realmove.launch.py
[0.128s] -- Up-to-date: /home/fectec/X-ARM_VisualServoing/ros2_ws/install/xarm_moveit_config/share/xarm_moveit_config//launch/_robot_moveit_realmove.launch.py
[0.128s] -- Up-to-date: /home/fectec/X-ARM_VisualServoing/ros2_ws/install/xarm_moveit_config/share/xarm_moveit_config//launch/xarm6_moveit_realmove.launch.py
[0.129s] -- Up-to-date: /home/fectec/X-ARM_VisualServoing/ros2_ws/install/xarm_moveit_config/share/xarm_moveit_config//launch/_robot_moveit_common2.launch.py
[0.129s] -- Up-to-date: /home/fectec/X-ARM_VisualServoing/ros2_ws/install/xarm_moveit_config/share/xarm_moveit_config//launch/uf850_moveit_gazebo.launch.py
[0.129s] -- Up-to-date: /home/fectec/X-ARM_VisualServoing/ros2_ws/install/xarm_moveit_config/share/xarm_moveit_config//launch/xarm7_moveit_realmove.launch.py
[0.129s] -- Up-to-date: /home/fectec/X-ARM_VisualServoing/ros2_ws/install/xarm_moveit_config/share/xarm_moveit_config//launch/_dual_robot_moveit_gazebo.launch.py
[0.129s] -- Up-to-date: /home/fectec/X-ARM_VisualServoing/ros2_ws/install/xarm_moveit_config/share/xarm_moveit_config//launch/_robot_moveit_gazebo.launch.py
[0.129s] -- Up-to-date: /home/fectec/X-ARM_VisualServoing/ros2_ws/install/xarm_moveit_config/share/xarm_moveit_config//launch/dual_xarm7_moveit_fake.launch.py
[0.129s] -- Up-to-date: /home/fectec/X-ARM_VisualServoing/ros2_ws/install/xarm_moveit_config/share/xarm_moveit_config//launch/lib
[0.129s] -- Up-to-date: /home/fectec/X-ARM_VisualServoing/ros2_ws/install/xarm_moveit_config/share/xarm_moveit_config//launch/lib/robot_moveit_config_lib.py
[0.129s] -- Up-to-date: /home/fectec/X-ARM_VisualServoing/ros2_ws/install/xarm_moveit_config/share/xarm_moveit_config//launch/dual_xarm6_moveit_fake.launch.py
[0.130s] -- Up-to-date: /home/fectec/X-ARM_VisualServoing/ros2_ws/install/xarm_moveit_config/share/xarm_moveit_config//launch/dual_lite6_moveit_realmove.launch.py
[0.130s] -- Up-to-date: /home/fectec/X-ARM_VisualServoing/ros2_ws/install/xarm_moveit_config/share/xarm_moveit_config//launch/xarm7_moveit_fake.launch.py
[0.130s] -- Up-to-date: /home/fectec/X-ARM_VisualServoing/ros2_ws/install/xarm_moveit_config/share/xarm_moveit_config//launch/xarm7_moveit_gazebo.launch.py
[0.130s] -- Up-to-date: /home/fectec/X-ARM_VisualServoing/ros2_ws/install/xarm_moveit_config/share/xarm_moveit_config//launch/uf850_moveit_realmove.launch.py
[0.130s] -- Up-to-date: /home/fectec/X-ARM_VisualServoing/ros2_ws/install/xarm_moveit_config/share/xarm_moveit_config//launch/dual_xarm5_moveit_realmove.launch.py
[0.130s] -- Up-to-date: /home/fectec/X-ARM_VisualServoing/ros2_ws/install/xarm_moveit_config/share/xarm_moveit_config//launch/dual_xarm5_moveit_fake.launch.py
[0.130s] -- Up-to-date: /home/fectec/X-ARM_VisualServoing/ros2_ws/install/xarm_moveit_config/share/xarm_moveit_config//launch/xarm6_moveit_gazebo.launch.py
[0.130s] -- Up-to-date: /home/fectec/X-ARM_VisualServoing/ros2_ws/install/xarm_moveit_config/share/xarm_moveit_config//launch/lite6_moveit_fake.launch.py
[0.130s] -- Up-to-date: /home/fectec/X-ARM_VisualServoing/ros2_ws/install/xarm_moveit_config/share/xarm_moveit_config//launch/xarm7_mirror_moveit_gazebo.launch.py
[0.131s] -- Up-to-date: /home/fectec/X-ARM_VisualServoing/ros2_ws/install/xarm_moveit_config/share/xarm_moveit_config//launch/dual_lite6_moveit_fake.launch.py
[0.131s] -- Up-to-date: /home/fectec/X-ARM_VisualServoing/ros2_ws/install/xarm_moveit_config/share/xarm_moveit_config//launch/uf850_moveit_fake.launch.py
[0.131s] -- Up-to-date: /home/fectec/X-ARM_VisualServoing/ros2_ws/install/xarm_moveit_config/share/xarm_moveit_config//launch/_robot_moveit_fake.launch.py
[0.131s] -- Up-to-date: /home/fectec/X-ARM_VisualServoing/ros2_ws/install/xarm_moveit_config/share/xarm_moveit_config//launch/_dual_robot_moveit_common.launch.py
[0.131s] -- Up-to-date: /home/fectec/X-ARM_VisualServoing/ros2_ws/install/xarm_moveit_config/share/xarm_moveit_config//launch/dual_uf850_moveit_fake.launch.py
[0.131s] -- Up-to-date: /home/fectec/X-ARM_VisualServoing/ros2_ws/install/xarm_moveit_config/share/xarm_moveit_config//launch/demo
[0.131s] -- Up-to-date: /home/fectec/X-ARM_VisualServoing/ros2_ws/install/xarm_moveit_config/share/xarm_moveit_config//launch/demo/demo_dual_fake.launch.py
[0.131s] -- Up-to-date: /home/fectec/X-ARM_VisualServoing/ros2_ws/install/xarm_moveit_config/share/xarm_moveit_config//launch/demo/demo_dual_realmove.launch.py
[0.131s] -- Up-to-date: /home/fectec/X-ARM_VisualServoing/ros2_ws/install/xarm_moveit_config/share/xarm_moveit_config//launch/demo/demo_realmove.launch.py
[0.132s] -- Up-to-date: /home/fectec/X-ARM_VisualServoing/ros2_ws/install/xarm_moveit_config/share/xarm_moveit_config//launch/demo/demo_fake.launch.py
[0.132s] -- Up-to-date: /home/fectec/X-ARM_VisualServoing/ros2_ws/install/xarm_moveit_config/share/xarm_moveit_config//launch/_robot_moveit_ignition.launch.py
[0.132s] -- Up-to-date: /home/fectec/X-ARM_VisualServoing/ros2_ws/install/xarm_moveit_config/share/xarm_moveit_config//launch/_dual_robot_moveit_realmove.launch.py
[0.132s] -- Up-to-date: /home/fectec/X-ARM_VisualServoing/ros2_ws/install/xarm_moveit_config/share/xarm_moveit_config//launch/xarm5_moveit_realmove.launch.py
[0.132s] -- Up-to-date: /home/fectec/X-ARM_VisualServoing/ros2_ws/install/xarm_moveit_config/share/xarm_moveit_config//launch/xarm5_moveit_gazebo.launch.py
[0.132s] -- Up-to-date: /home/fectec/X-ARM_VisualServoing/ros2_ws/install/xarm_moveit_config/share/xarm_moveit_config//launch/lite6_moveit_realmove.launch.py
[0.132s] -- Up-to-date: /home/fectec/X-ARM_VisualServoing/ros2_ws/install/xarm_moveit_config/share/xarm_moveit_config//launch/_dual_robot_moveit_fake.launch.py
[0.132s] -- Up-to-date: /home/fectec/X-ARM_VisualServoing/ros2_ws/install/xarm_moveit_config/share/xarm_moveit_config//launch/_dual_robot_moveit_common2.launch.py
[0.132s] -- Up-to-date: /home/fectec/X-ARM_VisualServoing/ros2_ws/install/xarm_moveit_config/share/xarm_moveit_config//launch/xarm5_moveit_fake.launch.py
[0.133s] -- Up-to-date: /home/fectec/X-ARM_VisualServoing/ros2_ws/install/xarm_moveit_config/share/xarm_moveit_config//launch/_robot_moveit_common.launch.py
[0.133s] -- Up-to-date: /home/fectec/X-ARM_VisualServoing/ros2_ws/install/xarm_moveit_config/share/xarm_moveit_config//launch/dual_xarm7_moveit_realmove.launch.py
[0.133s] -- Up-to-date: /home/fectec/X-ARM_VisualServoing/ros2_ws/install/xarm_moveit_config/share/ament_index/resource_index/package_run_dependencies/xarm_moveit_config
[0.133s] -- Up-to-date: /home/fectec/X-ARM_VisualServoing/ros2_ws/install/xarm_moveit_config/share/ament_index/resource_index/parent_prefix_path/xarm_moveit_config
[0.133s] -- Up-to-date: /home/fectec/X-ARM_VisualServoing/ros2_ws/install/xarm_moveit_config/share/xarm_moveit_config/environment/ament_prefix_path.sh
[0.133s] -- Up-to-date: /home/fectec/X-ARM_VisualServoing/ros2_ws/install/xarm_moveit_config/share/xarm_moveit_config/environment/ament_prefix_path.dsv
[0.133s] -- Up-to-date: /home/fectec/X-ARM_VisualServoing/ros2_ws/install/xarm_moveit_config/share/xarm_moveit_config/environment/path.sh
[0.134s] -- Up-to-date: /home/fectec/X-ARM_VisualServoing/ros2_ws/install/xarm_moveit_config/share/xarm_moveit_config/environment/path.dsv
[0.134s] -- Up-to-date: /home/fectec/X-ARM_VisualServoing/ros2_ws/install/xarm_moveit_config/share/xarm_moveit_config/local_setup.bash
[0.134s] -- Up-to-date: /home/fectec/X-ARM_VisualServoing/ros2_ws/install/xarm_moveit_config/share/xarm_moveit_config/local_setup.sh
[0.134s] -- Up-to-date: /home/fectec/X-ARM_VisualServoing/ros2_ws/install/xarm_moveit_config/share/xarm_moveit_config/local_setup.zsh
[0.134s] -- Up-to-date: /home/fectec/X-ARM_VisualServoing/ros2_ws/install/xarm_moveit_config/share/xarm_moveit_config/local_setup.dsv
[0.135s] -- Up-to-date: /home/fectec/X-ARM_VisualServoing/ros2_ws/install/xarm_moveit_config/share/xarm_moveit_config/package.dsv
[0.135s] -- Up-to-date: /home/fectec/X-ARM_VisualServoing/ros2_ws/install/xarm_moveit_config/share/ament_index/resource_index/packages/xarm_moveit_config
[0.135s] -- Up-to-date: /home/fectec/X-ARM_VisualServoing/ros2_ws/install/xarm_moveit_config/share/xarm_moveit_config/cmake/xarm_moveit_configConfig.cmake
[0.135s] -- Up-to-date: /home/fectec/X-ARM_VisualServoing/ros2_ws/install/xarm_moveit_config/share/xarm_moveit_config/cmake/xarm_moveit_configConfig-version.cmake
[0.135s] -- Up-to-date: /home/fectec/X-ARM_VisualServoing/ros2_ws/install/xarm_moveit_config/share/xarm_moveit_config/package.xml
[0.135s] Invoked command in '/home/fectec/X-ARM_VisualServoing/ros2_ws/build/xarm_moveit_config' returned '0': AMENT_PREFIX_PATH=/home/fectec/X-ARM_VisualServoing/ros2_ws/install/xarm_gazebo:/home/fectec/X-ARM_VisualServoing/ros2_ws/install/xarm_controller:/home/fectec/X-ARM_VisualServoing/ros2_ws/install/xarm_api:/home/fectec/X-ARM_VisualServoing/ros2_ws/install/xarm_sdk:/home/fectec/X-ARM_VisualServoing/ros2_ws/install/xarm_msgs:/home/fectec/X-ARM_VisualServoing/ros2_ws/install/xarm_description:/home/fectec/X-ARM_VisualServoing/ros2_ws/install/uf_ros_lib:${AMENT_PREFIX_PATH} CMAKE_PREFIX_PATH=/home/fectec/X-ARM_VisualServoing/ros2_ws/install/xarm_gazebo:/home/fectec/X-ARM_VisualServoing/ros2_ws/install/xarm_controller:/home/fectec/X-ARM_VisualServoing/ros2_ws/install/xarm_api:/home/fectec/X-ARM_VisualServoing/ros2_ws/install/xarm_sdk:/home/fectec/X-ARM_VisualServoing/ros2_ws/install/xarm_msgs:/home/fectec/X-ARM_VisualServoing/ros2_ws/install/xarm_description:/home/fectec/uros_ws/install/micro_ros_setup:/home/fectec/uros_ws/install/micro_ros_agent:/home/fectec/uros_ws/install/micro_ros_msgs:/opt/ros/humble LD_LIBRARY_PATH=/home/fectec/X-ARM_VisualServoing/ros2_ws/install/xarm_gazebo/lib:/home/fectec/X-ARM_VisualServoing/ros2_ws/install/xarm_controller/lib:/home/fectec/X-ARM_VisualServoing/ros2_ws/install/xarm_api/lib:/home/fectec/X-ARM_VisualServoing/ros2_ws/install/xarm_sdk/lib:/home/fectec/X-ARM_VisualServoing/ros2_ws/install/xarm_msgs/lib:${LD_LIBRARY_PATH} PYTHONPATH=/home/fectec/X-ARM_VisualServoing/ros2_ws/install/xarm_msgs/local/lib/python3.10/dist-packages:/home/fectec/X-ARM_VisualServoing/ros2_ws/install/uf_ros_lib/lib/python3.10/site-packages:${PYTHONPATH} /usr/bin/cmake --install /home/fectec/X-ARM_VisualServoing/ros2_ws/build/xarm_moveit_config
