[0.034s] Invoking command in '/home/fectec/X-ARM_VisualServoing/ros2_ws/build/xarm_api': CMAKE_PREFIX_PATH=/home/fectec/X-ARM_VisualServoing/ros2_ws/install/xarm_sdk:/home/fectec/X-ARM_VisualServoing/ros2_ws/install/xarm_msgs:/home/fectec/X-ARM_VisualServoing/ros2_ws/install/xarm_description:/home/fectec/X-ARM_VisualServoing/ros2_ws/install/xarm_planner:/home/fectec/X-ARM_VisualServoing/ros2_ws/install/xarm_moveit_servo:/home/fectec/X-ARM_VisualServoing/ros2_ws/install/xarm_moveit_config:/home/fectec/X-ARM_VisualServoing/ros2_ws/install/xarm_gazebo:/home/fectec/X-ARM_VisualServoing/ros2_ws/install/xarm_controller:/home/fectec/X-ARM_VisualServoing/ros2_ws/install/xarm_api:/home/fectec/X-ARM_VisualServoing/ros2_ws/install/realsense_gazebo_plugin:/home/fectec/X-ARM_VisualServoing/ros2_ws/install/mbot_demo:/home/fectec/uros_ws/install/micro_ros_setup:/home/fectec/uros_ws/install/micro_ros_agent:/home/fectec/uros_ws/install/micro_ros_msgs:/home/fectec/X-ARM_VisualServoing/ros2_ws/install/uf_ros_lib:/opt/ros/humble LD_LIBRARY_PATH=/home/fectec/X-ARM_VisualServoing/ros2_ws/install/xarm_sdk/lib:/home/fectec/X-ARM_VisualServoing/ros2_ws/install/xarm_msgs/lib:/home/fectec/X-ARM_VisualServoing/ros2_ws/install/xarm_planner/lib:/home/fectec/X-ARM_VisualServoing/ros2_ws/install/xarm_moveit_servo/lib:/home/fectec/X-ARM_VisualServoing/ros2_ws/install/xarm_gazebo/lib:/home/fectec/X-ARM_VisualServoing/ros2_ws/install/xarm_controller/lib:/home/fectec/X-ARM_VisualServoing/ros2_ws/install/xarm_api/lib:/home/fectec/X-ARM_VisualServoing/ros2_ws/install/realsense_gazebo_plugin/lib:/home/fectec/uros_ws/install/micro_ros_agent/lib:/home/fectec/uros_ws/install/micro_ros_msgs/lib:/usr/lib/x86_64-linux-gnu/gazebo-11/plugins:/opt/ros/humble/opt/rviz_ogre_vendor/lib:/opt/ros/humble/lib/x86_64-linux-gnu:/opt/ros/humble/lib /usr/bin/cmake --build /home/fectec/X-ARM_VisualServoing/ros2_ws/build/xarm_api -- -j12 -l12
[0.157s] [ 30%] Built target xarm_ros_client
[0.158s] [ 30%] Built target test_robot_states
[0.167s] [ 53%] Built target xarm_ros_driver
[0.222s] [ 84%] Built target test_xarm_velo_move
[0.223s] [ 84%] Built target test_xarm_ros_client
[0.235s] [100%] Built target xarm_driver_node
[0.258s] Invoked command in '/home/fectec/X-ARM_VisualServoing/ros2_ws/build/xarm_api' returned '0': CMAKE_PREFIX_PATH=/home/fectec/X-ARM_VisualServoing/ros2_ws/install/xarm_sdk:/home/fectec/X-ARM_VisualServoing/ros2_ws/install/xarm_msgs:/home/fectec/X-ARM_VisualServoing/ros2_ws/install/xarm_description:/home/fectec/X-ARM_VisualServoing/ros2_ws/install/xarm_planner:/home/fectec/X-ARM_VisualServoing/ros2_ws/install/xarm_moveit_servo:/home/fectec/X-ARM_VisualServoing/ros2_ws/install/xarm_moveit_config:/home/fectec/X-ARM_VisualServoing/ros2_ws/install/xarm_gazebo:/home/fectec/X-ARM_VisualServoing/ros2_ws/install/xarm_controller:/home/fectec/X-ARM_VisualServoing/ros2_ws/install/xarm_api:/home/fectec/X-ARM_VisualServoing/ros2_ws/install/realsense_gazebo_plugin:/home/fectec/X-ARM_VisualServoing/ros2_ws/install/mbot_demo:/home/fectec/uros_ws/install/micro_ros_setup:/home/fectec/uros_ws/install/micro_ros_agent:/home/fectec/uros_ws/install/micro_ros_msgs:/home/fectec/X-ARM_VisualServoing/ros2_ws/install/uf_ros_lib:/opt/ros/humble LD_LIBRARY_PATH=/home/fectec/X-ARM_VisualServoing/ros2_ws/install/xarm_sdk/lib:/home/fectec/X-ARM_VisualServoing/ros2_ws/install/xarm_msgs/lib:/home/fectec/X-ARM_VisualServoing/ros2_ws/install/xarm_planner/lib:/home/fectec/X-ARM_VisualServoing/ros2_ws/install/xarm_moveit_servo/lib:/home/fectec/X-ARM_VisualServoing/ros2_ws/install/xarm_gazebo/lib:/home/fectec/X-ARM_VisualServoing/ros2_ws/install/xarm_controller/lib:/home/fectec/X-ARM_VisualServoing/ros2_ws/install/xarm_api/lib:/home/fectec/X-ARM_VisualServoing/ros2_ws/install/realsense_gazebo_plugin/lib:/home/fectec/uros_ws/install/micro_ros_agent/lib:/home/fectec/uros_ws/install/micro_ros_msgs/lib:/usr/lib/x86_64-linux-gnu/gazebo-11/plugins:/opt/ros/humble/opt/rviz_ogre_vendor/lib:/opt/ros/humble/lib/x86_64-linux-gnu:/opt/ros/humble/lib /usr/bin/cmake --build /home/fectec/X-ARM_VisualServoing/ros2_ws/build/xarm_api -- -j12 -l12
[0.262s] Invoking command in '/home/fectec/X-ARM_VisualServoing/ros2_ws/build/xarm_api': CMAKE_PREFIX_PATH=/home/fectec/X-ARM_VisualServoing/ros2_ws/install/xarm_sdk:/home/fectec/X-ARM_VisualServoing/ros2_ws/install/xarm_msgs:/home/fectec/X-ARM_VisualServoing/ros2_ws/install/xarm_description:/home/fectec/X-ARM_VisualServoing/ros2_ws/install/xarm_planner:/home/fectec/X-ARM_VisualServoing/ros2_ws/install/xarm_moveit_servo:/home/fectec/X-ARM_VisualServoing/ros2_ws/install/xarm_moveit_config:/home/fectec/X-ARM_VisualServoing/ros2_ws/install/xarm_gazebo:/home/fectec/X-ARM_VisualServoing/ros2_ws/install/xarm_controller:/home/fectec/X-ARM_VisualServoing/ros2_ws/install/xarm_api:/home/fectec/X-ARM_VisualServoing/ros2_ws/install/realsense_gazebo_plugin:/home/fectec/X-ARM_VisualServoing/ros2_ws/install/mbot_demo:/home/fectec/uros_ws/install/micro_ros_setup:/home/fectec/uros_ws/install/micro_ros_agent:/home/fectec/uros_ws/install/micro_ros_msgs:/home/fectec/X-ARM_VisualServoing/ros2_ws/install/uf_ros_lib:/opt/ros/humble LD_LIBRARY_PATH=/home/fectec/X-ARM_VisualServoing/ros2_ws/install/xarm_sdk/lib:/home/fectec/X-ARM_VisualServoing/ros2_ws/install/xarm_msgs/lib:/home/fectec/X-ARM_VisualServoing/ros2_ws/install/xarm_planner/lib:/home/fectec/X-ARM_VisualServoing/ros2_ws/install/xarm_moveit_servo/lib:/home/fectec/X-ARM_VisualServoing/ros2_ws/install/xarm_gazebo/lib:/home/fectec/X-ARM_VisualServoing/ros2_ws/install/xarm_controller/lib:/home/fectec/X-ARM_VisualServoing/ros2_ws/install/xarm_api/lib:/home/fectec/X-ARM_VisualServoing/ros2_ws/install/realsense_gazebo_plugin/lib:/home/fectec/uros_ws/install/micro_ros_agent/lib:/home/fectec/uros_ws/install/micro_ros_msgs/lib:/usr/lib/x86_64-linux-gnu/gazebo-11/plugins:/opt/ros/humble/opt/rviz_ogre_vendor/lib:/opt/ros/humble/lib/x86_64-linux-gnu:/opt/ros/humble/lib /usr/bin/cmake --install /home/fectec/X-ARM_VisualServoing/ros2_ws/build/xarm_api
[0.278s] -- Install configuration: ""
[0.278s] -- Up-to-date: /home/fectec/X-ARM_VisualServoing/ros2_ws/install/xarm_api/share/xarm_api/environment/library_path.sh
[0.278s] -- Up-to-date: /home/fectec/X-ARM_VisualServoing/ros2_ws/install/xarm_api/share/xarm_api/environment/library_path.dsv
[0.279s] -- Up-to-date: /home/fectec/X-ARM_VisualServoing/ros2_ws/install/xarm_api/include
[0.279s] -- Up-to-date: /home/fectec/X-ARM_VisualServoing/ros2_ws/install/xarm_api/include/xarm_api
[0.279s] -- Up-to-date: /home/fectec/X-ARM_VisualServoing/ros2_ws/install/xarm_api/include/xarm_api/visibility_control.h
[0.279s] -- Up-to-date: /home/fectec/X-ARM_VisualServoing/ros2_ws/install/xarm_api/include/xarm_api/xarm_ros_client.h
[0.279s] -- Up-to-date: /home/fectec/X-ARM_VisualServoing/ros2_ws/install/xarm_api/include/xarm_api/xarm_driver.h
[0.279s] -- Up-to-date: /home/fectec/X-ARM_VisualServoing/ros2_ws/install/xarm_api/include/xarm_api/xarm_msgs.h
[0.280s] -- Up-to-date: /home/fectec/X-ARM_VisualServoing/ros2_ws/install/xarm_api/lib/libxarm_ros_driver.so
[0.280s] -- Up-to-date: /home/fectec/X-ARM_VisualServoing/ros2_ws/install/xarm_api/lib/libxarm_ros_client.so
[0.282s] -- Up-to-date: /home/fectec/X-ARM_VisualServoing/ros2_ws/install/xarm_api/lib/xarm_api/xarm_driver_node
[0.282s] -- Up-to-date: /home/fectec/X-ARM_VisualServoing/ros2_ws/install/xarm_api/lib/xarm_api/test_xarm_ros_client
[0.283s] -- Up-to-date: /home/fectec/X-ARM_VisualServoing/ros2_ws/install/xarm_api/lib/xarm_api/test_xarm_velo_move
[0.284s] -- Up-to-date: /home/fectec/X-ARM_VisualServoing/ros2_ws/install/xarm_api/lib/xarm_api/test_robot_states
[0.284s] -- Up-to-date: /home/fectec/X-ARM_VisualServoing/ros2_ws/install/xarm_api/share/xarm_api//launch
[0.285s] -- Up-to-date: /home/fectec/X-ARM_VisualServoing/ros2_ws/install/xarm_api/share/xarm_api//launch/xarm7_driver.launch.py
[0.285s] -- Up-to-date: /home/fectec/X-ARM_VisualServoing/ros2_ws/install/xarm_api/share/xarm_api//launch/lib
[0.285s] -- Up-to-date: /home/fectec/X-ARM_VisualServoing/ros2_ws/install/xarm_api/share/xarm_api//launch/lib/robot_api_lib.py
[0.285s] -- Up-to-date: /home/fectec/X-ARM_VisualServoing/ros2_ws/install/xarm_api/share/xarm_api//launch/lite6_driver.launch.py
[0.285s] -- Up-to-date: /home/fectec/X-ARM_VisualServoing/ros2_ws/install/xarm_api/share/xarm_api//launch/_robot_driver.launch.py
[0.285s] -- Up-to-date: /home/fectec/X-ARM_VisualServoing/ros2_ws/install/xarm_api/share/xarm_api//launch/xarm5_driver.launch.py
[0.286s] -- Up-to-date: /home/fectec/X-ARM_VisualServoing/ros2_ws/install/xarm_api/share/xarm_api//launch/xarm6_driver.launch.py
[0.286s] -- Up-to-date: /home/fectec/X-ARM_VisualServoing/ros2_ws/install/xarm_api/share/xarm_api//launch/uf850_driver.launch.py
[0.286s] -- Up-to-date: /home/fectec/X-ARM_VisualServoing/ros2_ws/install/xarm_api/share/xarm_api//config
[0.286s] -- Up-to-date: /home/fectec/X-ARM_VisualServoing/ros2_ws/install/xarm_api/share/xarm_api//config/xarm_params.yaml
[0.286s] -- Up-to-date: /home/fectec/X-ARM_VisualServoing/ros2_ws/install/xarm_api/share/ament_index/resource_index/package_run_dependencies/xarm_api
[0.286s] -- Up-to-date: /home/fectec/X-ARM_VisualServoing/ros2_ws/install/xarm_api/share/ament_index/resource_index/parent_prefix_path/xarm_api
[0.286s] -- Up-to-date: /home/fectec/X-ARM_VisualServoing/ros2_ws/install/xarm_api/share/xarm_api/environment/ament_prefix_path.sh
[0.286s] -- Up-to-date: /home/fectec/X-ARM_VisualServoing/ros2_ws/install/xarm_api/share/xarm_api/environment/ament_prefix_path.dsv
[0.287s] -- Up-to-date: /home/fectec/X-ARM_VisualServoing/ros2_ws/install/xarm_api/share/xarm_api/environment/path.sh
[0.287s] -- Up-to-date: /home/fectec/X-ARM_VisualServoing/ros2_ws/install/xarm_api/share/xarm_api/environment/path.dsv
[0.287s] -- Up-to-date: /home/fectec/X-ARM_VisualServoing/ros2_ws/install/xarm_api/share/xarm_api/local_setup.bash
[0.287s] -- Up-to-date: /home/fectec/X-ARM_VisualServoing/ros2_ws/install/xarm_api/share/xarm_api/local_setup.sh
[0.287s] -- Up-to-date: /home/fectec/X-ARM_VisualServoing/ros2_ws/install/xarm_api/share/xarm_api/local_setup.zsh
[0.287s] -- Up-to-date: /home/fectec/X-ARM_VisualServoing/ros2_ws/install/xarm_api/share/xarm_api/local_setup.dsv
[0.287s] -- Installing: /home/fectec/X-ARM_VisualServoing/ros2_ws/install/xarm_api/share/xarm_api/package.dsv
[0.287s] -- Up-to-date: /home/fectec/X-ARM_VisualServoing/ros2_ws/install/xarm_api/share/ament_index/resource_index/packages/xarm_api
[0.287s] -- Up-to-date: /home/fectec/X-ARM_VisualServoing/ros2_ws/install/xarm_api/share/xarm_api/cmake/ament_cmake_export_libraries-extras.cmake
[0.288s] -- Up-to-date: /home/fectec/X-ARM_VisualServoing/ros2_ws/install/xarm_api/share/xarm_api/cmake/ament_cmake_export_include_directories-extras.cmake
[0.288s] -- Up-to-date: /home/fectec/X-ARM_VisualServoing/ros2_ws/install/xarm_api/share/xarm_api/cmake/xarm_apiConfig.cmake
[0.288s] -- Up-to-date: /home/fectec/X-ARM_VisualServoing/ros2_ws/install/xarm_api/share/xarm_api/cmake/xarm_apiConfig-version.cmake
[0.288s] -- Up-to-date: /home/fectec/X-ARM_VisualServoing/ros2_ws/install/xarm_api/share/xarm_api/package.xml
[0.291s] Invoked command in '/home/fectec/X-ARM_VisualServoing/ros2_ws/build/xarm_api' returned '0': CMAKE_PREFIX_PATH=/home/fectec/X-ARM_VisualServoing/ros2_ws/install/xarm_sdk:/home/fectec/X-ARM_VisualServoing/ros2_ws/install/xarm_msgs:/home/fectec/X-ARM_VisualServoing/ros2_ws/install/xarm_description:/home/fectec/X-ARM_VisualServoing/ros2_ws/install/xarm_planner:/home/fectec/X-ARM_VisualServoing/ros2_ws/install/xarm_moveit_servo:/home/fectec/X-ARM_VisualServoing/ros2_ws/install/xarm_moveit_config:/home/fectec/X-ARM_VisualServoing/ros2_ws/install/xarm_gazebo:/home/fectec/X-ARM_VisualServoing/ros2_ws/install/xarm_controller:/home/fectec/X-ARM_VisualServoing/ros2_ws/install/xarm_api:/home/fectec/X-ARM_VisualServoing/ros2_ws/install/realsense_gazebo_plugin:/home/fectec/X-ARM_VisualServoing/ros2_ws/install/mbot_demo:/home/fectec/uros_ws/install/micro_ros_setup:/home/fectec/uros_ws/install/micro_ros_agent:/home/fectec/uros_ws/install/micro_ros_msgs:/home/fectec/X-ARM_VisualServoing/ros2_ws/install/uf_ros_lib:/opt/ros/humble LD_LIBRARY_PATH=/home/fectec/X-ARM_VisualServoing/ros2_ws/install/xarm_sdk/lib:/home/fectec/X-ARM_VisualServoing/ros2_ws/install/xarm_msgs/lib:/home/fectec/X-ARM_VisualServoing/ros2_ws/install/xarm_planner/lib:/home/fectec/X-ARM_VisualServoing/ros2_ws/install/xarm_moveit_servo/lib:/home/fectec/X-ARM_VisualServoing/ros2_ws/install/xarm_gazebo/lib:/home/fectec/X-ARM_VisualServoing/ros2_ws/install/xarm_controller/lib:/home/fectec/X-ARM_VisualServoing/ros2_ws/install/xarm_api/lib:/home/fectec/X-ARM_VisualServoing/ros2_ws/install/realsense_gazebo_plugin/lib:/home/fectec/uros_ws/install/micro_ros_agent/lib:/home/fectec/uros_ws/install/micro_ros_msgs/lib:/usr/lib/x86_64-linux-gnu/gazebo-11/plugins:/opt/ros/humble/opt/rviz_ogre_vendor/lib:/opt/ros/humble/lib/x86_64-linux-gnu:/opt/ros/humble/lib /usr/bin/cmake --install /home/fectec/X-ARM_VisualServoing/ros2_ws/build/xarm_api
