[0.024s] Invoking command in '/home/fectec/X-ARM_VisualServoing/ros2_ws/build/xarm_api': AMENT_PREFIX_PATH=/home/fectec/X-ARM_VisualServoing/ros2_ws/install/xarm_sdk:/home/fectec/X-ARM_VisualServoing/ros2_ws/install/xarm_msgs:/home/fectec/X-ARM_VisualServoing/ros2_ws/install/xarm_description:${AMENT_PREFIX_PATH} CMAKE_PREFIX_PATH=/home/fectec/X-ARM_VisualServoing/ros2_ws/install/xarm_sdk:/home/fectec/X-ARM_VisualServoing/ros2_ws/install/xarm_msgs:/home/fectec/X-ARM_VisualServoing/ros2_ws/install/xarm_description:/home/fectec/uros_ws/install/micro_ros_setup:/home/fectec/uros_ws/install/micro_ros_agent:/home/fectec/uros_ws/install/micro_ros_msgs:/opt/ros/humble LD_LIBRARY_PATH=/home/fectec/X-ARM_VisualServoing/ros2_ws/install/xarm_sdk/lib:/home/fectec/X-ARM_VisualServoing/ros2_ws/install/xarm_msgs/lib:${LD_LIBRARY_PATH} PYTHONPATH=/home/fectec/X-ARM_VisualServoing/ros2_ws/install/xarm_msgs/local/lib/python3.10/dist-packages:${PYTHONPATH} /usr/bin/cmake --build /home/fectec/X-ARM_VisualServoing/ros2_ws/build/xarm_api -- -j12 -l12
[0.106s] [35m[1mConsolidate compiler generated dependencies of target xarm_ros_driver[0m
[0.108s] [35m[1mConsolidate compiler generated dependencies of target xarm_ros_client[0m
[0.108s] [35m[1mConsolidate compiler generated dependencies of target test_robot_states[0m
[0.138s] [ 15%] Built target xarm_ros_client
[0.138s] [ 30%] Built target test_robot_states
[0.166s] [35m[1mConsolidate compiler generated dependencies of target test_xarm_ros_client[0m
[0.168s] [35m[1mConsolidate compiler generated dependencies of target test_xarm_velo_move[0m
[0.169s] [ 53%] Built target xarm_ros_driver
[0.191s] [35m[1mConsolidate compiler generated dependencies of target xarm_driver_node[0m
[0.201s] [ 69%] Built target test_xarm_ros_client
[0.201s] [ 84%] Built target test_xarm_velo_move
[0.224s] [100%] Built target xarm_driver_node
[0.239s] Invoked command in '/home/fectec/X-ARM_VisualServoing/ros2_ws/build/xarm_api' returned '0': AMENT_PREFIX_PATH=/home/fectec/X-ARM_VisualServoing/ros2_ws/install/xarm_sdk:/home/fectec/X-ARM_VisualServoing/ros2_ws/install/xarm_msgs:/home/fectec/X-ARM_VisualServoing/ros2_ws/install/xarm_description:${AMENT_PREFIX_PATH} CMAKE_PREFIX_PATH=/home/fectec/X-ARM_VisualServoing/ros2_ws/install/xarm_sdk:/home/fectec/X-ARM_VisualServoing/ros2_ws/install/xarm_msgs:/home/fectec/X-ARM_VisualServoing/ros2_ws/install/xarm_description:/home/fectec/uros_ws/install/micro_ros_setup:/home/fectec/uros_ws/install/micro_ros_agent:/home/fectec/uros_ws/install/micro_ros_msgs:/opt/ros/humble LD_LIBRARY_PATH=/home/fectec/X-ARM_VisualServoing/ros2_ws/install/xarm_sdk/lib:/home/fectec/X-ARM_VisualServoing/ros2_ws/install/xarm_msgs/lib:${LD_LIBRARY_PATH} PYTHONPATH=/home/fectec/X-ARM_VisualServoing/ros2_ws/install/xarm_msgs/local/lib/python3.10/dist-packages:${PYTHONPATH} /usr/bin/cmake --build /home/fectec/X-ARM_VisualServoing/ros2_ws/build/xarm_api -- -j12 -l12
[0.243s] Invoking command in '/home/fectec/X-ARM_VisualServoing/ros2_ws/build/xarm_api': AMENT_PREFIX_PATH=/home/fectec/X-ARM_VisualServoing/ros2_ws/install/xarm_sdk:/home/fectec/X-ARM_VisualServoing/ros2_ws/install/xarm_msgs:/home/fectec/X-ARM_VisualServoing/ros2_ws/install/xarm_description:${AMENT_PREFIX_PATH} CMAKE_PREFIX_PATH=/home/fectec/X-ARM_VisualServoing/ros2_ws/install/xarm_sdk:/home/fectec/X-ARM_VisualServoing/ros2_ws/install/xarm_msgs:/home/fectec/X-ARM_VisualServoing/ros2_ws/install/xarm_description:/home/fectec/uros_ws/install/micro_ros_setup:/home/fectec/uros_ws/install/micro_ros_agent:/home/fectec/uros_ws/install/micro_ros_msgs:/opt/ros/humble LD_LIBRARY_PATH=/home/fectec/X-ARM_VisualServoing/ros2_ws/install/xarm_sdk/lib:/home/fectec/X-ARM_VisualServoing/ros2_ws/install/xarm_msgs/lib:${LD_LIBRARY_PATH} PYTHONPATH=/home/fectec/X-ARM_VisualServoing/ros2_ws/install/xarm_msgs/local/lib/python3.10/dist-packages:${PYTHONPATH} /usr/bin/cmake --install /home/fectec/X-ARM_VisualServoing/ros2_ws/build/xarm_api
[0.253s] -- Install configuration: ""
[0.254s] -- Up-to-date: /home/fectec/X-ARM_VisualServoing/ros2_ws/install/xarm_api/share/xarm_api/environment/library_path.sh
[0.254s] -- Up-to-date: /home/fectec/X-ARM_VisualServoing/ros2_ws/install/xarm_api/share/xarm_api/environment/library_path.dsv
[0.254s] -- Up-to-date: /home/fectec/X-ARM_VisualServoing/ros2_ws/install/xarm_api/include
[0.255s] -- Up-to-date: /home/fectec/X-ARM_VisualServoing/ros2_ws/install/xarm_api/include/xarm_api
[0.255s] -- Up-to-date: /home/fectec/X-ARM_VisualServoing/ros2_ws/install/xarm_api/include/xarm_api/visibility_control.h
[0.255s] -- Up-to-date: /home/fectec/X-ARM_VisualServoing/ros2_ws/install/xarm_api/include/xarm_api/xarm_ros_client.h
[0.255s] -- Up-to-date: /home/fectec/X-ARM_VisualServoing/ros2_ws/install/xarm_api/include/xarm_api/xarm_driver.h
[0.255s] -- Up-to-date: /home/fectec/X-ARM_VisualServoing/ros2_ws/install/xarm_api/include/xarm_api/xarm_msgs.h
[0.257s] -- Up-to-date: /home/fectec/X-ARM_VisualServoing/ros2_ws/install/xarm_api/lib/libxarm_ros_driver.so
[0.259s] -- Up-to-date: /home/fectec/X-ARM_VisualServoing/ros2_ws/install/xarm_api/lib/libxarm_ros_client.so
[0.262s] -- Up-to-date: /home/fectec/X-ARM_VisualServoing/ros2_ws/install/xarm_api/lib/xarm_api/xarm_driver_node
[0.263s] -- Up-to-date: /home/fectec/X-ARM_VisualServoing/ros2_ws/install/xarm_api/lib/xarm_api/test_xarm_ros_client
[0.265s] -- Up-to-date: /home/fectec/X-ARM_VisualServoing/ros2_ws/install/xarm_api/lib/xarm_api/test_xarm_velo_move
[0.266s] -- Up-to-date: /home/fectec/X-ARM_VisualServoing/ros2_ws/install/xarm_api/lib/xarm_api/test_robot_states
[0.266s] -- Up-to-date: /home/fectec/X-ARM_VisualServoing/ros2_ws/install/xarm_api/share/xarm_api//launch
[0.266s] -- Up-to-date: /home/fectec/X-ARM_VisualServoing/ros2_ws/install/xarm_api/share/xarm_api//launch/xarm7_driver.launch.py
[0.267s] -- Up-to-date: /home/fectec/X-ARM_VisualServoing/ros2_ws/install/xarm_api/share/xarm_api//launch/lib
[0.267s] -- Up-to-date: /home/fectec/X-ARM_VisualServoing/ros2_ws/install/xarm_api/share/xarm_api//launch/lib/robot_api_lib.py
[0.267s] -- Up-to-date: /home/fectec/X-ARM_VisualServoing/ros2_ws/install/xarm_api/share/xarm_api//launch/lite6_driver.launch.py
[0.267s] -- Up-to-date: /home/fectec/X-ARM_VisualServoing/ros2_ws/install/xarm_api/share/xarm_api//launch/_robot_driver.launch.py
[0.268s] -- Up-to-date: /home/fectec/X-ARM_VisualServoing/ros2_ws/install/xarm_api/share/xarm_api//launch/xarm5_driver.launch.py
[0.268s] -- Up-to-date: /home/fectec/X-ARM_VisualServoing/ros2_ws/install/xarm_api/share/xarm_api//launch/xarm6_driver.launch.py
[0.268s] -- Up-to-date: /home/fectec/X-ARM_VisualServoing/ros2_ws/install/xarm_api/share/xarm_api//launch/uf850_driver.launch.py
[0.268s] -- Up-to-date: /home/fectec/X-ARM_VisualServoing/ros2_ws/install/xarm_api/share/xarm_api//config
[0.268s] -- Up-to-date: /home/fectec/X-ARM_VisualServoing/ros2_ws/install/xarm_api/share/xarm_api//config/xarm_params.yaml
[0.268s] -- Up-to-date: /home/fectec/X-ARM_VisualServoing/ros2_ws/install/xarm_api/share/ament_index/resource_index/package_run_dependencies/xarm_api
[0.269s] -- Up-to-date: /home/fectec/X-ARM_VisualServoing/ros2_ws/install/xarm_api/share/ament_index/resource_index/parent_prefix_path/xarm_api
[0.269s] -- Up-to-date: /home/fectec/X-ARM_VisualServoing/ros2_ws/install/xarm_api/share/xarm_api/environment/ament_prefix_path.sh
[0.269s] -- Up-to-date: /home/fectec/X-ARM_VisualServoing/ros2_ws/install/xarm_api/share/xarm_api/environment/ament_prefix_path.dsv
[0.269s] -- Up-to-date: /home/fectec/X-ARM_VisualServoing/ros2_ws/install/xarm_api/share/xarm_api/environment/path.sh
[0.269s] -- Up-to-date: /home/fectec/X-ARM_VisualServoing/ros2_ws/install/xarm_api/share/xarm_api/environment/path.dsv
[0.269s] -- Up-to-date: /home/fectec/X-ARM_VisualServoing/ros2_ws/install/xarm_api/share/xarm_api/local_setup.bash
[0.269s] -- Up-to-date: /home/fectec/X-ARM_VisualServoing/ros2_ws/install/xarm_api/share/xarm_api/local_setup.sh
[0.269s] -- Up-to-date: /home/fectec/X-ARM_VisualServoing/ros2_ws/install/xarm_api/share/xarm_api/local_setup.zsh
[0.270s] -- Up-to-date: /home/fectec/X-ARM_VisualServoing/ros2_ws/install/xarm_api/share/xarm_api/local_setup.dsv
[0.270s] -- Installing: /home/fectec/X-ARM_VisualServoing/ros2_ws/install/xarm_api/share/xarm_api/package.dsv
[0.270s] -- Up-to-date: /home/fectec/X-ARM_VisualServoing/ros2_ws/install/xarm_api/share/ament_index/resource_index/packages/xarm_api
[0.270s] -- Up-to-date: /home/fectec/X-ARM_VisualServoing/ros2_ws/install/xarm_api/share/xarm_api/cmake/ament_cmake_export_libraries-extras.cmake
[0.270s] -- Up-to-date: /home/fectec/X-ARM_VisualServoing/ros2_ws/install/xarm_api/share/xarm_api/cmake/ament_cmake_export_include_directories-extras.cmake
[0.270s] -- Up-to-date: /home/fectec/X-ARM_VisualServoing/ros2_ws/install/xarm_api/share/xarm_api/cmake/xarm_apiConfig.cmake
[0.270s] -- Up-to-date: /home/fectec/X-ARM_VisualServoing/ros2_ws/install/xarm_api/share/xarm_api/cmake/xarm_apiConfig-version.cmake
[0.271s] -- Up-to-date: /home/fectec/X-ARM_VisualServoing/ros2_ws/install/xarm_api/share/xarm_api/package.xml
[0.274s] Invoked command in '/home/fectec/X-ARM_VisualServoing/ros2_ws/build/xarm_api' returned '0': AMENT_PREFIX_PATH=/home/fectec/X-ARM_VisualServoing/ros2_ws/install/xarm_sdk:/home/fectec/X-ARM_VisualServoing/ros2_ws/install/xarm_msgs:/home/fectec/X-ARM_VisualServoing/ros2_ws/install/xarm_description:${AMENT_PREFIX_PATH} CMAKE_PREFIX_PATH=/home/fectec/X-ARM_VisualServoing/ros2_ws/install/xarm_sdk:/home/fectec/X-ARM_VisualServoing/ros2_ws/install/xarm_msgs:/home/fectec/X-ARM_VisualServoing/ros2_ws/install/xarm_description:/home/fectec/uros_ws/install/micro_ros_setup:/home/fectec/uros_ws/install/micro_ros_agent:/home/fectec/uros_ws/install/micro_ros_msgs:/opt/ros/humble LD_LIBRARY_PATH=/home/fectec/X-ARM_VisualServoing/ros2_ws/install/xarm_sdk/lib:/home/fectec/X-ARM_VisualServoing/ros2_ws/install/xarm_msgs/lib:${LD_LIBRARY_PATH} PYTHONPATH=/home/fectec/X-ARM_VisualServoing/ros2_ws/install/xarm_msgs/local/lib/python3.10/dist-packages:${PYTHONPATH} /usr/bin/cmake --install /home/fectec/X-ARM_VisualServoing/ros2_ws/build/xarm_api
